#! /usr/bin/vvp
:ivl_version "11.0 (stable)";
:ivl_delay_selection "TYPICAL";
:vpi_time_precision - 9;
:vpi_module "/usr/lib/x86_64-linux-gnu/ivl/system.vpi";
:vpi_module "/usr/lib/x86_64-linux-gnu/ivl/vhdl_sys.vpi";
:vpi_module "/usr/lib/x86_64-linux-gnu/ivl/vhdl_textio.vpi";
:vpi_module "/usr/lib/x86_64-linux-gnu/ivl/v2005_math.vpi";
:vpi_module "/usr/lib/x86_64-linux-gnu/ivl/va_math.vpi";
S_0x5af521417ea0 .scope module, "sc_final_tb" "sc_final_tb" 2 3;
 .timescale -9 -9;
v0x5af5214b05c0_0 .var "clk", 0 0;
v0x5af5214b0680_0 .var/i "cycles", 31 0;
v0x5af5214b0760_0 .var/i "i", 31 0;
v0x5af5214b0820_0 .var "imem_file", 1023 0;
v0x5af5214b0900_0 .net "reg_data", 31 0, L_0x5af5214c3e60;  1 drivers
v0x5af5214b0a10_0 .var "reg_sel", 4 0;
v0x5af5214b0ad0_0 .var "rstn", 0 0;
S_0x5af52140d200 .scope module, "dut" "sccomp" 2 13, 3 2 0, S_0x5af521417ea0;
 .timescale -9 -9;
    .port_info 0 /INPUT 1 "clk";
    .port_info 1 /INPUT 1 "rstn";
    .port_info 2 /INPUT 5 "reg_sel";
    .port_info 3 /OUTPUT 32 "reg_data";
L_0x5af5214b0b70 .functor BUFZ 1, v0x5af5214b0ad0_0, C4<0>, C4<0>, C4<0>;
v0x5af5214afb30_0 .net "MemWrite", 0 0, v0x5af5214ac400_0;  1 drivers
v0x5af5214afbd0_0 .net "PC", 31 0, v0x5af5214a80a0_0;  1 drivers
v0x5af5214afc90_0 .net "clk", 0 0, v0x5af5214b05c0_0;  1 drivers
v0x5af5214afd60_0 .net "dm_addr", 31 0, L_0x5af5214b0c90;  1 drivers
v0x5af5214afe00_0 .net "dm_din", 31 0, L_0x5af5214b0f60;  1 drivers
v0x5af5214aff60_0 .net "dm_dout", 31 0, v0x5af5214a6830_0;  1 drivers
v0x5af5214b0070_0 .net "instr", 31 0, L_0x5af5214c4cd0;  1 drivers
v0x5af5214b0180_0 .net "reg_data", 31 0, L_0x5af5214c3e60;  alias, 1 drivers
v0x5af5214b0290_0 .net "reg_sel", 4 0, v0x5af5214b0a10_0;  1 drivers
v0x5af5214b03e0_0 .net "reset", 0 0, L_0x5af5214b0b70;  1 drivers
v0x5af5214b0480_0 .net "rstn", 0 0, v0x5af5214b0ad0_0;  1 drivers
L_0x5af5214c4d90 .part v0x5af5214a80a0_0, 2, 30;
S_0x5af521418260 .scope module, "U_DM" "dm" 3 30, 4 3 0, S_0x5af52140d200;
 .timescale -9 -9;
    .port_info 0 /INPUT 1 "clk";
    .port_info 1 /INPUT 1 "DMWr";
    .port_info 2 /INPUT 32 "addr";
    .port_info 3 /INPUT 32 "din";
    .port_info 4 /OUTPUT 32 "dout";
v0x5af52143c510_0 .net "DMWr", 0 0, v0x5af5214ac400_0;  alias, 1 drivers
v0x5af52148d980_0 .net "addr", 31 0, L_0x5af5214b0c90;  alias, 1 drivers
v0x5af52147a4e0_0 .net "clk", 0 0, v0x5af5214b05c0_0;  alias, 1 drivers
v0x5af52147a580_0 .net "din", 31 0, L_0x5af5214b0f60;  alias, 1 drivers
v0x5af5214a5720 .array "dmem", 0 127, 31 0;
v0x5af5214a6830_0 .var "dout", 31 0;
v0x5af5214a5720_0 .array/port v0x5af5214a5720, 0;
v0x5af5214a5720_1 .array/port v0x5af5214a5720, 1;
v0x5af5214a5720_2 .array/port v0x5af5214a5720, 2;
E_0x5af5214394d0/0 .event edge, v0x5af52148d980_0, v0x5af5214a5720_0, v0x5af5214a5720_1, v0x5af5214a5720_2;
v0x5af5214a5720_3 .array/port v0x5af5214a5720, 3;
v0x5af5214a5720_4 .array/port v0x5af5214a5720, 4;
v0x5af5214a5720_5 .array/port v0x5af5214a5720, 5;
v0x5af5214a5720_6 .array/port v0x5af5214a5720, 6;
E_0x5af5214394d0/1 .event edge, v0x5af5214a5720_3, v0x5af5214a5720_4, v0x5af5214a5720_5, v0x5af5214a5720_6;
v0x5af5214a5720_7 .array/port v0x5af5214a5720, 7;
v0x5af5214a5720_8 .array/port v0x5af5214a5720, 8;
v0x5af5214a5720_9 .array/port v0x5af5214a5720, 9;
v0x5af5214a5720_10 .array/port v0x5af5214a5720, 10;
E_0x5af5214394d0/2 .event edge, v0x5af5214a5720_7, v0x5af5214a5720_8, v0x5af5214a5720_9, v0x5af5214a5720_10;
v0x5af5214a5720_11 .array/port v0x5af5214a5720, 11;
v0x5af5214a5720_12 .array/port v0x5af5214a5720, 12;
v0x5af5214a5720_13 .array/port v0x5af5214a5720, 13;
v0x5af5214a5720_14 .array/port v0x5af5214a5720, 14;
E_0x5af5214394d0/3 .event edge, v0x5af5214a5720_11, v0x5af5214a5720_12, v0x5af5214a5720_13, v0x5af5214a5720_14;
v0x5af5214a5720_15 .array/port v0x5af5214a5720, 15;
v0x5af5214a5720_16 .array/port v0x5af5214a5720, 16;
v0x5af5214a5720_17 .array/port v0x5af5214a5720, 17;
v0x5af5214a5720_18 .array/port v0x5af5214a5720, 18;
E_0x5af5214394d0/4 .event edge, v0x5af5214a5720_15, v0x5af5214a5720_16, v0x5af5214a5720_17, v0x5af5214a5720_18;
v0x5af5214a5720_19 .array/port v0x5af5214a5720, 19;
v0x5af5214a5720_20 .array/port v0x5af5214a5720, 20;
v0x5af5214a5720_21 .array/port v0x5af5214a5720, 21;
v0x5af5214a5720_22 .array/port v0x5af5214a5720, 22;
E_0x5af5214394d0/5 .event edge, v0x5af5214a5720_19, v0x5af5214a5720_20, v0x5af5214a5720_21, v0x5af5214a5720_22;
v0x5af5214a5720_23 .array/port v0x5af5214a5720, 23;
v0x5af5214a5720_24 .array/port v0x5af5214a5720, 24;
v0x5af5214a5720_25 .array/port v0x5af5214a5720, 25;
v0x5af5214a5720_26 .array/port v0x5af5214a5720, 26;
E_0x5af5214394d0/6 .event edge, v0x5af5214a5720_23, v0x5af5214a5720_24, v0x5af5214a5720_25, v0x5af5214a5720_26;
v0x5af5214a5720_27 .array/port v0x5af5214a5720, 27;
v0x5af5214a5720_28 .array/port v0x5af5214a5720, 28;
v0x5af5214a5720_29 .array/port v0x5af5214a5720, 29;
v0x5af5214a5720_30 .array/port v0x5af5214a5720, 30;
E_0x5af5214394d0/7 .event edge, v0x5af5214a5720_27, v0x5af5214a5720_28, v0x5af5214a5720_29, v0x5af5214a5720_30;
v0x5af5214a5720_31 .array/port v0x5af5214a5720, 31;
v0x5af5214a5720_32 .array/port v0x5af5214a5720, 32;
v0x5af5214a5720_33 .array/port v0x5af5214a5720, 33;
v0x5af5214a5720_34 .array/port v0x5af5214a5720, 34;
E_0x5af5214394d0/8 .event edge, v0x5af5214a5720_31, v0x5af5214a5720_32, v0x5af5214a5720_33, v0x5af5214a5720_34;
v0x5af5214a5720_35 .array/port v0x5af5214a5720, 35;
v0x5af5214a5720_36 .array/port v0x5af5214a5720, 36;
v0x5af5214a5720_37 .array/port v0x5af5214a5720, 37;
v0x5af5214a5720_38 .array/port v0x5af5214a5720, 38;
E_0x5af5214394d0/9 .event edge, v0x5af5214a5720_35, v0x5af5214a5720_36, v0x5af5214a5720_37, v0x5af5214a5720_38;
v0x5af5214a5720_39 .array/port v0x5af5214a5720, 39;
v0x5af5214a5720_40 .array/port v0x5af5214a5720, 40;
v0x5af5214a5720_41 .array/port v0x5af5214a5720, 41;
v0x5af5214a5720_42 .array/port v0x5af5214a5720, 42;
E_0x5af5214394d0/10 .event edge, v0x5af5214a5720_39, v0x5af5214a5720_40, v0x5af5214a5720_41, v0x5af5214a5720_42;
v0x5af5214a5720_43 .array/port v0x5af5214a5720, 43;
v0x5af5214a5720_44 .array/port v0x5af5214a5720, 44;
v0x5af5214a5720_45 .array/port v0x5af5214a5720, 45;
v0x5af5214a5720_46 .array/port v0x5af5214a5720, 46;
E_0x5af5214394d0/11 .event edge, v0x5af5214a5720_43, v0x5af5214a5720_44, v0x5af5214a5720_45, v0x5af5214a5720_46;
v0x5af5214a5720_47 .array/port v0x5af5214a5720, 47;
v0x5af5214a5720_48 .array/port v0x5af5214a5720, 48;
v0x5af5214a5720_49 .array/port v0x5af5214a5720, 49;
v0x5af5214a5720_50 .array/port v0x5af5214a5720, 50;
E_0x5af5214394d0/12 .event edge, v0x5af5214a5720_47, v0x5af5214a5720_48, v0x5af5214a5720_49, v0x5af5214a5720_50;
v0x5af5214a5720_51 .array/port v0x5af5214a5720, 51;
v0x5af5214a5720_52 .array/port v0x5af5214a5720, 52;
v0x5af5214a5720_53 .array/port v0x5af5214a5720, 53;
v0x5af5214a5720_54 .array/port v0x5af5214a5720, 54;
E_0x5af5214394d0/13 .event edge, v0x5af5214a5720_51, v0x5af5214a5720_52, v0x5af5214a5720_53, v0x5af5214a5720_54;
v0x5af5214a5720_55 .array/port v0x5af5214a5720, 55;
v0x5af5214a5720_56 .array/port v0x5af5214a5720, 56;
v0x5af5214a5720_57 .array/port v0x5af5214a5720, 57;
v0x5af5214a5720_58 .array/port v0x5af5214a5720, 58;
E_0x5af5214394d0/14 .event edge, v0x5af5214a5720_55, v0x5af5214a5720_56, v0x5af5214a5720_57, v0x5af5214a5720_58;
v0x5af5214a5720_59 .array/port v0x5af5214a5720, 59;
v0x5af5214a5720_60 .array/port v0x5af5214a5720, 60;
v0x5af5214a5720_61 .array/port v0x5af5214a5720, 61;
v0x5af5214a5720_62 .array/port v0x5af5214a5720, 62;
E_0x5af5214394d0/15 .event edge, v0x5af5214a5720_59, v0x5af5214a5720_60, v0x5af5214a5720_61, v0x5af5214a5720_62;
v0x5af5214a5720_63 .array/port v0x5af5214a5720, 63;
v0x5af5214a5720_64 .array/port v0x5af5214a5720, 64;
v0x5af5214a5720_65 .array/port v0x5af5214a5720, 65;
v0x5af5214a5720_66 .array/port v0x5af5214a5720, 66;
E_0x5af5214394d0/16 .event edge, v0x5af5214a5720_63, v0x5af5214a5720_64, v0x5af5214a5720_65, v0x5af5214a5720_66;
v0x5af5214a5720_67 .array/port v0x5af5214a5720, 67;
v0x5af5214a5720_68 .array/port v0x5af5214a5720, 68;
v0x5af5214a5720_69 .array/port v0x5af5214a5720, 69;
v0x5af5214a5720_70 .array/port v0x5af5214a5720, 70;
E_0x5af5214394d0/17 .event edge, v0x5af5214a5720_67, v0x5af5214a5720_68, v0x5af5214a5720_69, v0x5af5214a5720_70;
v0x5af5214a5720_71 .array/port v0x5af5214a5720, 71;
v0x5af5214a5720_72 .array/port v0x5af5214a5720, 72;
v0x5af5214a5720_73 .array/port v0x5af5214a5720, 73;
v0x5af5214a5720_74 .array/port v0x5af5214a5720, 74;
E_0x5af5214394d0/18 .event edge, v0x5af5214a5720_71, v0x5af5214a5720_72, v0x5af5214a5720_73, v0x5af5214a5720_74;
v0x5af5214a5720_75 .array/port v0x5af5214a5720, 75;
v0x5af5214a5720_76 .array/port v0x5af5214a5720, 76;
v0x5af5214a5720_77 .array/port v0x5af5214a5720, 77;
v0x5af5214a5720_78 .array/port v0x5af5214a5720, 78;
E_0x5af5214394d0/19 .event edge, v0x5af5214a5720_75, v0x5af5214a5720_76, v0x5af5214a5720_77, v0x5af5214a5720_78;
v0x5af5214a5720_79 .array/port v0x5af5214a5720, 79;
v0x5af5214a5720_80 .array/port v0x5af5214a5720, 80;
v0x5af5214a5720_81 .array/port v0x5af5214a5720, 81;
v0x5af5214a5720_82 .array/port v0x5af5214a5720, 82;
E_0x5af5214394d0/20 .event edge, v0x5af5214a5720_79, v0x5af5214a5720_80, v0x5af5214a5720_81, v0x5af5214a5720_82;
v0x5af5214a5720_83 .array/port v0x5af5214a5720, 83;
v0x5af5214a5720_84 .array/port v0x5af5214a5720, 84;
v0x5af5214a5720_85 .array/port v0x5af5214a5720, 85;
v0x5af5214a5720_86 .array/port v0x5af5214a5720, 86;
E_0x5af5214394d0/21 .event edge, v0x5af5214a5720_83, v0x5af5214a5720_84, v0x5af5214a5720_85, v0x5af5214a5720_86;
v0x5af5214a5720_87 .array/port v0x5af5214a5720, 87;
v0x5af5214a5720_88 .array/port v0x5af5214a5720, 88;
v0x5af5214a5720_89 .array/port v0x5af5214a5720, 89;
v0x5af5214a5720_90 .array/port v0x5af5214a5720, 90;
E_0x5af5214394d0/22 .event edge, v0x5af5214a5720_87, v0x5af5214a5720_88, v0x5af5214a5720_89, v0x5af5214a5720_90;
v0x5af5214a5720_91 .array/port v0x5af5214a5720, 91;
v0x5af5214a5720_92 .array/port v0x5af5214a5720, 92;
v0x5af5214a5720_93 .array/port v0x5af5214a5720, 93;
v0x5af5214a5720_94 .array/port v0x5af5214a5720, 94;
E_0x5af5214394d0/23 .event edge, v0x5af5214a5720_91, v0x5af5214a5720_92, v0x5af5214a5720_93, v0x5af5214a5720_94;
v0x5af5214a5720_95 .array/port v0x5af5214a5720, 95;
v0x5af5214a5720_96 .array/port v0x5af5214a5720, 96;
v0x5af5214a5720_97 .array/port v0x5af5214a5720, 97;
v0x5af5214a5720_98 .array/port v0x5af5214a5720, 98;
E_0x5af5214394d0/24 .event edge, v0x5af5214a5720_95, v0x5af5214a5720_96, v0x5af5214a5720_97, v0x5af5214a5720_98;
v0x5af5214a5720_99 .array/port v0x5af5214a5720, 99;
v0x5af5214a5720_100 .array/port v0x5af5214a5720, 100;
v0x5af5214a5720_101 .array/port v0x5af5214a5720, 101;
v0x5af5214a5720_102 .array/port v0x5af5214a5720, 102;
E_0x5af5214394d0/25 .event edge, v0x5af5214a5720_99, v0x5af5214a5720_100, v0x5af5214a5720_101, v0x5af5214a5720_102;
v0x5af5214a5720_103 .array/port v0x5af5214a5720, 103;
v0x5af5214a5720_104 .array/port v0x5af5214a5720, 104;
v0x5af5214a5720_105 .array/port v0x5af5214a5720, 105;
v0x5af5214a5720_106 .array/port v0x5af5214a5720, 106;
E_0x5af5214394d0/26 .event edge, v0x5af5214a5720_103, v0x5af5214a5720_104, v0x5af5214a5720_105, v0x5af5214a5720_106;
v0x5af5214a5720_107 .array/port v0x5af5214a5720, 107;
v0x5af5214a5720_108 .array/port v0x5af5214a5720, 108;
v0x5af5214a5720_109 .array/port v0x5af5214a5720, 109;
v0x5af5214a5720_110 .array/port v0x5af5214a5720, 110;
E_0x5af5214394d0/27 .event edge, v0x5af5214a5720_107, v0x5af5214a5720_108, v0x5af5214a5720_109, v0x5af5214a5720_110;
v0x5af5214a5720_111 .array/port v0x5af5214a5720, 111;
v0x5af5214a5720_112 .array/port v0x5af5214a5720, 112;
v0x5af5214a5720_113 .array/port v0x5af5214a5720, 113;
v0x5af5214a5720_114 .array/port v0x5af5214a5720, 114;
E_0x5af5214394d0/28 .event edge, v0x5af5214a5720_111, v0x5af5214a5720_112, v0x5af5214a5720_113, v0x5af5214a5720_114;
v0x5af5214a5720_115 .array/port v0x5af5214a5720, 115;
v0x5af5214a5720_116 .array/port v0x5af5214a5720, 116;
v0x5af5214a5720_117 .array/port v0x5af5214a5720, 117;
v0x5af5214a5720_118 .array/port v0x5af5214a5720, 118;
E_0x5af5214394d0/29 .event edge, v0x5af5214a5720_115, v0x5af5214a5720_116, v0x5af5214a5720_117, v0x5af5214a5720_118;
v0x5af5214a5720_119 .array/port v0x5af5214a5720, 119;
v0x5af5214a5720_120 .array/port v0x5af5214a5720, 120;
v0x5af5214a5720_121 .array/port v0x5af5214a5720, 121;
v0x5af5214a5720_122 .array/port v0x5af5214a5720, 122;
E_0x5af5214394d0/30 .event edge, v0x5af5214a5720_119, v0x5af5214a5720_120, v0x5af5214a5720_121, v0x5af5214a5720_122;
v0x5af5214a5720_123 .array/port v0x5af5214a5720, 123;
v0x5af5214a5720_124 .array/port v0x5af5214a5720, 124;
v0x5af5214a5720_125 .array/port v0x5af5214a5720, 125;
v0x5af5214a5720_126 .array/port v0x5af5214a5720, 126;
E_0x5af5214394d0/31 .event edge, v0x5af5214a5720_123, v0x5af5214a5720_124, v0x5af5214a5720_125, v0x5af5214a5720_126;
v0x5af5214a5720_127 .array/port v0x5af5214a5720, 127;
E_0x5af5214394d0/32 .event edge, v0x5af5214a5720_127;
E_0x5af5214394d0 .event/or E_0x5af5214394d0/0, E_0x5af5214394d0/1, E_0x5af5214394d0/2, E_0x5af5214394d0/3, E_0x5af5214394d0/4, E_0x5af5214394d0/5, E_0x5af5214394d0/6, E_0x5af5214394d0/7, E_0x5af5214394d0/8, E_0x5af5214394d0/9, E_0x5af5214394d0/10, E_0x5af5214394d0/11, E_0x5af5214394d0/12, E_0x5af5214394d0/13, E_0x5af5214394d0/14, E_0x5af5214394d0/15, E_0x5af5214394d0/16, E_0x5af5214394d0/17, E_0x5af5214394d0/18, E_0x5af5214394d0/19, E_0x5af5214394d0/20, E_0x5af5214394d0/21, E_0x5af5214394d0/22, E_0x5af5214394d0/23, E_0x5af5214394d0/24, E_0x5af5214394d0/25, E_0x5af5214394d0/26, E_0x5af5214394d0/27, E_0x5af5214394d0/28, E_0x5af5214394d0/29, E_0x5af5214394d0/30, E_0x5af5214394d0/31, E_0x5af5214394d0/32;
E_0x5af521406b10 .event posedge, v0x5af52147a4e0_0;
S_0x5af521418b30 .scope module, "U_SCCPU" "SCCPU" 3 16, 5 2 0, S_0x5af52140d200;
 .timescale -9 -9;
    .port_info 0 /INPUT 1 "clk";
    .port_info 1 /INPUT 1 "reset";
    .port_info 2 /INPUT 32 "inst_in";
    .port_info 3 /INPUT 32 "Data_in";
    .port_info 4 /OUTPUT 1 "mem_w";
    .port_info 5 /OUTPUT 32 "PC_out";
    .port_info 6 /OUTPUT 32 "Addr_out";
    .port_info 7 /OUTPUT 32 "Data_out";
    .port_info 8 /INPUT 5 "reg_sel";
    .port_info 9 /OUTPUT 32 "reg_data";
L_0x5af5214b0c90 .functor BUFZ 32, v0x5af5214aaba0_0, C4<00000000000000000000000000000000>, C4<00000000000000000000000000000000>, C4<00000000000000000000000000000000>;
L_0x5af5214b0f60 .functor BUFZ 32, L_0x5af5214c3790, C4<00000000000000000000000000000000>, C4<00000000000000000000000000000000>, C4<00000000000000000000000000000000>;
v0x5af5214aca30_0 .net "ALUOp", 4 0, v0x5af5214abfc0_0;  1 drivers
v0x5af5214acb10_0 .net "ALUSrc", 0 0, v0x5af5214ac0a0_0;  1 drivers
v0x5af5214acbd0_0 .net "Addr_out", 31 0, L_0x5af5214b0c90;  alias, 1 drivers
v0x5af5214accd0_0 .net "B", 31 0, L_0x5af5214b0d90;  1 drivers
v0x5af5214acda0_0 .net "Data_in", 31 0, v0x5af5214a6830_0;  alias, 1 drivers
v0x5af5214ace90_0 .net "Data_out", 31 0, L_0x5af5214b0f60;  alias, 1 drivers
v0x5af5214acf60_0 .net "EXTOp", 5 0, v0x5af5214ac140_0;  1 drivers
v0x5af5214ad050_0 .net "Funct3", 2 0, L_0x5af5214b24f0;  1 drivers
v0x5af5214ad0f0_0 .net "Funct7", 6 0, L_0x5af5214b2150;  1 drivers
v0x5af5214ad1c0_0 .net "IMM", 19 0, L_0x5af5214b2a20;  1 drivers
v0x5af5214ad260_0 .net "Imm12", 11 0, L_0x5af5214b2980;  1 drivers
v0x5af5214ad340_0 .net "NPC", 31 0, v0x5af5214a7730_0;  1 drivers
v0x5af5214ad400_0 .net "NPCOp", 2 0, v0x5af5214ac4a0_0;  1 drivers
v0x5af5214ad510_0 .net "Op", 6 0, L_0x5af5214b2060;  1 drivers
v0x5af5214ad5d0_0 .net "PC_out", 31 0, v0x5af5214a80a0_0;  alias, 1 drivers
v0x5af5214ad6c0_0 .net "RD1", 31 0, L_0x5af5214c3050;  1 drivers
v0x5af5214ad780_0 .net "RD2", 31 0, L_0x5af5214c3790;  1 drivers
v0x5af5214ad950_0 .net "RegWrite", 0 0, v0x5af5214ac630_0;  1 drivers
v0x5af5214ada40_0 .var "WD", 31 0;
v0x5af5214adae0_0 .net "WDSel", 1 0, v0x5af5214ac700_0;  1 drivers
v0x5af5214adb80_0 .net "Zero", 0 0, L_0x5af5214c4a50;  1 drivers
v0x5af5214adc70_0 .net *"_ivl_11", 4 0, L_0x5af5214b1210;  1 drivers
v0x5af5214add30_0 .net *"_ivl_17", 0 0, L_0x5af5214b1520;  1 drivers
v0x5af5214ade10_0 .net *"_ivl_19", 0 0, L_0x5af5214b15c0;  1 drivers
v0x5af5214adef0_0 .net *"_ivl_21", 5 0, L_0x5af5214b16b0;  1 drivers
v0x5af5214adfd0_0 .net *"_ivl_23", 3 0, L_0x5af5214b1750;  1 drivers
v0x5af5214ae0b0_0 .net *"_ivl_27", 0 0, L_0x5af5214b1a30;  1 drivers
v0x5af5214ae190_0 .net *"_ivl_29", 7 0, L_0x5af5214b1b40;  1 drivers
v0x5af5214ae270_0 .net *"_ivl_31", 0 0, L_0x5af5214b1be0;  1 drivers
v0x5af5214ae350_0 .net *"_ivl_33", 9 0, L_0x5af5214b1d00;  1 drivers
v0x5af5214ae430_0 .net *"_ivl_9", 6 0, L_0x5af5214b10e0;  1 drivers
v0x5af5214ae510_0 .net "aluout", 31 0, v0x5af5214aaba0_0;  1 drivers
v0x5af5214ae5d0_0 .net "bimm", 11 0, L_0x5af5214b1850;  1 drivers
v0x5af5214ae8b0_0 .net "clk", 0 0, v0x5af5214b05c0_0;  alias, 1 drivers
v0x5af5214ae950_0 .net "iimm", 11 0, L_0x5af5214b0ff0;  1 drivers
v0x5af5214aea20_0 .net "immout", 31 0, v0x5af5214a6f70_0;  1 drivers
v0x5af5214aeb10_0 .net "inst_in", 31 0, L_0x5af5214c4cd0;  alias, 1 drivers
v0x5af5214aebf0_0 .net "jimm", 19 0, L_0x5af5214b1da0;  1 drivers
v0x5af5214aecb0_0 .net "mem_w", 0 0, v0x5af5214ac400_0;  alias, 1 drivers
v0x5af5214aeda0_0 .net "rd", 4 0, L_0x5af5214b27d0;  1 drivers
v0x5af5214aee40_0 .net "reg_data", 31 0, L_0x5af5214c3e60;  alias, 1 drivers
v0x5af5214aef10_0 .net "reg_sel", 4 0, v0x5af5214b0a10_0;  alias, 1 drivers
v0x5af5214aefe0_0 .net "reset", 0 0, L_0x5af5214b0b70;  alias, 1 drivers
v0x5af5214af0d0_0 .net "rs1", 4 0, L_0x5af5214b25e0;  1 drivers
v0x5af5214af170_0 .net "rs2", 4 0, L_0x5af5214b2450;  1 drivers
v0x5af5214af240_0 .net "simm", 11 0, L_0x5af5214b12b0;  1 drivers
v0x5af5214af310_0 .net "uimm", 19 0, L_0x5af5214b13f0;  1 drivers
E_0x5af52148f7c0 .event edge, v0x5af5214ac700_0, v0x5af5214aaba0_0, v0x5af5214a6830_0, v0x5af5214a78b0_0;
L_0x5af5214b0d90 .functor MUXZ 32, L_0x5af5214c3790, v0x5af5214a6f70_0, v0x5af5214ac0a0_0, C4<>;
L_0x5af5214b0ff0 .part L_0x5af5214c4cd0, 20, 12;
L_0x5af5214b10e0 .part L_0x5af5214c4cd0, 25, 7;
L_0x5af5214b1210 .part L_0x5af5214c4cd0, 7, 5;
L_0x5af5214b12b0 .concat [ 5 7 0 0], L_0x5af5214b1210, L_0x5af5214b10e0;
L_0x5af5214b13f0 .part L_0x5af5214c4cd0, 12, 20;
L_0x5af5214b1520 .part L_0x5af5214c4cd0, 31, 1;
L_0x5af5214b15c0 .part L_0x5af5214c4cd0, 7, 1;
L_0x5af5214b16b0 .part L_0x5af5214c4cd0, 25, 6;
L_0x5af5214b1750 .part L_0x5af5214c4cd0, 8, 4;
L_0x5af5214b1850 .concat [ 4 6 1 1], L_0x5af5214b1750, L_0x5af5214b16b0, L_0x5af5214b15c0, L_0x5af5214b1520;
L_0x5af5214b1a30 .part L_0x5af5214c4cd0, 31, 1;
L_0x5af5214b1b40 .part L_0x5af5214c4cd0, 12, 8;
L_0x5af5214b1be0 .part L_0x5af5214c4cd0, 20, 1;
L_0x5af5214b1d00 .part L_0x5af5214c4cd0, 21, 10;
L_0x5af5214b1da0 .concat [ 10 1 8 1], L_0x5af5214b1d00, L_0x5af5214b1be0, L_0x5af5214b1b40, L_0x5af5214b1a30;
L_0x5af5214b2060 .part L_0x5af5214c4cd0, 0, 7;
L_0x5af5214b2150 .part L_0x5af5214c4cd0, 25, 7;
L_0x5af5214b24f0 .part L_0x5af5214c4cd0, 12, 3;
L_0x5af5214b25e0 .part L_0x5af5214c4cd0, 15, 5;
L_0x5af5214b2450 .part L_0x5af5214c4cd0, 20, 5;
L_0x5af5214b27d0 .part L_0x5af5214c4cd0, 7, 5;
L_0x5af5214b2980 .part L_0x5af5214c4cd0, 20, 12;
L_0x5af5214b2a20 .part L_0x5af5214c4cd0, 12, 20;
S_0x5af52140f0f0 .scope module, "U_EXT" "EXT" 5 81, 6 2 0, S_0x5af521418b30;
 .timescale -9 -9;
    .port_info 0 /INPUT 12 "iimm";
    .port_info 1 /INPUT 12 "simm";
    .port_info 2 /INPUT 12 "bimm";
    .port_info 3 /INPUT 20 "uimm";
    .port_info 4 /INPUT 20 "jimm";
    .port_info 5 /INPUT 6 "EXTOp";
    .port_info 6 /OUTPUT 32 "immout";
v0x5af5214a6cd0_0 .net "EXTOp", 5 0, v0x5af5214ac140_0;  alias, 1 drivers
v0x5af5214a6dd0_0 .net "bimm", 11 0, L_0x5af5214b1850;  alias, 1 drivers
v0x5af5214a6eb0_0 .net "iimm", 11 0, L_0x5af5214b0ff0;  alias, 1 drivers
v0x5af5214a6f70_0 .var "immout", 31 0;
v0x5af5214a7050_0 .net "jimm", 19 0, L_0x5af5214b1da0;  alias, 1 drivers
v0x5af5214a7180_0 .net "simm", 11 0, L_0x5af5214b12b0;  alias, 1 drivers
v0x5af5214a7260_0 .net "uimm", 19 0, L_0x5af5214b13f0;  alias, 1 drivers
E_0x5af52148eb90/0 .event edge, v0x5af5214a6cd0_0, v0x5af5214a6eb0_0, v0x5af5214a7180_0, v0x5af5214a6dd0_0;
E_0x5af52148eb90/1 .event edge, v0x5af5214a7260_0, v0x5af5214a7050_0;
E_0x5af52148eb90 .event/or E_0x5af52148eb90/0, E_0x5af52148eb90/1;
S_0x5af5214a7420 .scope module, "U_NPC" "NPC" 5 79, 7 3 0, S_0x5af521418b30;
 .timescale -9 -9;
    .port_info 0 /INPUT 32 "PC";
    .port_info 1 /INPUT 3 "NPCOp";
    .port_info 2 /INPUT 32 "IMM";
    .port_info 3 /INPUT 32 "RS1";
    .port_info 4 /OUTPUT 32 "NPC";
v0x5af5214a7650_0 .net "IMM", 31 0, v0x5af5214a6f70_0;  alias, 1 drivers
v0x5af5214a7730_0 .var "NPC", 31 0;
v0x5af5214a77f0_0 .net "NPCOp", 2 0, v0x5af5214ac4a0_0;  alias, 1 drivers
v0x5af5214a78b0_0 .net "PC", 31 0, v0x5af5214a80a0_0;  alias, 1 drivers
v0x5af5214a7990_0 .net "PCPLUS4", 31 0, L_0x5af5214c2ba0;  1 drivers
v0x5af5214a7ac0_0 .net "RS1", 31 0, L_0x5af5214c3050;  alias, 1 drivers
L_0x71b7e5e3d018 .functor BUFT 1, C4<00000000000000000000000000000100>, C4<0>, C4<0>, C4<0>;
v0x5af5214a7ba0_0 .net/2u *"_ivl_0", 31 0, L_0x71b7e5e3d018;  1 drivers
E_0x5af52148ead0/0 .event edge, v0x5af5214a77f0_0, v0x5af5214a7990_0, v0x5af5214a78b0_0, v0x5af5214a6f70_0;
E_0x5af52148ead0/1 .event edge, v0x5af5214a7ac0_0;
E_0x5af52148ead0 .event/or E_0x5af52148ead0/0, E_0x5af52148ead0/1;
L_0x5af5214c2ba0 .arith/sum 32, v0x5af5214a80a0_0, L_0x71b7e5e3d018;
S_0x5af5214a7d20 .scope module, "U_PC" "PC" 5 77, 8 1 0, S_0x5af521418b30;
 .timescale -9 -9;
    .port_info 0 /INPUT 1 "clk";
    .port_info 1 /INPUT 1 "rst";
    .port_info 2 /INPUT 32 "NPC";
    .port_info 3 /OUTPUT 32 "PC";
v0x5af5214a7f90_0 .net "NPC", 31 0, v0x5af5214a7730_0;  alias, 1 drivers
v0x5af5214a80a0_0 .var "PC", 31 0;
v0x5af5214a8170_0 .net "clk", 0 0, v0x5af5214b05c0_0;  alias, 1 drivers
v0x5af5214a8270_0 .net "rst", 0 0, L_0x5af5214b0b70;  alias, 1 drivers
E_0x5af5214a7f30 .event posedge, v0x5af5214a8270_0, v0x5af52147a4e0_0;
S_0x5af5214a8380 .scope module, "U_RF" "RF" 5 86, 9 1 0, S_0x5af521418b30;
 .timescale -9 -9;
    .port_info 0 /INPUT 1 "clk";
    .port_info 1 /INPUT 1 "rst";
    .port_info 2 /INPUT 1 "RFWr";
    .port_info 3 /INPUT 5 "A1";
    .port_info 4 /INPUT 5 "A2";
    .port_info 5 /INPUT 5 "A3";
    .port_info 6 /INPUT 32 "WD";
    .port_info 7 /OUTPUT 32 "RD1";
    .port_info 8 /OUTPUT 32 "RD2";
    .port_info 9 /INPUT 5 "reg_sel";
    .port_info 10 /OUTPUT 32 "reg_data";
v0x5af5214a8560_0 .net "A1", 4 0, L_0x5af5214b25e0;  alias, 1 drivers
v0x5af5214a8660_0 .net "A2", 4 0, L_0x5af5214b2450;  alias, 1 drivers
v0x5af5214a8740_0 .net "A3", 4 0, L_0x5af5214b27d0;  alias, 1 drivers
v0x5af5214a8800_0 .net "RD1", 31 0, L_0x5af5214c3050;  alias, 1 drivers
v0x5af5214a88f0_0 .net "RD2", 31 0, L_0x5af5214c3790;  alias, 1 drivers
v0x5af5214a8a00_0 .net "RFWr", 0 0, v0x5af5214ac630_0;  alias, 1 drivers
v0x5af5214a8ac0_0 .net "WD", 31 0, v0x5af5214ada40_0;  1 drivers
v0x5af5214a8ba0_0 .net *"_ivl_0", 31 0, L_0x5af5214c2c40;  1 drivers
v0x5af5214a8c80_0 .net *"_ivl_10", 6 0, L_0x5af5214c2f10;  1 drivers
L_0x71b7e5e3d0f0 .functor BUFT 1, C4<00>, C4<0>, C4<0>, C4<0>;
v0x5af5214a8d60_0 .net *"_ivl_13", 1 0, L_0x71b7e5e3d0f0;  1 drivers
L_0x71b7e5e3d138 .functor BUFT 1, C4<00000000000000000000000000000000>, C4<0>, C4<0>, C4<0>;
v0x5af5214a8e40_0 .net/2u *"_ivl_14", 31 0, L_0x71b7e5e3d138;  1 drivers
v0x5af5214a8f20_0 .net *"_ivl_18", 31 0, L_0x5af5214c3220;  1 drivers
L_0x71b7e5e3d180 .functor BUFT 1, C4<000000000000000000000000000>, C4<0>, C4<0>, C4<0>;
v0x5af5214a9000_0 .net *"_ivl_21", 26 0, L_0x71b7e5e3d180;  1 drivers
L_0x71b7e5e3d1c8 .functor BUFT 1, C4<00000000000000000000000000000000>, C4<0>, C4<0>, C4<0>;
v0x5af5214a90e0_0 .net/2u *"_ivl_22", 31 0, L_0x71b7e5e3d1c8;  1 drivers
v0x5af5214a91c0_0 .net *"_ivl_24", 0 0, L_0x5af5214c3350;  1 drivers
v0x5af5214a9280_0 .net *"_ivl_26", 31 0, L_0x5af5214c3490;  1 drivers
v0x5af5214a9360_0 .net *"_ivl_28", 6 0, L_0x5af5214c3580;  1 drivers
L_0x71b7e5e3d060 .functor BUFT 1, C4<000000000000000000000000000>, C4<0>, C4<0>, C4<0>;
v0x5af5214a9440_0 .net *"_ivl_3", 26 0, L_0x71b7e5e3d060;  1 drivers
L_0x71b7e5e3d210 .functor BUFT 1, C4<00>, C4<0>, C4<0>, C4<0>;
v0x5af5214a9520_0 .net *"_ivl_31", 1 0, L_0x71b7e5e3d210;  1 drivers
L_0x71b7e5e3d258 .functor BUFT 1, C4<00000000000000000000000000000000>, C4<0>, C4<0>, C4<0>;
v0x5af5214a9600_0 .net/2u *"_ivl_32", 31 0, L_0x71b7e5e3d258;  1 drivers
v0x5af5214a96e0_0 .net *"_ivl_36", 31 0, L_0x5af5214c3920;  1 drivers
L_0x71b7e5e3d2a0 .functor BUFT 1, C4<000000000000000000000000000>, C4<0>, C4<0>, C4<0>;
v0x5af5214a97c0_0 .net *"_ivl_39", 26 0, L_0x71b7e5e3d2a0;  1 drivers
L_0x71b7e5e3d0a8 .functor BUFT 1, C4<00000000000000000000000000000000>, C4<0>, C4<0>, C4<0>;
v0x5af5214a98a0_0 .net/2u *"_ivl_4", 31 0, L_0x71b7e5e3d0a8;  1 drivers
L_0x71b7e5e3d2e8 .functor BUFT 1, C4<00000000000000000000000000000000>, C4<0>, C4<0>, C4<0>;
v0x5af5214a9980_0 .net/2u *"_ivl_40", 31 0, L_0x71b7e5e3d2e8;  1 drivers
v0x5af5214a9a60_0 .net *"_ivl_42", 0 0, L_0x5af5214c3a50;  1 drivers
v0x5af5214a9b20_0 .net *"_ivl_44", 31 0, L_0x5af5214c3c00;  1 drivers
v0x5af5214a9c00_0 .net *"_ivl_46", 6 0, L_0x5af5214c3ca0;  1 drivers
L_0x71b7e5e3d330 .functor BUFT 1, C4<00>, C4<0>, C4<0>, C4<0>;
v0x5af5214a9ce0_0 .net *"_ivl_49", 1 0, L_0x71b7e5e3d330;  1 drivers
L_0x71b7e5e3d378 .functor BUFT 1, C4<00000000000000000000000000000000>, C4<0>, C4<0>, C4<0>;
v0x5af5214a9dc0_0 .net/2u *"_ivl_50", 31 0, L_0x71b7e5e3d378;  1 drivers
v0x5af5214a9ea0_0 .net *"_ivl_6", 0 0, L_0x5af5214c2d30;  1 drivers
v0x5af5214a9f60_0 .net *"_ivl_8", 31 0, L_0x5af5214c2e70;  1 drivers
v0x5af5214aa040_0 .net "clk", 0 0, v0x5af5214b05c0_0;  alias, 1 drivers
v0x5af5214aa0e0_0 .var/i "i", 31 0;
v0x5af5214aa1c0_0 .net "reg_data", 31 0, L_0x5af5214c3e60;  alias, 1 drivers
v0x5af5214aa2a0_0 .net "reg_sel", 4 0, v0x5af5214b0a10_0;  alias, 1 drivers
v0x5af5214aa380 .array "rf", 0 31, 31 0;
v0x5af5214aa440_0 .net "rst", 0 0, L_0x5af5214b0b70;  alias, 1 drivers
L_0x5af5214c2c40 .concat [ 5 27 0 0], L_0x5af5214b25e0, L_0x71b7e5e3d060;
L_0x5af5214c2d30 .cmp/ne 32, L_0x5af5214c2c40, L_0x71b7e5e3d0a8;
L_0x5af5214c2e70 .array/port v0x5af5214aa380, L_0x5af5214c2f10;
L_0x5af5214c2f10 .concat [ 5 2 0 0], L_0x5af5214b25e0, L_0x71b7e5e3d0f0;
L_0x5af5214c3050 .functor MUXZ 32, L_0x71b7e5e3d138, L_0x5af5214c2e70, L_0x5af5214c2d30, C4<>;
L_0x5af5214c3220 .concat [ 5 27 0 0], L_0x5af5214b2450, L_0x71b7e5e3d180;
L_0x5af5214c3350 .cmp/ne 32, L_0x5af5214c3220, L_0x71b7e5e3d1c8;
L_0x5af5214c3490 .array/port v0x5af5214aa380, L_0x5af5214c3580;
L_0x5af5214c3580 .concat [ 5 2 0 0], L_0x5af5214b2450, L_0x71b7e5e3d210;
L_0x5af5214c3790 .functor MUXZ 32, L_0x71b7e5e3d258, L_0x5af5214c3490, L_0x5af5214c3350, C4<>;
L_0x5af5214c3920 .concat [ 5 27 0 0], v0x5af5214b0a10_0, L_0x71b7e5e3d2a0;
L_0x5af5214c3a50 .cmp/ne 32, L_0x5af5214c3920, L_0x71b7e5e3d2e8;
L_0x5af5214c3c00 .array/port v0x5af5214aa380, L_0x5af5214c3ca0;
L_0x5af5214c3ca0 .concat [ 5 2 0 0], v0x5af5214b0a10_0, L_0x71b7e5e3d330;
L_0x5af5214c3e60 .functor MUXZ 32, L_0x71b7e5e3d378, L_0x5af5214c3c00, L_0x5af5214c3a50, C4<>;
S_0x5af5214aa620 .scope module, "U_alu" "alu" 5 96, 10 3 0, S_0x5af521418b30;
 .timescale -9 -9;
    .port_info 0 /INPUT 32 "A";
    .port_info 1 /INPUT 32 "B";
    .port_info 2 /INPUT 5 "ALUOp";
    .port_info 3 /OUTPUT 32 "C";
    .port_info 4 /OUTPUT 1 "Zero";
L_0x5af5214c3b90 .functor OR 1, L_0x5af5214c4030, L_0x5af5214c4120, C4<0>, C4<0>;
L_0x5af5214b1ad0 .functor OR 1, L_0x5af5214c3b90, L_0x5af5214c42f0, C4<0>, C4<0>;
L_0x5af5214c4570 .functor OR 1, L_0x5af5214b1ad0, L_0x5af5214c4480, C4<0>, C4<0>;
L_0x5af5214c4770 .functor OR 1, L_0x5af5214c4570, L_0x5af5214c4680, C4<0>, C4<0>;
v0x5af5214aa8d0_0 .net/s "A", 31 0, L_0x5af5214c3050;  alias, 1 drivers
v0x5af5214aaa00_0 .net "ALUOp", 4 0, v0x5af5214abfc0_0;  alias, 1 drivers
v0x5af5214aaae0_0 .net/s "B", 31 0, L_0x5af5214b0d90;  alias, 1 drivers
v0x5af5214aaba0_0 .var "C", 31 0;
v0x5af5214aac80_0 .net "Zero", 0 0, L_0x5af5214c4a50;  alias, 1 drivers
L_0x71b7e5e3d3c0 .functor BUFT 1, C4<00101>, C4<0>, C4<0>, C4<0>;
v0x5af5214aad90_0 .net/2u *"_ivl_0", 4 0, L_0x71b7e5e3d3c0;  1 drivers
L_0x71b7e5e3d450 .functor BUFT 1, C4<00111>, C4<0>, C4<0>, C4<0>;
v0x5af5214aae70_0 .net/2u *"_ivl_10", 4 0, L_0x71b7e5e3d450;  1 drivers
v0x5af5214aaf50_0 .net *"_ivl_12", 0 0, L_0x5af5214c42f0;  1 drivers
v0x5af5214ab010_0 .net *"_ivl_15", 0 0, L_0x5af5214b1ad0;  1 drivers
L_0x71b7e5e3d498 .functor BUFT 1, C4<01000>, C4<0>, C4<0>, C4<0>;
v0x5af5214ab0d0_0 .net/2u *"_ivl_16", 4 0, L_0x71b7e5e3d498;  1 drivers
v0x5af5214ab1b0_0 .net *"_ivl_18", 0 0, L_0x5af5214c4480;  1 drivers
v0x5af5214ab270_0 .net *"_ivl_2", 0 0, L_0x5af5214c4030;  1 drivers
v0x5af5214ab330_0 .net *"_ivl_21", 0 0, L_0x5af5214c4570;  1 drivers
L_0x71b7e5e3d4e0 .functor BUFT 1, C4<01001>, C4<0>, C4<0>, C4<0>;
v0x5af5214ab3f0_0 .net/2u *"_ivl_22", 4 0, L_0x71b7e5e3d4e0;  1 drivers
v0x5af5214ab4d0_0 .net *"_ivl_24", 0 0, L_0x5af5214c4680;  1 drivers
v0x5af5214ab590_0 .net *"_ivl_27", 0 0, L_0x5af5214c4770;  1 drivers
L_0x71b7e5e3d528 .functor BUFT 1, C4<00000000000000000000000000000000>, C4<0>, C4<0>, C4<0>;
v0x5af5214ab650_0 .net/2u *"_ivl_28", 31 0, L_0x71b7e5e3d528;  1 drivers
v0x5af5214ab730_0 .net *"_ivl_30", 0 0, L_0x5af5214c4880;  1 drivers
L_0x71b7e5e3d570 .functor BUFT 1, C4<00000000000000000000000000000000>, C4<0>, C4<0>, C4<0>;
v0x5af5214ab7f0_0 .net/2u *"_ivl_32", 31 0, L_0x71b7e5e3d570;  1 drivers
v0x5af5214ab8d0_0 .net *"_ivl_34", 0 0, L_0x5af5214c49b0;  1 drivers
L_0x71b7e5e3d408 .functor BUFT 1, C4<00110>, C4<0>, C4<0>, C4<0>;
v0x5af5214ab990_0 .net/2u *"_ivl_4", 4 0, L_0x71b7e5e3d408;  1 drivers
v0x5af5214aba70_0 .net *"_ivl_6", 0 0, L_0x5af5214c4120;  1 drivers
v0x5af5214abb30_0 .net *"_ivl_9", 0 0, L_0x5af5214c3b90;  1 drivers
E_0x5af5214aa850 .event edge, v0x5af5214aaa00_0, v0x5af5214aaae0_0, v0x5af5214a7ac0_0;
L_0x5af5214c4030 .cmp/eq 5, v0x5af5214abfc0_0, L_0x71b7e5e3d3c0;
L_0x5af5214c4120 .cmp/eq 5, v0x5af5214abfc0_0, L_0x71b7e5e3d408;
L_0x5af5214c42f0 .cmp/eq 5, v0x5af5214abfc0_0, L_0x71b7e5e3d450;
L_0x5af5214c4480 .cmp/eq 5, v0x5af5214abfc0_0, L_0x71b7e5e3d498;
L_0x5af5214c4680 .cmp/eq 5, v0x5af5214abfc0_0, L_0x71b7e5e3d4e0;
L_0x5af5214c4880 .cmp/ne 32, v0x5af5214aaba0_0, L_0x71b7e5e3d528;
L_0x5af5214c49b0 .cmp/eq 32, v0x5af5214aaba0_0, L_0x71b7e5e3d570;
L_0x5af5214c4a50 .functor MUXZ 1, L_0x5af5214c49b0, L_0x5af5214c4880, L_0x5af5214c4770, C4<>;
S_0x5af5214abc90 .scope module, "U_ctrl" "ctrl" 5 70, 11 3 0, S_0x5af521418b30;
 .timescale -9 -9;
    .port_info 0 /INPUT 7 "Op";
    .port_info 1 /INPUT 7 "Funct7";
    .port_info 2 /INPUT 3 "Funct3";
    .port_info 3 /INPUT 1 "Zero";
    .port_info 4 /OUTPUT 1 "RegWrite";
    .port_info 5 /OUTPUT 1 "MemWrite";
    .port_info 6 /OUTPUT 6 "EXTOp";
    .port_info 7 /OUTPUT 5 "ALUOp";
    .port_info 8 /OUTPUT 3 "NPCOp";
    .port_info 9 /OUTPUT 1 "ALUSrc";
    .port_info 10 /OUTPUT 2 "WDSel";
v0x5af5214abfc0_0 .var "ALUOp", 4 0;
v0x5af5214ac0a0_0 .var "ALUSrc", 0 0;
v0x5af5214ac140_0 .var "EXTOp", 5 0;
v0x5af5214ac210_0 .net "Funct3", 2 0, L_0x5af5214b24f0;  alias, 1 drivers
v0x5af5214ac2d0_0 .net "Funct7", 6 0, L_0x5af5214b2150;  alias, 1 drivers
v0x5af5214ac400_0 .var "MemWrite", 0 0;
v0x5af5214ac4a0_0 .var "NPCOp", 2 0;
v0x5af5214ac570_0 .net "Op", 6 0, L_0x5af5214b2060;  alias, 1 drivers
v0x5af5214ac630_0 .var "RegWrite", 0 0;
v0x5af5214ac700_0 .var "WDSel", 1 0;
v0x5af5214ac7c0_0 .net "Zero", 0 0, L_0x5af5214c4a50;  alias, 1 drivers
E_0x5af5214abf30 .event edge, v0x5af5214ac570_0, v0x5af5214ac2d0_0, v0x5af5214ac210_0, v0x5af5214aac80_0;
S_0x5af5214af500 .scope module, "U_imem" "im" 3 39, 12 2 0, S_0x5af52140d200;
 .timescale -9 -9;
    .port_info 0 /INPUT 30 "addr";
    .port_info 1 /OUTPUT 32 "dout";
L_0x5af5214c4cd0 .functor BUFZ 32, L_0x5af5214c4c30, C4<00000000000000000000000000000000>, C4<00000000000000000000000000000000>, C4<00000000000000000000000000000000>;
v0x5af5214af750 .array "RAM", 0 127, 31 0;
v0x5af5214af830_0 .net *"_ivl_0", 31 0, L_0x5af5214c4c30;  1 drivers
v0x5af5214af910_0 .net "addr", 31 2, L_0x5af5214c4d90;  1 drivers
v0x5af5214afa00_0 .net "dout", 31 0, L_0x5af5214c4cd0;  alias, 1 drivers
L_0x5af5214c4c30 .array/port v0x5af5214af750, L_0x5af5214c4d90;
    .scope S_0x5af5214abc90;
T_0 ;
    %wait E_0x5af5214abf30;
    %pushi/vec4 0, 0, 1;
    %store/vec4 v0x5af5214ac630_0, 0, 1;
    %pushi/vec4 0, 0, 1;
    %store/vec4 v0x5af5214ac400_0, 0, 1;
    %pushi/vec4 0, 0, 6;
    %store/vec4 v0x5af5214ac140_0, 0, 6;
    %pushi/vec4 0, 0, 5;
    %store/vec4 v0x5af5214abfc0_0, 0, 5;
    %pushi/vec4 0, 0, 3;
    %store/vec4 v0x5af5214ac4a0_0, 0, 3;
    %pushi/vec4 0, 0, 1;
    %store/vec4 v0x5af5214ac0a0_0, 0, 1;
    %pushi/vec4 0, 0, 2;
    %store/vec4 v0x5af5214ac700_0, 0, 2;
    %load/vec4 v0x5af5214ac570_0;
    %dup/vec4;
    %pushi/vec4 55, 0, 7;
    %cmp/u;
    %jmp/1 T_0.0, 6;
    %dup/vec4;
    %pushi/vec4 51, 0, 7;
    %cmp/u;
    %jmp/1 T_0.1, 6;
    %dup/vec4;
    %pushi/vec4 19, 0, 7;
    %cmp/u;
    %jmp/1 T_0.2, 6;
    %dup/vec4;
    %pushi/vec4 3, 0, 7;
    %cmp/u;
    %jmp/1 T_0.3, 6;
    %dup/vec4;
    %pushi/vec4 35, 0, 7;
    %cmp/u;
    %jmp/1 T_0.4, 6;
    %dup/vec4;
    %pushi/vec4 99, 0, 7;
    %cmp/u;
    %jmp/1 T_0.5, 6;
    %dup/vec4;
    %pushi/vec4 111, 0, 7;
    %cmp/u;
    %jmp/1 T_0.6, 6;
    %dup/vec4;
    %pushi/vec4 103, 0, 7;
    %cmp/u;
    %jmp/1 T_0.7, 6;
    %pushi/vec4 0, 0, 1;
    %store/vec4 v0x5af5214ac630_0, 0, 1;
    %pushi/vec4 0, 0, 1;
    %store/vec4 v0x5af5214ac400_0, 0, 1;
    %jmp T_0.9;
T_0.0 ;
    %pushi/vec4 1, 0, 1;
    %store/vec4 v0x5af5214ac630_0, 0, 1;
    %pushi/vec4 1, 0, 1;
    %store/vec4 v0x5af5214ac0a0_0, 0, 1;
    %pushi/vec4 2, 0, 6;
    %store/vec4 v0x5af5214ac140_0, 0, 6;
    %pushi/vec4 1, 0, 5;
    %store/vec4 v0x5af5214abfc0_0, 0, 5;
    %jmp T_0.9;
T_0.1 ;
    %pushi/vec4 1, 0, 1;
    %store/vec4 v0x5af5214ac630_0, 0, 1;
    %load/vec4 v0x5af5214ac2d0_0;
    %load/vec4 v0x5af5214ac210_0;
    %concat/vec4; draw_concat_vec4
    %dup/vec4;
    %pushi/vec4 0, 0, 10;
    %cmp/u;
    %jmp/1 T_0.10, 6;
    %dup/vec4;
    %pushi/vec4 256, 0, 10;
    %cmp/u;
    %jmp/1 T_0.11, 6;
    %dup/vec4;
    %pushi/vec4 2, 0, 10;
    %cmp/u;
    %jmp/1 T_0.12, 6;
    %dup/vec4;
    %pushi/vec4 3, 0, 10;
    %cmp/u;
    %jmp/1 T_0.13, 6;
    %dup/vec4;
    %pushi/vec4 4, 0, 10;
    %cmp/u;
    %jmp/1 T_0.14, 6;
    %dup/vec4;
    %pushi/vec4 6, 0, 10;
    %cmp/u;
    %jmp/1 T_0.15, 6;
    %dup/vec4;
    %pushi/vec4 7, 0, 10;
    %cmp/u;
    %jmp/1 T_0.16, 6;
    %dup/vec4;
    %pushi/vec4 1, 0, 10;
    %cmp/u;
    %jmp/1 T_0.17, 6;
    %dup/vec4;
    %pushi/vec4 5, 0, 10;
    %cmp/u;
    %jmp/1 T_0.18, 6;
    %dup/vec4;
    %pushi/vec4 261, 0, 10;
    %cmp/u;
    %jmp/1 T_0.19, 6;
    %pushi/vec4 0, 0, 1;
    %store/vec4 v0x5af5214ac630_0, 0, 1;
    %pushi/vec4 0, 0, 5;
    %store/vec4 v0x5af5214abfc0_0, 0, 5;
    %jmp T_0.21;
T_0.10 ;
    %pushi/vec4 3, 0, 5;
    %store/vec4 v0x5af5214abfc0_0, 0, 5;
    %jmp T_0.21;
T_0.11 ;
    %pushi/vec4 4, 0, 5;
    %store/vec4 v0x5af5214abfc0_0, 0, 5;
    %jmp T_0.21;
T_0.12 ;
    %pushi/vec4 10, 0, 5;
    %store/vec4 v0x5af5214abfc0_0, 0, 5;
    %jmp T_0.21;
T_0.13 ;
    %pushi/vec4 11, 0, 5;
    %store/vec4 v0x5af5214abfc0_0, 0, 5;
    %jmp T_0.21;
T_0.14 ;
    %pushi/vec4 12, 0, 5;
    %store/vec4 v0x5af5214abfc0_0, 0, 5;
    %jmp T_0.21;
T_0.15 ;
    %pushi/vec4 13, 0, 5;
    %store/vec4 v0x5af5214abfc0_0, 0, 5;
    %jmp T_0.21;
T_0.16 ;
    %pushi/vec4 14, 0, 5;
    %store/vec4 v0x5af5214abfc0_0, 0, 5;
    %jmp T_0.21;
T_0.17 ;
    %pushi/vec4 15, 0, 5;
    %store/vec4 v0x5af5214abfc0_0, 0, 5;
    %jmp T_0.21;
T_0.18 ;
    %pushi/vec4 16, 0, 5;
    %store/vec4 v0x5af5214abfc0_0, 0, 5;
    %jmp T_0.21;
T_0.19 ;
    %pushi/vec4 17, 0, 5;
    %store/vec4 v0x5af5214abfc0_0, 0, 5;
    %jmp T_0.21;
T_0.21 ;
    %pop/vec4 1;
    %jmp T_0.9;
T_0.2 ;
    %pushi/vec4 1, 0, 1;
    %store/vec4 v0x5af5214ac630_0, 0, 1;
    %pushi/vec4 1, 0, 1;
    %store/vec4 v0x5af5214ac0a0_0, 0, 1;
    %pushi/vec4 16, 0, 6;
    %store/vec4 v0x5af5214ac140_0, 0, 6;
    %load/vec4 v0x5af5214ac210_0;
    %dup/vec4;
    %pushi/vec4 0, 0, 3;
    %cmp/u;
    %jmp/1 T_0.22, 6;
    %dup/vec4;
    %pushi/vec4 2, 0, 3;
    %cmp/u;
    %jmp/1 T_0.23, 6;
    %dup/vec4;
    %pushi/vec4 3, 0, 3;
    %cmp/u;
    %jmp/1 T_0.24, 6;
    %dup/vec4;
    %pushi/vec4 4, 0, 3;
    %cmp/u;
    %jmp/1 T_0.25, 6;
    %dup/vec4;
    %pushi/vec4 6, 0, 3;
    %cmp/u;
    %jmp/1 T_0.26, 6;
    %dup/vec4;
    %pushi/vec4 7, 0, 3;
    %cmp/u;
    %jmp/1 T_0.27, 6;
    %dup/vec4;
    %pushi/vec4 1, 0, 3;
    %cmp/u;
    %jmp/1 T_0.28, 6;
    %dup/vec4;
    %pushi/vec4 5, 0, 3;
    %cmp/u;
    %jmp/1 T_0.29, 6;
    %pushi/vec4 0, 0, 1;
    %store/vec4 v0x5af5214ac630_0, 0, 1;
    %pushi/vec4 0, 0, 5;
    %store/vec4 v0x5af5214abfc0_0, 0, 5;
    %jmp T_0.31;
T_0.22 ;
    %pushi/vec4 3, 0, 5;
    %store/vec4 v0x5af5214abfc0_0, 0, 5;
    %jmp T_0.31;
T_0.23 ;
    %pushi/vec4 10, 0, 5;
    %store/vec4 v0x5af5214abfc0_0, 0, 5;
    %jmp T_0.31;
T_0.24 ;
    %pushi/vec4 11, 0, 5;
    %store/vec4 v0x5af5214abfc0_0, 0, 5;
    %jmp T_0.31;
T_0.25 ;
    %pushi/vec4 12, 0, 5;
    %store/vec4 v0x5af5214abfc0_0, 0, 5;
    %jmp T_0.31;
T_0.26 ;
    %pushi/vec4 13, 0, 5;
    %store/vec4 v0x5af5214abfc0_0, 0, 5;
    %jmp T_0.31;
T_0.27 ;
    %pushi/vec4 14, 0, 5;
    %store/vec4 v0x5af5214abfc0_0, 0, 5;
    %jmp T_0.31;
T_0.28 ;
    %load/vec4 v0x5af5214ac2d0_0;
    %cmpi/e 0, 0, 7;
    %flag_mov 8, 4;
    %jmp/0 T_0.32, 8;
    %pushi/vec4 15, 0, 5;
    %jmp/1 T_0.33, 8;
T_0.32 ; End of true expr.
    %pushi/vec4 0, 0, 5;
    %jmp/0 T_0.33, 8;
 ; End of false expr.
    %blend;
T_0.33;
    %store/vec4 v0x5af5214abfc0_0, 0, 5;
    %jmp T_0.31;
T_0.29 ;
    %load/vec4 v0x5af5214ac2d0_0;
    %cmpi/e 32, 0, 7;
    %flag_mov 8, 4;
    %jmp/0 T_0.34, 8;
    %pushi/vec4 17, 0, 5;
    %jmp/1 T_0.35, 8;
T_0.34 ; End of true expr.
    %pushi/vec4 16, 0, 5;
    %jmp/0 T_0.35, 8;
 ; End of false expr.
    %blend;
T_0.35;
    %store/vec4 v0x5af5214abfc0_0, 0, 5;
    %jmp T_0.31;
T_0.31 ;
    %pop/vec4 1;
    %jmp T_0.9;
T_0.3 ;
    %pushi/vec4 1, 0, 1;
    %store/vec4 v0x5af5214ac630_0, 0, 1;
    %pushi/vec4 1, 0, 1;
    %store/vec4 v0x5af5214ac0a0_0, 0, 1;
    %pushi/vec4 16, 0, 6;
    %store/vec4 v0x5af5214ac140_0, 0, 6;
    %pushi/vec4 3, 0, 5;
    %store/vec4 v0x5af5214abfc0_0, 0, 5;
    %pushi/vec4 1, 0, 2;
    %store/vec4 v0x5af5214ac700_0, 0, 2;
    %jmp T_0.9;
T_0.4 ;
    %pushi/vec4 1, 0, 1;
    %store/vec4 v0x5af5214ac400_0, 0, 1;
    %pushi/vec4 1, 0, 1;
    %store/vec4 v0x5af5214ac0a0_0, 0, 1;
    %pushi/vec4 8, 0, 6;
    %store/vec4 v0x5af5214ac140_0, 0, 6;
    %pushi/vec4 3, 0, 5;
    %store/vec4 v0x5af5214abfc0_0, 0, 5;
    %jmp T_0.9;
T_0.5 ;
    %pushi/vec4 4, 0, 6;
    %store/vec4 v0x5af5214ac140_0, 0, 6;
    %load/vec4 v0x5af5214ac210_0;
    %dup/vec4;
    %pushi/vec4 0, 0, 3;
    %cmp/u;
    %jmp/1 T_0.36, 6;
    %dup/vec4;
    %pushi/vec4 1, 0, 3;
    %cmp/u;
    %jmp/1 T_0.37, 6;
    %dup/vec4;
    %pushi/vec4 4, 0, 3;
    %cmp/u;
    %jmp/1 T_0.38, 6;
    %dup/vec4;
    %pushi/vec4 5, 0, 3;
    %cmp/u;
    %jmp/1 T_0.39, 6;
    %dup/vec4;
    %pushi/vec4 6, 0, 3;
    %cmp/u;
    %jmp/1 T_0.40, 6;
    %dup/vec4;
    %pushi/vec4 7, 0, 3;
    %cmp/u;
    %jmp/1 T_0.41, 6;
    %pushi/vec4 0, 0, 5;
    %store/vec4 v0x5af5214abfc0_0, 0, 5;
    %pushi/vec4 0, 0, 3;
    %store/vec4 v0x5af5214ac4a0_0, 0, 3;
    %jmp T_0.43;
T_0.36 ;
    %pushi/vec4 4, 0, 5;
    %store/vec4 v0x5af5214abfc0_0, 0, 5;
    %load/vec4 v0x5af5214ac7c0_0;
    %flag_set/vec4 8;
    %jmp/0 T_0.44, 8;
    %pushi/vec4 1, 0, 3;
    %jmp/1 T_0.45, 8;
T_0.44 ; End of true expr.
    %pushi/vec4 0, 0, 3;
    %jmp/0 T_0.45, 8;
 ; End of false expr.
    %blend;
T_0.45;
    %store/vec4 v0x5af5214ac4a0_0, 0, 3;
    %jmp T_0.43;
T_0.37 ;
    %pushi/vec4 5, 0, 5;
    %store/vec4 v0x5af5214abfc0_0, 0, 5;
    %load/vec4 v0x5af5214ac7c0_0;
    %flag_set/vec4 8;
    %jmp/0 T_0.46, 8;
    %pushi/vec4 1, 0, 3;
    %jmp/1 T_0.47, 8;
T_0.46 ; End of true expr.
    %pushi/vec4 0, 0, 3;
    %jmp/0 T_0.47, 8;
 ; End of false expr.
    %blend;
T_0.47;
    %store/vec4 v0x5af5214ac4a0_0, 0, 3;
    %jmp T_0.43;
T_0.38 ;
    %pushi/vec4 6, 0, 5;
    %store/vec4 v0x5af5214abfc0_0, 0, 5;
    %load/vec4 v0x5af5214ac7c0_0;
    %flag_set/vec4 8;
    %jmp/0 T_0.48, 8;
    %pushi/vec4 1, 0, 3;
    %jmp/1 T_0.49, 8;
T_0.48 ; End of true expr.
    %pushi/vec4 0, 0, 3;
    %jmp/0 T_0.49, 8;
 ; End of false expr.
    %blend;
T_0.49;
    %store/vec4 v0x5af5214ac4a0_0, 0, 3;
    %jmp T_0.43;
T_0.39 ;
    %pushi/vec4 7, 0, 5;
    %store/vec4 v0x5af5214abfc0_0, 0, 5;
    %load/vec4 v0x5af5214ac7c0_0;
    %flag_set/vec4 8;
    %jmp/0 T_0.50, 8;
    %pushi/vec4 1, 0, 3;
    %jmp/1 T_0.51, 8;
T_0.50 ; End of true expr.
    %pushi/vec4 0, 0, 3;
    %jmp/0 T_0.51, 8;
 ; End of false expr.
    %blend;
T_0.51;
    %store/vec4 v0x5af5214ac4a0_0, 0, 3;
    %jmp T_0.43;
T_0.40 ;
    %pushi/vec4 8, 0, 5;
    %store/vec4 v0x5af5214abfc0_0, 0, 5;
    %load/vec4 v0x5af5214ac7c0_0;
    %flag_set/vec4 8;
    %jmp/0 T_0.52, 8;
    %pushi/vec4 1, 0, 3;
    %jmp/1 T_0.53, 8;
T_0.52 ; End of true expr.
    %pushi/vec4 0, 0, 3;
    %jmp/0 T_0.53, 8;
 ; End of false expr.
    %blend;
T_0.53;
    %store/vec4 v0x5af5214ac4a0_0, 0, 3;
    %jmp T_0.43;
T_0.41 ;
    %pushi/vec4 9, 0, 5;
    %store/vec4 v0x5af5214abfc0_0, 0, 5;
    %load/vec4 v0x5af5214ac7c0_0;
    %flag_set/vec4 8;
    %jmp/0 T_0.54, 8;
    %pushi/vec4 1, 0, 3;
    %jmp/1 T_0.55, 8;
T_0.54 ; End of true expr.
    %pushi/vec4 0, 0, 3;
    %jmp/0 T_0.55, 8;
 ; End of false expr.
    %blend;
T_0.55;
    %store/vec4 v0x5af5214ac4a0_0, 0, 3;
    %jmp T_0.43;
T_0.43 ;
    %pop/vec4 1;
    %jmp T_0.9;
T_0.6 ;
    %pushi/vec4 1, 0, 1;
    %store/vec4 v0x5af5214ac630_0, 0, 1;
    %pushi/vec4 1, 0, 6;
    %store/vec4 v0x5af5214ac140_0, 0, 6;
    %pushi/vec4 2, 0, 3;
    %store/vec4 v0x5af5214ac4a0_0, 0, 3;
    %pushi/vec4 2, 0, 2;
    %store/vec4 v0x5af5214ac700_0, 0, 2;
    %jmp T_0.9;
T_0.7 ;
    %pushi/vec4 1, 0, 1;
    %store/vec4 v0x5af5214ac630_0, 0, 1;
    %pushi/vec4 1, 0, 1;
    %store/vec4 v0x5af5214ac0a0_0, 0, 1;
    %pushi/vec4 16, 0, 6;
    %store/vec4 v0x5af5214ac140_0, 0, 6;
    %pushi/vec4 3, 0, 5;
    %store/vec4 v0x5af5214abfc0_0, 0, 5;
    %pushi/vec4 4, 0, 3;
    %store/vec4 v0x5af5214ac4a0_0, 0, 3;
    %pushi/vec4 2, 0, 2;
    %store/vec4 v0x5af5214ac700_0, 0, 2;
    %jmp T_0.9;
T_0.9 ;
    %pop/vec4 1;
    %jmp T_0;
    .thread T_0, $push;
    .scope S_0x5af5214a7d20;
T_1 ;
    %wait E_0x5af5214a7f30;
    %load/vec4 v0x5af5214a8270_0;
    %flag_set/vec4 8;
    %jmp/0xz  T_1.0, 8;
    %pushi/vec4 0, 0, 32;
    %assign/vec4 v0x5af5214a80a0_0, 0;
    %jmp T_1.1;
T_1.0 ;
    %load/vec4 v0x5af5214a7f90_0;
    %assign/vec4 v0x5af5214a80a0_0, 0;
T_1.1 ;
    %jmp T_1;
    .thread T_1;
    .scope S_0x5af5214a7420;
T_2 ;
    %wait E_0x5af52148ead0;
    %load/vec4 v0x5af5214a77f0_0;
    %dup/vec4;
    %pushi/vec4 0, 0, 3;
    %cmp/u;
    %jmp/1 T_2.0, 6;
    %dup/vec4;
    %pushi/vec4 1, 0, 3;
    %cmp/u;
    %jmp/1 T_2.1, 6;
    %dup/vec4;
    %pushi/vec4 2, 0, 3;
    %cmp/u;
    %jmp/1 T_2.2, 6;
    %dup/vec4;
    %pushi/vec4 4, 0, 3;
    %cmp/u;
    %jmp/1 T_2.3, 6;
    %load/vec4 v0x5af5214a7990_0;
    %store/vec4 v0x5af5214a7730_0, 0, 32;
    %jmp T_2.5;
T_2.0 ;
    %load/vec4 v0x5af5214a7990_0;
    %store/vec4 v0x5af5214a7730_0, 0, 32;
    %jmp T_2.5;
T_2.1 ;
    %load/vec4 v0x5af5214a78b0_0;
    %load/vec4 v0x5af5214a7650_0;
    %add;
    %store/vec4 v0x5af5214a7730_0, 0, 32;
    %jmp T_2.5;
T_2.2 ;
    %load/vec4 v0x5af5214a78b0_0;
    %load/vec4 v0x5af5214a7650_0;
    %add;
    %store/vec4 v0x5af5214a7730_0, 0, 32;
    %jmp T_2.5;
T_2.3 ;
    %load/vec4 v0x5af5214a7ac0_0;
    %load/vec4 v0x5af5214a7650_0;
    %add;
    %pushi/vec4 4294967294, 0, 32;
    %and;
    %store/vec4 v0x5af5214a7730_0, 0, 32;
    %jmp T_2.5;
T_2.5 ;
    %pop/vec4 1;
    %jmp T_2;
    .thread T_2, $push;
    .scope S_0x5af52140f0f0;
T_3 ;
    %wait E_0x5af52148eb90;
    %load/vec4 v0x5af5214a6cd0_0;
    %dup/vec4;
    %pushi/vec4 16, 0, 6;
    %cmp/u;
    %jmp/1 T_3.0, 6;
    %dup/vec4;
    %pushi/vec4 8, 0, 6;
    %cmp/u;
    %jmp/1 T_3.1, 6;
    %dup/vec4;
    %pushi/vec4 4, 0, 6;
    %cmp/u;
    %jmp/1 T_3.2, 6;
    %dup/vec4;
    %pushi/vec4 2, 0, 6;
    %cmp/u;
    %jmp/1 T_3.3, 6;
    %dup/vec4;
    %pushi/vec4 1, 0, 6;
    %cmp/u;
    %jmp/1 T_3.4, 6;
    %pushi/vec4 0, 0, 32;
    %assign/vec4 v0x5af5214a6f70_0, 0;
    %jmp T_3.6;
T_3.0 ;
    %load/vec4 v0x5af5214a6eb0_0;
    %parti/s 1, 11, 5;
    %replicate 20;
    %load/vec4 v0x5af5214a6eb0_0;
    %concat/vec4; draw_concat_vec4
    %assign/vec4 v0x5af5214a6f70_0, 0;
    %jmp T_3.6;
T_3.1 ;
    %load/vec4 v0x5af5214a7180_0;
    %parti/s 1, 11, 5;
    %replicate 20;
    %load/vec4 v0x5af5214a7180_0;
    %concat/vec4; draw_concat_vec4
    %assign/vec4 v0x5af5214a6f70_0, 0;
    %jmp T_3.6;
T_3.2 ;
    %load/vec4 v0x5af5214a6dd0_0;
    %parti/s 1, 11, 5;
    %replicate 19;
    %load/vec4 v0x5af5214a6dd0_0;
    %concat/vec4; draw_concat_vec4
    %concati/vec4 0, 0, 1;
    %assign/vec4 v0x5af5214a6f70_0, 0;
    %jmp T_3.6;
T_3.3 ;
    %load/vec4 v0x5af5214a7260_0;
    %concati/vec4 0, 0, 12;
    %assign/vec4 v0x5af5214a6f70_0, 0;
    %jmp T_3.6;
T_3.4 ;
    %load/vec4 v0x5af5214a7050_0;
    %parti/s 1, 19, 6;
    %replicate 21;
    %load/vec4 v0x5af5214a7050_0;
    %concat/vec4; draw_concat_vec4
    %concati/vec4 0, 0, 1;
    %pad/u 32;
    %assign/vec4 v0x5af5214a6f70_0, 0;
    %jmp T_3.6;
T_3.6 ;
    %pop/vec4 1;
    %jmp T_3;
    .thread T_3, $push;
    .scope S_0x5af5214a8380;
T_4 ;
    %wait E_0x5af5214a7f30;
    %load/vec4 v0x5af5214aa440_0;
    %flag_set/vec4 8;
    %jmp/0xz  T_4.0, 8;
    %pushi/vec4 1, 0, 32;
    %store/vec4 v0x5af5214aa0e0_0, 0, 32;
T_4.2 ;
    %load/vec4 v0x5af5214aa0e0_0;
    %cmpi/s 32, 0, 32;
    %jmp/0xz T_4.3, 5;
    %pushi/vec4 0, 0, 32;
    %ix/getv/s 3, v0x5af5214aa0e0_0;
    %ix/load 4, 0, 0; Constant delay
    %assign/vec4/a/d v0x5af5214aa380, 0, 4;
    %load/vec4 v0x5af5214aa0e0_0;
    %addi 1, 0, 32;
    %store/vec4 v0x5af5214aa0e0_0, 0, 32;
    %jmp T_4.2;
T_4.3 ;
    %jmp T_4.1;
T_4.0 ;
    %load/vec4 v0x5af5214a8a00_0;
    %flag_set/vec4 8;
    %jmp/0xz  T_4.4, 8;
    %load/vec4 v0x5af5214a8740_0;
    %cmpi/ne 0, 0, 5;
    %jmp/0xz  T_4.6, 4;
    %load/vec4 v0x5af5214a8ac0_0;
    %load/vec4 v0x5af5214a8740_0;
    %pad/u 7;
    %ix/vec4 3;
    %ix/load 4, 0, 0; Constant delay
    %assign/vec4/a/d v0x5af5214aa380, 0, 4;
T_4.6 ;
T_4.4 ;
T_4.1 ;
    %jmp T_4;
    .thread T_4;
    .scope S_0x5af5214aa620;
T_5 ;
    %wait E_0x5af5214aa850;
    %load/vec4 v0x5af5214aaa00_0;
    %dup/vec4;
    %pushi/vec4 1, 0, 5;
    %cmp/u;
    %jmp/1 T_5.0, 6;
    %dup/vec4;
    %pushi/vec4 3, 0, 5;
    %cmp/u;
    %jmp/1 T_5.1, 6;
    %dup/vec4;
    %pushi/vec4 4, 0, 5;
    %cmp/u;
    %jmp/1 T_5.2, 6;
    %dup/vec4;
    %pushi/vec4 5, 0, 5;
    %cmp/u;
    %jmp/1 T_5.3, 6;
    %dup/vec4;
    %pushi/vec4 6, 0, 5;
    %cmp/u;
    %jmp/1 T_5.4, 6;
    %dup/vec4;
    %pushi/vec4 7, 0, 5;
    %cmp/u;
    %jmp/1 T_5.5, 6;
    %dup/vec4;
    %pushi/vec4 8, 0, 5;
    %cmp/u;
    %jmp/1 T_5.6, 6;
    %dup/vec4;
    %pushi/vec4 9, 0, 5;
    %cmp/u;
    %jmp/1 T_5.7, 6;
    %dup/vec4;
    %pushi/vec4 10, 0, 5;
    %cmp/u;
    %jmp/1 T_5.8, 6;
    %dup/vec4;
    %pushi/vec4 11, 0, 5;
    %cmp/u;
    %jmp/1 T_5.9, 6;
    %dup/vec4;
    %pushi/vec4 12, 0, 5;
    %cmp/u;
    %jmp/1 T_5.10, 6;
    %dup/vec4;
    %pushi/vec4 13, 0, 5;
    %cmp/u;
    %jmp/1 T_5.11, 6;
    %dup/vec4;
    %pushi/vec4 14, 0, 5;
    %cmp/u;
    %jmp/1 T_5.12, 6;
    %dup/vec4;
    %pushi/vec4 15, 0, 5;
    %cmp/u;
    %jmp/1 T_5.13, 6;
    %dup/vec4;
    %pushi/vec4 16, 0, 5;
    %cmp/u;
    %jmp/1 T_5.14, 6;
    %dup/vec4;
    %pushi/vec4 17, 0, 5;
    %cmp/u;
    %jmp/1 T_5.15, 6;
    %load/vec4 v0x5af5214aa8d0_0;
    %store/vec4 v0x5af5214aaba0_0, 0, 32;
    %jmp T_5.17;
T_5.0 ;
    %load/vec4 v0x5af5214aaae0_0;
    %store/vec4 v0x5af5214aaba0_0, 0, 32;
    %jmp T_5.17;
T_5.1 ;
    %load/vec4 v0x5af5214aa8d0_0;
    %load/vec4 v0x5af5214aaae0_0;
    %add;
    %store/vec4 v0x5af5214aaba0_0, 0, 32;
    %jmp T_5.17;
T_5.2 ;
    %load/vec4 v0x5af5214aa8d0_0;
    %load/vec4 v0x5af5214aaae0_0;
    %sub;
    %store/vec4 v0x5af5214aaba0_0, 0, 32;
    %jmp T_5.17;
T_5.3 ;
    %load/vec4 v0x5af5214aa8d0_0;
    %load/vec4 v0x5af5214aaae0_0;
    %cmp/ne;
    %flag_get/vec4 4;
    %pad/u 32;
    %store/vec4 v0x5af5214aaba0_0, 0, 32;
    %jmp T_5.17;
T_5.4 ;
    %load/vec4 v0x5af5214aa8d0_0;
    %load/vec4 v0x5af5214aaae0_0;
    %cmp/s;
    %flag_get/vec4 5;
    %pad/u 32;
    %store/vec4 v0x5af5214aaba0_0, 0, 32;
    %jmp T_5.17;
T_5.5 ;
    %load/vec4 v0x5af5214aaae0_0;
    %load/vec4 v0x5af5214aa8d0_0;
    %cmp/s;
    %flag_get/vec4 4;
    %flag_get/vec4 5;
    %or;
    %pad/u 32;
    %store/vec4 v0x5af5214aaba0_0, 0, 32;
    %jmp T_5.17;
T_5.6 ;
    %load/vec4 v0x5af5214aa8d0_0;
    %load/vec4 v0x5af5214aaae0_0;
    %cmp/u;
    %flag_get/vec4 5;
    %pad/u 32;
    %store/vec4 v0x5af5214aaba0_0, 0, 32;
    %jmp T_5.17;
T_5.7 ;
    %load/vec4 v0x5af5214aaae0_0;
    %load/vec4 v0x5af5214aa8d0_0;
    %cmp/u;
    %flag_get/vec4 4;
    %flag_get/vec4 5;
    %or;
    %pad/u 32;
    %store/vec4 v0x5af5214aaba0_0, 0, 32;
    %jmp T_5.17;
T_5.8 ;
    %load/vec4 v0x5af5214aa8d0_0;
    %load/vec4 v0x5af5214aaae0_0;
    %cmp/s;
    %flag_mov 8, 5;
    %jmp/0 T_5.18, 8;
    %pushi/vec4 1, 0, 32;
    %jmp/1 T_5.19, 8;
T_5.18 ; End of true expr.
    %pushi/vec4 0, 0, 32;
    %jmp/0 T_5.19, 8;
 ; End of false expr.
    %blend;
T_5.19;
    %store/vec4 v0x5af5214aaba0_0, 0, 32;
    %jmp T_5.17;
T_5.9 ;
    %load/vec4 v0x5af5214aa8d0_0;
    %load/vec4 v0x5af5214aaae0_0;
    %cmp/u;
    %flag_mov 8, 5;
    %jmp/0 T_5.20, 8;
    %pushi/vec4 1, 0, 32;
    %jmp/1 T_5.21, 8;
T_5.20 ; End of true expr.
    %pushi/vec4 0, 0, 32;
    %jmp/0 T_5.21, 8;
 ; End of false expr.
    %blend;
T_5.21;
    %store/vec4 v0x5af5214aaba0_0, 0, 32;
    %jmp T_5.17;
T_5.10 ;
    %load/vec4 v0x5af5214aa8d0_0;
    %load/vec4 v0x5af5214aaae0_0;
    %xor;
    %store/vec4 v0x5af5214aaba0_0, 0, 32;
    %jmp T_5.17;
T_5.11 ;
    %load/vec4 v0x5af5214aa8d0_0;
    %load/vec4 v0x5af5214aaae0_0;
    %or;
    %store/vec4 v0x5af5214aaba0_0, 0, 32;
    %jmp T_5.17;
T_5.12 ;
    %load/vec4 v0x5af5214aa8d0_0;
    %load/vec4 v0x5af5214aaae0_0;
    %and;
    %store/vec4 v0x5af5214aaba0_0, 0, 32;
    %jmp T_5.17;
T_5.13 ;
    %load/vec4 v0x5af5214aa8d0_0;
    %load/vec4 v0x5af5214aaae0_0;
    %parti/s 5, 0, 2;
    %ix/vec4 4;
    %shiftl 4;
    %store/vec4 v0x5af5214aaba0_0, 0, 32;
    %jmp T_5.17;
T_5.14 ;
    %load/vec4 v0x5af5214aa8d0_0;
    %load/vec4 v0x5af5214aaae0_0;
    %parti/s 5, 0, 2;
    %ix/vec4 4;
    %shiftr 4;
    %store/vec4 v0x5af5214aaba0_0, 0, 32;
    %jmp T_5.17;
T_5.15 ;
    %load/vec4 v0x5af5214aa8d0_0;
    %load/vec4 v0x5af5214aaae0_0;
    %parti/s 5, 0, 2;
    %ix/vec4 4;
    %shiftr/s 4;
    %store/vec4 v0x5af5214aaba0_0, 0, 32;
    %jmp T_5.17;
T_5.17 ;
    %pop/vec4 1;
    %jmp T_5;
    .thread T_5, $push;
    .scope S_0x5af521418b30;
T_6 ;
    %wait E_0x5af52148f7c0;
    %load/vec4 v0x5af5214adae0_0;
    %dup/vec4;
    %pushi/vec4 0, 0, 2;
    %cmp/u;
    %jmp/1 T_6.0, 6;
    %dup/vec4;
    %pushi/vec4 1, 0, 2;
    %cmp/u;
    %jmp/1 T_6.1, 6;
    %dup/vec4;
    %pushi/vec4 2, 0, 2;
    %cmp/u;
    %jmp/1 T_6.2, 6;
    %load/vec4 v0x5af5214ae510_0;
    %assign/vec4 v0x5af5214ada40_0, 0;
    %jmp T_6.4;
T_6.0 ;
    %load/vec4 v0x5af5214ae510_0;
    %assign/vec4 v0x5af5214ada40_0, 0;
    %jmp T_6.4;
T_6.1 ;
    %load/vec4 v0x5af5214acda0_0;
    %assign/vec4 v0x5af5214ada40_0, 0;
    %jmp T_6.4;
T_6.2 ;
    %load/vec4 v0x5af5214ad5d0_0;
    %addi 4, 0, 32;
    %assign/vec4 v0x5af5214ada40_0, 0;
    %jmp T_6.4;
T_6.4 ;
    %pop/vec4 1;
    %jmp T_6;
    .thread T_6, $push;
    .scope S_0x5af521418260;
T_7 ;
    %wait E_0x5af521406b10;
    %load/vec4 v0x5af52143c510_0;
    %flag_set/vec4 8;
    %jmp/0xz  T_7.0, 8;
    %load/vec4 v0x5af52147a580_0;
    %load/vec4 v0x5af52148d980_0;
    %parti/s 7, 2, 3;
    %pad/u 9;
    %ix/vec4 3;
    %ix/load 4, 0, 0; Constant delay
    %assign/vec4/a/d v0x5af5214a5720, 0, 4;
T_7.0 ;
    %jmp T_7;
    .thread T_7;
    .scope S_0x5af521418260;
T_8 ;
    %wait E_0x5af5214394d0;
    %load/vec4 v0x5af52148d980_0;
    %parti/s 7, 2, 3;
    %pad/u 9;
    %ix/vec4 4;
    %load/vec4a v0x5af5214a5720, 4;
    %assign/vec4 v0x5af5214a6830_0, 0;
    %jmp T_8;
    .thread T_8, $push;
    .scope S_0x5af521417ea0;
T_9 ;
    %vpi_func 2 16 "$value$plusargs" 32, "IMEM=%s", v0x5af5214b0820_0 {0 0 0};
    %nor/r;
    %flag_set/vec4 8;
    %jmp/0xz  T_9.0, 8;
    %vpi_call 2 17 "$display", "[ERROR] missing +IMEM=<path>" {0 0 0};
    %vpi_call 2 18 "$finish" {0 0 0};
T_9.0 ;
    %vpi_func 2 20 "$value$plusargs" 32, "CYCLES=%d", v0x5af5214b0680_0 {0 0 0};
    %nor/r;
    %flag_set/vec4 8;
    %jmp/0xz  T_9.2, 8;
    %pushi/vec4 80, 0, 32;
    %store/vec4 v0x5af5214b0680_0, 0, 32;
T_9.2 ;
    %vpi_call 2 24 "$readmemh", v0x5af5214b0820_0, v0x5af5214af750 {0 0 0};
    %pushi/vec4 0, 0, 32;
    %store/vec4 v0x5af5214b0760_0, 0, 32;
T_9.4 ;
    %load/vec4 v0x5af5214b0760_0;
    %cmpi/s 128, 0, 32;
    %jmp/0xz T_9.5, 5;
    %pushi/vec4 0, 0, 32;
    %ix/getv/s 4, v0x5af5214b0760_0;
    %store/vec4a v0x5af5214a5720, 4, 0;
    %load/vec4 v0x5af5214b0760_0;
    %addi 1, 0, 32;
    %store/vec4 v0x5af5214b0760_0, 0, 32;
    %jmp T_9.4;
T_9.5 ;
    %pushi/vec4 1, 0, 1;
    %store/vec4 v0x5af5214b05c0_0, 0, 1;
    %pushi/vec4 1, 0, 1;
    %store/vec4 v0x5af5214b0ad0_0, 0, 1;
    %pushi/vec4 0, 0, 5;
    %store/vec4 v0x5af5214b0a10_0, 0, 5;
    %delay 10, 0;
    %pushi/vec4 0, 0, 1;
    %store/vec4 v0x5af5214b0ad0_0, 0, 1;
    %load/vec4 v0x5af5214b0680_0;
T_9.6 %dup/vec4;
    %pushi/vec4 0, 0, 32;
    %cmp/s;
    %jmp/1xz T_9.7, 5;
    %jmp/1 T_9.7, 4;
    %pushi/vec4 1, 0, 32;
    %sub;
    %wait E_0x5af521406b10;
    %jmp T_9.6;
T_9.7 ;
    %pop/vec4 1;
    %vpi_call 2 37 "$display", "[SNAPSHOT] registers" {0 0 0};
    %vpi_call 2 38 "$display", "[REG] x0=00000000" {0 0 0};
    %pushi/vec4 1, 0, 32;
    %store/vec4 v0x5af5214b0760_0, 0, 32;
T_9.8 ;
    %load/vec4 v0x5af5214b0760_0;
    %cmpi/s 32, 0, 32;
    %jmp/0xz T_9.9, 5;
    %vpi_call 2 40 "$display", "[REG] x%0d=%08x", v0x5af5214b0760_0, &A<v0x5af5214aa380, v0x5af5214b0760_0 > {0 0 0};
    %load/vec4 v0x5af5214b0760_0;
    %addi 1, 0, 32;
    %store/vec4 v0x5af5214b0760_0, 0, 32;
    %jmp T_9.8;
T_9.9 ;
    %vpi_call 2 43 "$display", "[SNAPSHOT] memory" {0 0 0};
    %pushi/vec4 0, 0, 32;
    %store/vec4 v0x5af5214b0760_0, 0, 32;
T_9.10 ;
    %load/vec4 v0x5af5214b0760_0;
    %cmpi/s 64, 0, 32;
    %jmp/0xz T_9.11, 5;
    %vpi_call 2 45 "$display", "[MEM] m%0d=%08x", v0x5af5214b0760_0, &A<v0x5af5214a5720, v0x5af5214b0760_0 > {0 0 0};
    %load/vec4 v0x5af5214b0760_0;
    %addi 1, 0, 32;
    %store/vec4 v0x5af5214b0760_0, 0, 32;
    %jmp T_9.10;
T_9.11 ;
    %vpi_call 2 48 "$finish" {0 0 0};
    %end;
    .thread T_9;
    .scope S_0x5af521417ea0;
T_10 ;
    %delay 5, 0;
    %load/vec4 v0x5af5214b05c0_0;
    %inv;
    %store/vec4 v0x5af5214b05c0_0, 0, 1;
    %jmp T_10;
    .thread T_10;
# The file index is used to find the file name in the following table.
:file_names 13;
    "N/A";
    "<interactive>";
    "../../final/verilog-tests/tb/sc_final_tb.v";
    "sccomp.v";
    "dm.v";
    "SCCPU.v";
    "EXT.v";
    "NPC.v";
    "PC.v";
    "RF.v";
    "alu.v";
    "ctrl.v";
    "im.v";
