#! /usr/bin/vvp
:ivl_version "11.0 (stable)";
:ivl_delay_selection "TYPICAL";
:vpi_time_precision - 9;
:vpi_module "/usr/lib/x86_64-linux-gnu/ivl/system.vpi";
:vpi_module "/usr/lib/x86_64-linux-gnu/ivl/vhdl_sys.vpi";
:vpi_module "/usr/lib/x86_64-linux-gnu/ivl/vhdl_textio.vpi";
:vpi_module "/usr/lib/x86_64-linux-gnu/ivl/v2005_math.vpi";
:vpi_module "/usr/lib/x86_64-linux-gnu/ivl/va_math.vpi";
S_0x5f9439716d40 .scope module, "sc_final_wave_tb" "sc_final_wave_tb" 2 3;
 .timescale -9 -9;
v0x5f9439745480_0 .var "clk", 0 0;
v0x5f9439745540_0 .var/i "cycles", 31 0;
v0x5f9439745620_0 .var/i "i", 31 0;
v0x5f94397456e0_0 .var "imem_file", 1023 0;
v0x5f94397457c0_0 .net "reg_data", 31 0, L_0x5f9439758e00;  1 drivers
v0x5f94397458d0_0 .var "reg_sel", 4 0;
v0x5f9439745990_0 .var "rstn", 0 0;
v0x5f9439745a30_0 .var "vcd_file", 1023 0;
S_0x5f9439716bb0 .scope module, "dut" "sccomp" 2 14, 3 2 0, S_0x5f9439716d40;
 .timescale -9 -9;
    .port_info 0 /INPUT 1 "clk";
    .port_info 1 /INPUT 1 "rstn";
    .port_info 2 /INPUT 5 "reg_sel";
    .port_info 3 /OUTPUT 32 "reg_data";
L_0x5f9439745af0 .functor BUFZ 1, v0x5f9439745990_0, C4<0>, C4<0>, C4<0>;
v0x5f94397449f0_0 .net "MemWrite", 0 0, v0x5f94397414d0_0;  1 drivers
v0x5f9439744a90_0 .net "PC", 31 0, v0x5f943973d280_0;  1 drivers
v0x5f9439744b50_0 .net "clk", 0 0, v0x5f9439745480_0;  1 drivers
v0x5f9439744c20_0 .net "dm_addr", 31 0, L_0x5f9439745c30;  1 drivers
v0x5f9439744cc0_0 .net "dm_din", 31 0, L_0x5f9439745f00;  1 drivers
v0x5f9439744e20_0 .net "dm_dout", 31 0, v0x5f943973bee0_0;  1 drivers
v0x5f9439744f30_0 .net "instr", 31 0, L_0x5f9439759c70;  1 drivers
v0x5f9439745040_0 .net "reg_data", 31 0, L_0x5f9439758e00;  alias, 1 drivers
v0x5f9439745150_0 .net "reg_sel", 4 0, v0x5f94397458d0_0;  1 drivers
v0x5f94397452a0_0 .net "reset", 0 0, L_0x5f9439745af0;  1 drivers
v0x5f9439745340_0 .net "rstn", 0 0, v0x5f9439745990_0;  1 drivers
L_0x5f9439759d30 .part v0x5f943973d280_0, 2, 30;
S_0x5f94396a0090 .scope module, "U_DM" "dm" 3 30, 4 3 0, S_0x5f9439716bb0;
 .timescale -9 -9;
    .port_info 0 /INPUT 1 "clk";
    .port_info 1 /INPUT 1 "DMWr";
    .port_info 2 /INPUT 32 "addr";
    .port_info 3 /INPUT 32 "din";
    .port_info 4 /OUTPUT 32 "dout";
v0x5f94396c4510_0 .net "DMWr", 0 0, v0x5f94397414d0_0;  alias, 1 drivers
v0x5f9439712a90_0 .net "addr", 31 0, L_0x5f9439745c30;  alias, 1 drivers
v0x5f9439703780_0 .net "clk", 0 0, v0x5f9439745480_0;  alias, 1 drivers
v0x5f9439703820_0 .net "din", 31 0, L_0x5f9439745f00;  alias, 1 drivers
v0x5f9439712b30 .array "dmem", 0 127, 31 0;
v0x5f943973bee0_0 .var "dout", 31 0;
v0x5f9439712b30_0 .array/port v0x5f9439712b30, 0;
v0x5f9439712b30_1 .array/port v0x5f9439712b30, 1;
v0x5f9439712b30_2 .array/port v0x5f9439712b30, 2;
E_0x5f94396c07d0/0 .event edge, v0x5f9439712a90_0, v0x5f9439712b30_0, v0x5f9439712b30_1, v0x5f9439712b30_2;
v0x5f9439712b30_3 .array/port v0x5f9439712b30, 3;
v0x5f9439712b30_4 .array/port v0x5f9439712b30, 4;
v0x5f9439712b30_5 .array/port v0x5f9439712b30, 5;
v0x5f9439712b30_6 .array/port v0x5f9439712b30, 6;
E_0x5f94396c07d0/1 .event edge, v0x5f9439712b30_3, v0x5f9439712b30_4, v0x5f9439712b30_5, v0x5f9439712b30_6;
v0x5f9439712b30_7 .array/port v0x5f9439712b30, 7;
v0x5f9439712b30_8 .array/port v0x5f9439712b30, 8;
v0x5f9439712b30_9 .array/port v0x5f9439712b30, 9;
v0x5f9439712b30_10 .array/port v0x5f9439712b30, 10;
E_0x5f94396c07d0/2 .event edge, v0x5f9439712b30_7, v0x5f9439712b30_8, v0x5f9439712b30_9, v0x5f9439712b30_10;
v0x5f9439712b30_11 .array/port v0x5f9439712b30, 11;
v0x5f9439712b30_12 .array/port v0x5f9439712b30, 12;
v0x5f9439712b30_13 .array/port v0x5f9439712b30, 13;
v0x5f9439712b30_14 .array/port v0x5f9439712b30, 14;
E_0x5f94396c07d0/3 .event edge, v0x5f9439712b30_11, v0x5f9439712b30_12, v0x5f9439712b30_13, v0x5f9439712b30_14;
v0x5f9439712b30_15 .array/port v0x5f9439712b30, 15;
v0x5f9439712b30_16 .array/port v0x5f9439712b30, 16;
v0x5f9439712b30_17 .array/port v0x5f9439712b30, 17;
v0x5f9439712b30_18 .array/port v0x5f9439712b30, 18;
E_0x5f94396c07d0/4 .event edge, v0x5f9439712b30_15, v0x5f9439712b30_16, v0x5f9439712b30_17, v0x5f9439712b30_18;
v0x5f9439712b30_19 .array/port v0x5f9439712b30, 19;
v0x5f9439712b30_20 .array/port v0x5f9439712b30, 20;
v0x5f9439712b30_21 .array/port v0x5f9439712b30, 21;
v0x5f9439712b30_22 .array/port v0x5f9439712b30, 22;
E_0x5f94396c07d0/5 .event edge, v0x5f9439712b30_19, v0x5f9439712b30_20, v0x5f9439712b30_21, v0x5f9439712b30_22;
v0x5f9439712b30_23 .array/port v0x5f9439712b30, 23;
v0x5f9439712b30_24 .array/port v0x5f9439712b30, 24;
v0x5f9439712b30_25 .array/port v0x5f9439712b30, 25;
v0x5f9439712b30_26 .array/port v0x5f9439712b30, 26;
E_0x5f94396c07d0/6 .event edge, v0x5f9439712b30_23, v0x5f9439712b30_24, v0x5f9439712b30_25, v0x5f9439712b30_26;
v0x5f9439712b30_27 .array/port v0x5f9439712b30, 27;
v0x5f9439712b30_28 .array/port v0x5f9439712b30, 28;
v0x5f9439712b30_29 .array/port v0x5f9439712b30, 29;
v0x5f9439712b30_30 .array/port v0x5f9439712b30, 30;
E_0x5f94396c07d0/7 .event edge, v0x5f9439712b30_27, v0x5f9439712b30_28, v0x5f9439712b30_29, v0x5f9439712b30_30;
v0x5f9439712b30_31 .array/port v0x5f9439712b30, 31;
v0x5f9439712b30_32 .array/port v0x5f9439712b30, 32;
v0x5f9439712b30_33 .array/port v0x5f9439712b30, 33;
v0x5f9439712b30_34 .array/port v0x5f9439712b30, 34;
E_0x5f94396c07d0/8 .event edge, v0x5f9439712b30_31, v0x5f9439712b30_32, v0x5f9439712b30_33, v0x5f9439712b30_34;
v0x5f9439712b30_35 .array/port v0x5f9439712b30, 35;
v0x5f9439712b30_36 .array/port v0x5f9439712b30, 36;
v0x5f9439712b30_37 .array/port v0x5f9439712b30, 37;
v0x5f9439712b30_38 .array/port v0x5f9439712b30, 38;
E_0x5f94396c07d0/9 .event edge, v0x5f9439712b30_35, v0x5f9439712b30_36, v0x5f9439712b30_37, v0x5f9439712b30_38;
v0x5f9439712b30_39 .array/port v0x5f9439712b30, 39;
v0x5f9439712b30_40 .array/port v0x5f9439712b30, 40;
v0x5f9439712b30_41 .array/port v0x5f9439712b30, 41;
v0x5f9439712b30_42 .array/port v0x5f9439712b30, 42;
E_0x5f94396c07d0/10 .event edge, v0x5f9439712b30_39, v0x5f9439712b30_40, v0x5f9439712b30_41, v0x5f9439712b30_42;
v0x5f9439712b30_43 .array/port v0x5f9439712b30, 43;
v0x5f9439712b30_44 .array/port v0x5f9439712b30, 44;
v0x5f9439712b30_45 .array/port v0x5f9439712b30, 45;
v0x5f9439712b30_46 .array/port v0x5f9439712b30, 46;
E_0x5f94396c07d0/11 .event edge, v0x5f9439712b30_43, v0x5f9439712b30_44, v0x5f9439712b30_45, v0x5f9439712b30_46;
v0x5f9439712b30_47 .array/port v0x5f9439712b30, 47;
v0x5f9439712b30_48 .array/port v0x5f9439712b30, 48;
v0x5f9439712b30_49 .array/port v0x5f9439712b30, 49;
v0x5f9439712b30_50 .array/port v0x5f9439712b30, 50;
E_0x5f94396c07d0/12 .event edge, v0x5f9439712b30_47, v0x5f9439712b30_48, v0x5f9439712b30_49, v0x5f9439712b30_50;
v0x5f9439712b30_51 .array/port v0x5f9439712b30, 51;
v0x5f9439712b30_52 .array/port v0x5f9439712b30, 52;
v0x5f9439712b30_53 .array/port v0x5f9439712b30, 53;
v0x5f9439712b30_54 .array/port v0x5f9439712b30, 54;
E_0x5f94396c07d0/13 .event edge, v0x5f9439712b30_51, v0x5f9439712b30_52, v0x5f9439712b30_53, v0x5f9439712b30_54;
v0x5f9439712b30_55 .array/port v0x5f9439712b30, 55;
v0x5f9439712b30_56 .array/port v0x5f9439712b30, 56;
v0x5f9439712b30_57 .array/port v0x5f9439712b30, 57;
v0x5f9439712b30_58 .array/port v0x5f9439712b30, 58;
E_0x5f94396c07d0/14 .event edge, v0x5f9439712b30_55, v0x5f9439712b30_56, v0x5f9439712b30_57, v0x5f9439712b30_58;
v0x5f9439712b30_59 .array/port v0x5f9439712b30, 59;
v0x5f9439712b30_60 .array/port v0x5f9439712b30, 60;
v0x5f9439712b30_61 .array/port v0x5f9439712b30, 61;
v0x5f9439712b30_62 .array/port v0x5f9439712b30, 62;
E_0x5f94396c07d0/15 .event edge, v0x5f9439712b30_59, v0x5f9439712b30_60, v0x5f9439712b30_61, v0x5f9439712b30_62;
v0x5f9439712b30_63 .array/port v0x5f9439712b30, 63;
v0x5f9439712b30_64 .array/port v0x5f9439712b30, 64;
v0x5f9439712b30_65 .array/port v0x5f9439712b30, 65;
v0x5f9439712b30_66 .array/port v0x5f9439712b30, 66;
E_0x5f94396c07d0/16 .event edge, v0x5f9439712b30_63, v0x5f9439712b30_64, v0x5f9439712b30_65, v0x5f9439712b30_66;
v0x5f9439712b30_67 .array/port v0x5f9439712b30, 67;
v0x5f9439712b30_68 .array/port v0x5f9439712b30, 68;
v0x5f9439712b30_69 .array/port v0x5f9439712b30, 69;
v0x5f9439712b30_70 .array/port v0x5f9439712b30, 70;
E_0x5f94396c07d0/17 .event edge, v0x5f9439712b30_67, v0x5f9439712b30_68, v0x5f9439712b30_69, v0x5f9439712b30_70;
v0x5f9439712b30_71 .array/port v0x5f9439712b30, 71;
v0x5f9439712b30_72 .array/port v0x5f9439712b30, 72;
v0x5f9439712b30_73 .array/port v0x5f9439712b30, 73;
v0x5f9439712b30_74 .array/port v0x5f9439712b30, 74;
E_0x5f94396c07d0/18 .event edge, v0x5f9439712b30_71, v0x5f9439712b30_72, v0x5f9439712b30_73, v0x5f9439712b30_74;
v0x5f9439712b30_75 .array/port v0x5f9439712b30, 75;
v0x5f9439712b30_76 .array/port v0x5f9439712b30, 76;
v0x5f9439712b30_77 .array/port v0x5f9439712b30, 77;
v0x5f9439712b30_78 .array/port v0x5f9439712b30, 78;
E_0x5f94396c07d0/19 .event edge, v0x5f9439712b30_75, v0x5f9439712b30_76, v0x5f9439712b30_77, v0x5f9439712b30_78;
v0x5f9439712b30_79 .array/port v0x5f9439712b30, 79;
v0x5f9439712b30_80 .array/port v0x5f9439712b30, 80;
v0x5f9439712b30_81 .array/port v0x5f9439712b30, 81;
v0x5f9439712b30_82 .array/port v0x5f9439712b30, 82;
E_0x5f94396c07d0/20 .event edge, v0x5f9439712b30_79, v0x5f9439712b30_80, v0x5f9439712b30_81, v0x5f9439712b30_82;
v0x5f9439712b30_83 .array/port v0x5f9439712b30, 83;
v0x5f9439712b30_84 .array/port v0x5f9439712b30, 84;
v0x5f9439712b30_85 .array/port v0x5f9439712b30, 85;
v0x5f9439712b30_86 .array/port v0x5f9439712b30, 86;
E_0x5f94396c07d0/21 .event edge, v0x5f9439712b30_83, v0x5f9439712b30_84, v0x5f9439712b30_85, v0x5f9439712b30_86;
v0x5f9439712b30_87 .array/port v0x5f9439712b30, 87;
v0x5f9439712b30_88 .array/port v0x5f9439712b30, 88;
v0x5f9439712b30_89 .array/port v0x5f9439712b30, 89;
v0x5f9439712b30_90 .array/port v0x5f9439712b30, 90;
E_0x5f94396c07d0/22 .event edge, v0x5f9439712b30_87, v0x5f9439712b30_88, v0x5f9439712b30_89, v0x5f9439712b30_90;
v0x5f9439712b30_91 .array/port v0x5f9439712b30, 91;
v0x5f9439712b30_92 .array/port v0x5f9439712b30, 92;
v0x5f9439712b30_93 .array/port v0x5f9439712b30, 93;
v0x5f9439712b30_94 .array/port v0x5f9439712b30, 94;
E_0x5f94396c07d0/23 .event edge, v0x5f9439712b30_91, v0x5f9439712b30_92, v0x5f9439712b30_93, v0x5f9439712b30_94;
v0x5f9439712b30_95 .array/port v0x5f9439712b30, 95;
v0x5f9439712b30_96 .array/port v0x5f9439712b30, 96;
v0x5f9439712b30_97 .array/port v0x5f9439712b30, 97;
v0x5f9439712b30_98 .array/port v0x5f9439712b30, 98;
E_0x5f94396c07d0/24 .event edge, v0x5f9439712b30_95, v0x5f9439712b30_96, v0x5f9439712b30_97, v0x5f9439712b30_98;
v0x5f9439712b30_99 .array/port v0x5f9439712b30, 99;
v0x5f9439712b30_100 .array/port v0x5f9439712b30, 100;
v0x5f9439712b30_101 .array/port v0x5f9439712b30, 101;
v0x5f9439712b30_102 .array/port v0x5f9439712b30, 102;
E_0x5f94396c07d0/25 .event edge, v0x5f9439712b30_99, v0x5f9439712b30_100, v0x5f9439712b30_101, v0x5f9439712b30_102;
v0x5f9439712b30_103 .array/port v0x5f9439712b30, 103;
v0x5f9439712b30_104 .array/port v0x5f9439712b30, 104;
v0x5f9439712b30_105 .array/port v0x5f9439712b30, 105;
v0x5f9439712b30_106 .array/port v0x5f9439712b30, 106;
E_0x5f94396c07d0/26 .event edge, v0x5f9439712b30_103, v0x5f9439712b30_104, v0x5f9439712b30_105, v0x5f9439712b30_106;
v0x5f9439712b30_107 .array/port v0x5f9439712b30, 107;
v0x5f9439712b30_108 .array/port v0x5f9439712b30, 108;
v0x5f9439712b30_109 .array/port v0x5f9439712b30, 109;
v0x5f9439712b30_110 .array/port v0x5f9439712b30, 110;
E_0x5f94396c07d0/27 .event edge, v0x5f9439712b30_107, v0x5f9439712b30_108, v0x5f9439712b30_109, v0x5f9439712b30_110;
v0x5f9439712b30_111 .array/port v0x5f9439712b30, 111;
v0x5f9439712b30_112 .array/port v0x5f9439712b30, 112;
v0x5f9439712b30_113 .array/port v0x5f9439712b30, 113;
v0x5f9439712b30_114 .array/port v0x5f9439712b30, 114;
E_0x5f94396c07d0/28 .event edge, v0x5f9439712b30_111, v0x5f9439712b30_112, v0x5f9439712b30_113, v0x5f9439712b30_114;
v0x5f9439712b30_115 .array/port v0x5f9439712b30, 115;
v0x5f9439712b30_116 .array/port v0x5f9439712b30, 116;
v0x5f9439712b30_117 .array/port v0x5f9439712b30, 117;
v0x5f9439712b30_118 .array/port v0x5f9439712b30, 118;
E_0x5f94396c07d0/29 .event edge, v0x5f9439712b30_115, v0x5f9439712b30_116, v0x5f9439712b30_117, v0x5f9439712b30_118;
v0x5f9439712b30_119 .array/port v0x5f9439712b30, 119;
v0x5f9439712b30_120 .array/port v0x5f9439712b30, 120;
v0x5f9439712b30_121 .array/port v0x5f9439712b30, 121;
v0x5f9439712b30_122 .array/port v0x5f9439712b30, 122;
E_0x5f94396c07d0/30 .event edge, v0x5f9439712b30_119, v0x5f9439712b30_120, v0x5f9439712b30_121, v0x5f9439712b30_122;
v0x5f9439712b30_123 .array/port v0x5f9439712b30, 123;
v0x5f9439712b30_124 .array/port v0x5f9439712b30, 124;
v0x5f9439712b30_125 .array/port v0x5f9439712b30, 125;
v0x5f9439712b30_126 .array/port v0x5f9439712b30, 126;
E_0x5f94396c07d0/31 .event edge, v0x5f9439712b30_123, v0x5f9439712b30_124, v0x5f9439712b30_125, v0x5f9439712b30_126;
v0x5f9439712b30_127 .array/port v0x5f9439712b30, 127;
E_0x5f94396c07d0/32 .event edge, v0x5f9439712b30_127;
E_0x5f94396c07d0 .event/or E_0x5f94396c07d0/0, E_0x5f94396c07d0/1, E_0x5f94396c07d0/2, E_0x5f94396c07d0/3, E_0x5f94396c07d0/4, E_0x5f94396c07d0/5, E_0x5f94396c07d0/6, E_0x5f94396c07d0/7, E_0x5f94396c07d0/8, E_0x5f94396c07d0/9, E_0x5f94396c07d0/10, E_0x5f94396c07d0/11, E_0x5f94396c07d0/12, E_0x5f94396c07d0/13, E_0x5f94396c07d0/14, E_0x5f94396c07d0/15, E_0x5f94396c07d0/16, E_0x5f94396c07d0/17, E_0x5f94396c07d0/18, E_0x5f94396c07d0/19, E_0x5f94396c07d0/20, E_0x5f94396c07d0/21, E_0x5f94396c07d0/22, E_0x5f94396c07d0/23, E_0x5f94396c07d0/24, E_0x5f94396c07d0/25, E_0x5f94396c07d0/26, E_0x5f94396c07d0/27, E_0x5f94396c07d0/28, E_0x5f94396c07d0/29, E_0x5f94396c07d0/30, E_0x5f94396c07d0/31, E_0x5f94396c07d0/32;
E_0x5f94396c14d0 .event posedge, v0x5f9439703780_0;
S_0x5f9439693ab0 .scope module, "U_SCCPU" "SCCPU" 3 16, 5 2 0, S_0x5f9439716bb0;
 .timescale -9 -9;
    .port_info 0 /INPUT 1 "clk";
    .port_info 1 /INPUT 1 "reset";
    .port_info 2 /INPUT 32 "inst_in";
    .port_info 3 /INPUT 32 "Data_in";
    .port_info 4 /OUTPUT 1 "mem_w";
    .port_info 5 /OUTPUT 32 "PC_out";
    .port_info 6 /OUTPUT 32 "Addr_out";
    .port_info 7 /OUTPUT 32 "Data_out";
    .port_info 8 /INPUT 5 "reg_sel";
    .port_info 9 /OUTPUT 32 "reg_data";
L_0x5f9439745c30 .functor BUFZ 32, v0x5f943973fc70_0, C4<00000000000000000000000000000000>, C4<00000000000000000000000000000000>, C4<00000000000000000000000000000000>;
L_0x5f9439745f00 .functor BUFZ 32, L_0x5f9439758730, C4<00000000000000000000000000000000>, C4<00000000000000000000000000000000>, C4<00000000000000000000000000000000>;
v0x5f9439741b00_0 .net "ALUOp", 4 0, v0x5f9439741090_0;  1 drivers
v0x5f9439741be0_0 .net "ALUSrc", 0 0, v0x5f9439741170_0;  1 drivers
v0x5f9439741ca0_0 .net "Addr_out", 31 0, L_0x5f9439745c30;  alias, 1 drivers
v0x5f9439741da0_0 .net "B", 31 0, L_0x5f9439745d30;  1 drivers
v0x5f9439741e70_0 .net "Data_in", 31 0, v0x5f943973bee0_0;  alias, 1 drivers
v0x5f9439741f60_0 .net "Data_out", 31 0, L_0x5f9439745f00;  alias, 1 drivers
v0x5f9439742030_0 .net "EXTOp", 5 0, v0x5f9439741210_0;  1 drivers
v0x5f9439742120_0 .net "Funct3", 2 0, L_0x5f9439747490;  1 drivers
v0x5f94397421c0_0 .net "Funct7", 6 0, L_0x5f94397470f0;  1 drivers
v0x5f9439742290_0 .net "IMM", 19 0, L_0x5f94397479c0;  1 drivers
v0x5f9439742330_0 .net "Imm12", 11 0, L_0x5f9439747920;  1 drivers
v0x5f9439742410_0 .net "NPC", 31 0, v0x5f943973caa0_0;  1 drivers
v0x5f94397424d0_0 .net "NPCOp", 2 0, v0x5f9439741570_0;  1 drivers
v0x5f94397425e0_0 .net "Op", 6 0, L_0x5f9439747000;  1 drivers
v0x5f94397426a0_0 .net "PC_out", 31 0, v0x5f943973d280_0;  alias, 1 drivers
v0x5f9439742790_0 .net "RD1", 31 0, L_0x5f9439757ff0;  1 drivers
v0x5f9439742850_0 .net "RD2", 31 0, L_0x5f9439758730;  1 drivers
v0x5f9439742a20_0 .net "RegWrite", 0 0, v0x5f9439741700_0;  1 drivers
v0x5f9439742b10_0 .var "WD", 31 0;
v0x5f9439742bb0_0 .net "WDSel", 1 0, v0x5f94397417d0_0;  1 drivers
v0x5f9439742c50_0 .net "Zero", 0 0, L_0x5f94397599f0;  1 drivers
v0x5f9439742d40_0 .net *"_ivl_11", 4 0, L_0x5f94397461b0;  1 drivers
v0x5f9439742e00_0 .net *"_ivl_17", 0 0, L_0x5f94397464c0;  1 drivers
v0x5f9439742ee0_0 .net *"_ivl_19", 0 0, L_0x5f9439746560;  1 drivers
v0x5f9439742fc0_0 .net *"_ivl_21", 5 0, L_0x5f9439746650;  1 drivers
v0x5f94397430a0_0 .net *"_ivl_23", 3 0, L_0x5f94397466f0;  1 drivers
v0x5f9439743180_0 .net *"_ivl_27", 0 0, L_0x5f94397469d0;  1 drivers
v0x5f9439743260_0 .net *"_ivl_29", 7 0, L_0x5f9439746ae0;  1 drivers
v0x5f9439743340_0 .net *"_ivl_31", 0 0, L_0x5f9439746b80;  1 drivers
v0x5f9439743420_0 .net *"_ivl_33", 9 0, L_0x5f9439746ca0;  1 drivers
v0x5f9439743500_0 .net *"_ivl_9", 6 0, L_0x5f9439746080;  1 drivers
v0x5f94397435e0_0 .net "aluout", 31 0, v0x5f943973fc70_0;  1 drivers
v0x5f94397436a0_0 .net "bimm", 11 0, L_0x5f94397467f0;  1 drivers
v0x5f9439743770_0 .net "clk", 0 0, v0x5f9439745480_0;  alias, 1 drivers
v0x5f9439743810_0 .net "iimm", 11 0, L_0x5f9439745f90;  1 drivers
v0x5f94397438e0_0 .net "immout", 31 0, v0x5f943973c470_0;  1 drivers
v0x5f94397439d0_0 .net "inst_in", 31 0, L_0x5f9439759c70;  alias, 1 drivers
v0x5f9439743ab0_0 .net "jimm", 19 0, L_0x5f9439746d40;  1 drivers
v0x5f9439743b70_0 .net "mem_w", 0 0, v0x5f94397414d0_0;  alias, 1 drivers
v0x5f9439743c60_0 .net "rd", 4 0, L_0x5f9439747770;  1 drivers
v0x5f9439743d00_0 .net "reg_data", 31 0, L_0x5f9439758e00;  alias, 1 drivers
v0x5f9439743dd0_0 .net "reg_sel", 4 0, v0x5f94397458d0_0;  alias, 1 drivers
v0x5f9439743ea0_0 .net "reset", 0 0, L_0x5f9439745af0;  alias, 1 drivers
v0x5f9439743f90_0 .net "rs1", 4 0, L_0x5f9439747580;  1 drivers
v0x5f9439744030_0 .net "rs2", 4 0, L_0x5f94397473f0;  1 drivers
v0x5f9439744100_0 .net "simm", 11 0, L_0x5f9439746250;  1 drivers
v0x5f94397441d0_0 .net "uimm", 19 0, L_0x5f9439746390;  1 drivers
E_0x5f943968eb10 .event edge, v0x5f94397417d0_0, v0x5f943973fc70_0, v0x5f943973bee0_0, v0x5f943973cc20_0;
L_0x5f9439745d30 .functor MUXZ 32, L_0x5f9439758730, v0x5f943973c470_0, v0x5f9439741170_0, C4<>;
L_0x5f9439745f90 .part L_0x5f9439759c70, 20, 12;
L_0x5f9439746080 .part L_0x5f9439759c70, 25, 7;
L_0x5f94397461b0 .part L_0x5f9439759c70, 7, 5;
L_0x5f9439746250 .concat [ 5 7 0 0], L_0x5f94397461b0, L_0x5f9439746080;
L_0x5f9439746390 .part L_0x5f9439759c70, 12, 20;
L_0x5f94397464c0 .part L_0x5f9439759c70, 31, 1;
L_0x5f9439746560 .part L_0x5f9439759c70, 7, 1;
L_0x5f9439746650 .part L_0x5f9439759c70, 25, 6;
L_0x5f94397466f0 .part L_0x5f9439759c70, 8, 4;
L_0x5f94397467f0 .concat [ 4 6 1 1], L_0x5f94397466f0, L_0x5f9439746650, L_0x5f9439746560, L_0x5f94397464c0;
L_0x5f94397469d0 .part L_0x5f9439759c70, 31, 1;
L_0x5f9439746ae0 .part L_0x5f9439759c70, 12, 8;
L_0x5f9439746b80 .part L_0x5f9439759c70, 20, 1;
L_0x5f9439746ca0 .part L_0x5f9439759c70, 21, 10;
L_0x5f9439746d40 .concat [ 10 1 8 1], L_0x5f9439746ca0, L_0x5f9439746b80, L_0x5f9439746ae0, L_0x5f94397469d0;
L_0x5f9439747000 .part L_0x5f9439759c70, 0, 7;
L_0x5f94397470f0 .part L_0x5f9439759c70, 25, 7;
L_0x5f9439747490 .part L_0x5f9439759c70, 12, 3;
L_0x5f9439747580 .part L_0x5f9439759c70, 15, 5;
L_0x5f94397473f0 .part L_0x5f9439759c70, 20, 5;
L_0x5f9439747770 .part L_0x5f9439759c70, 7, 5;
L_0x5f9439747920 .part L_0x5f9439759c70, 20, 12;
L_0x5f94397479c0 .part L_0x5f9439759c70, 12, 20;
S_0x5f94396953f0 .scope module, "U_EXT" "EXT" 5 81, 6 2 0, S_0x5f9439693ab0;
 .timescale -9 -9;
    .port_info 0 /INPUT 12 "iimm";
    .port_info 1 /INPUT 12 "simm";
    .port_info 2 /INPUT 12 "bimm";
    .port_info 3 /INPUT 20 "uimm";
    .port_info 4 /INPUT 20 "jimm";
    .port_info 5 /INPUT 6 "EXTOp";
    .port_info 6 /OUTPUT 32 "immout";
v0x5f943973c1d0_0 .net "EXTOp", 5 0, v0x5f9439741210_0;  alias, 1 drivers
v0x5f943973c2d0_0 .net "bimm", 11 0, L_0x5f94397467f0;  alias, 1 drivers
v0x5f943973c3b0_0 .net "iimm", 11 0, L_0x5f9439745f90;  alias, 1 drivers
v0x5f943973c470_0 .var "immout", 31 0;
v0x5f943973c550_0 .net "jimm", 19 0, L_0x5f9439746d40;  alias, 1 drivers
v0x5f943973c680_0 .net "simm", 11 0, L_0x5f9439746250;  alias, 1 drivers
v0x5f943973c760_0 .net "uimm", 19 0, L_0x5f9439746390;  alias, 1 drivers
E_0x5f9439723150/0 .event edge, v0x5f943973c1d0_0, v0x5f943973c3b0_0, v0x5f943973c680_0, v0x5f943973c2d0_0;
E_0x5f9439723150/1 .event edge, v0x5f943973c760_0, v0x5f943973c550_0;
E_0x5f9439723150 .event/or E_0x5f9439723150/0, E_0x5f9439723150/1;
S_0x5f94396a0450 .scope module, "U_NPC" "NPC" 5 79, 7 3 0, S_0x5f9439693ab0;
 .timescale -9 -9;
    .port_info 0 /INPUT 32 "PC";
    .port_info 1 /INPUT 3 "NPCOp";
    .port_info 2 /INPUT 32 "IMM";
    .port_info 3 /INPUT 32 "RS1";
    .port_info 4 /OUTPUT 32 "NPC";
v0x5f943973c9c0_0 .net "IMM", 31 0, v0x5f943973c470_0;  alias, 1 drivers
v0x5f943973caa0_0 .var "NPC", 31 0;
v0x5f943973cb60_0 .net "NPCOp", 2 0, v0x5f9439741570_0;  alias, 1 drivers
v0x5f943973cc20_0 .net "PC", 31 0, v0x5f943973d280_0;  alias, 1 drivers
v0x5f943973cd00_0 .net "PCPLUS4", 31 0, L_0x5f9439757b40;  1 drivers
v0x5f943973ce30_0 .net "RS1", 31 0, L_0x5f9439757ff0;  alias, 1 drivers
L_0x73fc683b7018 .functor BUFT 1, C4<00000000000000000000000000000100>, C4<0>, C4<0>, C4<0>;
v0x5f943973cf10_0 .net/2u *"_ivl_0", 31 0, L_0x73fc683b7018;  1 drivers
E_0x5f9439723b90/0 .event edge, v0x5f943973cb60_0, v0x5f943973cd00_0, v0x5f943973cc20_0, v0x5f943973c470_0;
E_0x5f9439723b90/1 .event edge, v0x5f943973ce30_0;
E_0x5f9439723b90 .event/or E_0x5f9439723b90/0, E_0x5f9439723b90/1;
L_0x5f9439757b40 .arith/sum 32, v0x5f943973d280_0, L_0x73fc683b7018;
S_0x5f94396a0d20 .scope module, "U_PC" "PC" 5 77, 8 1 0, S_0x5f9439693ab0;
 .timescale -9 -9;
    .port_info 0 /INPUT 1 "clk";
    .port_info 1 /INPUT 1 "rst";
    .port_info 2 /INPUT 32 "NPC";
    .port_info 3 /OUTPUT 32 "PC";
v0x5f943973d170_0 .net "NPC", 31 0, v0x5f943973caa0_0;  alias, 1 drivers
v0x5f943973d280_0 .var "PC", 31 0;
v0x5f943973d350_0 .net "clk", 0 0, v0x5f9439745480_0;  alias, 1 drivers
v0x5f943973d450_0 .net "rst", 0 0, L_0x5f9439745af0;  alias, 1 drivers
E_0x5f943973d110 .event posedge, v0x5f943973d450_0, v0x5f9439703780_0;
S_0x5f94396972e0 .scope module, "U_RF" "RF" 5 86, 9 1 0, S_0x5f9439693ab0;
 .timescale -9 -9;
    .port_info 0 /INPUT 1 "clk";
    .port_info 1 /INPUT 1 "rst";
    .port_info 2 /INPUT 1 "RFWr";
    .port_info 3 /INPUT 5 "A1";
    .port_info 4 /INPUT 5 "A2";
    .port_info 5 /INPUT 5 "A3";
    .port_info 6 /INPUT 32 "WD";
    .port_info 7 /OUTPUT 32 "RD1";
    .port_info 8 /OUTPUT 32 "RD2";
    .port_info 9 /INPUT 5 "reg_sel";
    .port_info 10 /OUTPUT 32 "reg_data";
v0x5f943973d5b0_0 .net "A1", 4 0, L_0x5f9439747580;  alias, 1 drivers
v0x5f943973d6b0_0 .net "A2", 4 0, L_0x5f94397473f0;  alias, 1 drivers
v0x5f943973d790_0 .net "A3", 4 0, L_0x5f9439747770;  alias, 1 drivers
v0x5f943973d850_0 .net "RD1", 31 0, L_0x5f9439757ff0;  alias, 1 drivers
v0x5f943973d940_0 .net "RD2", 31 0, L_0x5f9439758730;  alias, 1 drivers
v0x5f943973da50_0 .net "RFWr", 0 0, v0x5f9439741700_0;  alias, 1 drivers
v0x5f943973db10_0 .net "WD", 31 0, v0x5f9439742b10_0;  1 drivers
v0x5f943973dbf0_0 .net *"_ivl_0", 31 0, L_0x5f9439757be0;  1 drivers
v0x5f943973dcd0_0 .net *"_ivl_10", 6 0, L_0x5f9439757eb0;  1 drivers
L_0x73fc683b70f0 .functor BUFT 1, C4<00>, C4<0>, C4<0>, C4<0>;
v0x5f943973ddb0_0 .net *"_ivl_13", 1 0, L_0x73fc683b70f0;  1 drivers
L_0x73fc683b7138 .functor BUFT 1, C4<00000000000000000000000000000000>, C4<0>, C4<0>, C4<0>;
v0x5f943973de90_0 .net/2u *"_ivl_14", 31 0, L_0x73fc683b7138;  1 drivers
v0x5f943973df70_0 .net *"_ivl_18", 31 0, L_0x5f94397581c0;  1 drivers
L_0x73fc683b7180 .functor BUFT 1, C4<000000000000000000000000000>, C4<0>, C4<0>, C4<0>;
v0x5f943973e050_0 .net *"_ivl_21", 26 0, L_0x73fc683b7180;  1 drivers
L_0x73fc683b71c8 .functor BUFT 1, C4<00000000000000000000000000000000>, C4<0>, C4<0>, C4<0>;
v0x5f943973e130_0 .net/2u *"_ivl_22", 31 0, L_0x73fc683b71c8;  1 drivers
v0x5f943973e210_0 .net *"_ivl_24", 0 0, L_0x5f94397582f0;  1 drivers
v0x5f943973e2d0_0 .net *"_ivl_26", 31 0, L_0x5f9439758430;  1 drivers
v0x5f943973e3b0_0 .net *"_ivl_28", 6 0, L_0x5f9439758520;  1 drivers
L_0x73fc683b7060 .functor BUFT 1, C4<000000000000000000000000000>, C4<0>, C4<0>, C4<0>;
v0x5f943973e490_0 .net *"_ivl_3", 26 0, L_0x73fc683b7060;  1 drivers
L_0x73fc683b7210 .functor BUFT 1, C4<00>, C4<0>, C4<0>, C4<0>;
v0x5f943973e570_0 .net *"_ivl_31", 1 0, L_0x73fc683b7210;  1 drivers
L_0x73fc683b7258 .functor BUFT 1, C4<00000000000000000000000000000000>, C4<0>, C4<0>, C4<0>;
v0x5f943973e650_0 .net/2u *"_ivl_32", 31 0, L_0x73fc683b7258;  1 drivers
v0x5f943973e730_0 .net *"_ivl_36", 31 0, L_0x5f94397588c0;  1 drivers
L_0x73fc683b72a0 .functor BUFT 1, C4<000000000000000000000000000>, C4<0>, C4<0>, C4<0>;
v0x5f943973e810_0 .net *"_ivl_39", 26 0, L_0x73fc683b72a0;  1 drivers
L_0x73fc683b70a8 .functor BUFT 1, C4<00000000000000000000000000000000>, C4<0>, C4<0>, C4<0>;
v0x5f943973e8f0_0 .net/2u *"_ivl_4", 31 0, L_0x73fc683b70a8;  1 drivers
L_0x73fc683b72e8 .functor BUFT 1, C4<00000000000000000000000000000000>, C4<0>, C4<0>, C4<0>;
v0x5f943973e9d0_0 .net/2u *"_ivl_40", 31 0, L_0x73fc683b72e8;  1 drivers
v0x5f943973eab0_0 .net *"_ivl_42", 0 0, L_0x5f94397589f0;  1 drivers
v0x5f943973eb70_0 .net *"_ivl_44", 31 0, L_0x5f9439758ba0;  1 drivers
v0x5f943973ec50_0 .net *"_ivl_46", 6 0, L_0x5f9439758c40;  1 drivers
L_0x73fc683b7330 .functor BUFT 1, C4<00>, C4<0>, C4<0>, C4<0>;
v0x5f943973ed30_0 .net *"_ivl_49", 1 0, L_0x73fc683b7330;  1 drivers
L_0x73fc683b7378 .functor BUFT 1, C4<00000000000000000000000000000000>, C4<0>, C4<0>, C4<0>;
v0x5f943973ee10_0 .net/2u *"_ivl_50", 31 0, L_0x73fc683b7378;  1 drivers
v0x5f943973eef0_0 .net *"_ivl_6", 0 0, L_0x5f9439757cd0;  1 drivers
v0x5f943973efb0_0 .net *"_ivl_8", 31 0, L_0x5f9439757e10;  1 drivers
v0x5f943973f090_0 .net "clk", 0 0, v0x5f9439745480_0;  alias, 1 drivers
v0x5f943973f130_0 .var/i "i", 31 0;
v0x5f943973f210_0 .net "reg_data", 31 0, L_0x5f9439758e00;  alias, 1 drivers
v0x5f943973f2f0_0 .net "reg_sel", 4 0, v0x5f94397458d0_0;  alias, 1 drivers
v0x5f943973f3d0 .array "rf", 0 31, 31 0;
v0x5f943973f490_0 .net "rst", 0 0, L_0x5f9439745af0;  alias, 1 drivers
L_0x5f9439757be0 .concat [ 5 27 0 0], L_0x5f9439747580, L_0x73fc683b7060;
L_0x5f9439757cd0 .cmp/ne 32, L_0x5f9439757be0, L_0x73fc683b70a8;
L_0x5f9439757e10 .array/port v0x5f943973f3d0, L_0x5f9439757eb0;
L_0x5f9439757eb0 .concat [ 5 2 0 0], L_0x5f9439747580, L_0x73fc683b70f0;
L_0x5f9439757ff0 .functor MUXZ 32, L_0x73fc683b7138, L_0x5f9439757e10, L_0x5f9439757cd0, C4<>;
L_0x5f94397581c0 .concat [ 5 27 0 0], L_0x5f94397473f0, L_0x73fc683b7180;
L_0x5f94397582f0 .cmp/ne 32, L_0x5f94397581c0, L_0x73fc683b71c8;
L_0x5f9439758430 .array/port v0x5f943973f3d0, L_0x5f9439758520;
L_0x5f9439758520 .concat [ 5 2 0 0], L_0x5f94397473f0, L_0x73fc683b7210;
L_0x5f9439758730 .functor MUXZ 32, L_0x73fc683b7258, L_0x5f9439758430, L_0x5f94397582f0, C4<>;
L_0x5f94397588c0 .concat [ 5 27 0 0], v0x5f94397458d0_0, L_0x73fc683b72a0;
L_0x5f94397589f0 .cmp/ne 32, L_0x5f94397588c0, L_0x73fc683b72e8;
L_0x5f9439758ba0 .array/port v0x5f943973f3d0, L_0x5f9439758c40;
L_0x5f9439758c40 .concat [ 5 2 0 0], v0x5f94397458d0_0, L_0x73fc683b7330;
L_0x5f9439758e00 .functor MUXZ 32, L_0x73fc683b7378, L_0x5f9439758ba0, L_0x5f94397589f0, C4<>;
S_0x5f943973f670 .scope module, "U_alu" "alu" 5 96, 10 3 0, S_0x5f9439693ab0;
 .timescale -9 -9;
    .port_info 0 /INPUT 32 "A";
    .port_info 1 /INPUT 32 "B";
    .port_info 2 /INPUT 5 "ALUOp";
    .port_info 3 /OUTPUT 32 "C";
    .port_info 4 /OUTPUT 1 "Zero";
L_0x5f9439758b30 .functor OR 1, L_0x5f9439758fd0, L_0x5f94397590c0, C4<0>, C4<0>;
L_0x5f9439746a70 .functor OR 1, L_0x5f9439758b30, L_0x5f9439759290, C4<0>, C4<0>;
L_0x5f9439759510 .functor OR 1, L_0x5f9439746a70, L_0x5f9439759420, C4<0>, C4<0>;
L_0x5f9439759710 .functor OR 1, L_0x5f9439759510, L_0x5f9439759620, C4<0>, C4<0>;
v0x5f943973f9a0_0 .net/s "A", 31 0, L_0x5f9439757ff0;  alias, 1 drivers
v0x5f943973fad0_0 .net "ALUOp", 4 0, v0x5f9439741090_0;  alias, 1 drivers
v0x5f943973fbb0_0 .net/s "B", 31 0, L_0x5f9439745d30;  alias, 1 drivers
v0x5f943973fc70_0 .var "C", 31 0;
v0x5f943973fd50_0 .net "Zero", 0 0, L_0x5f94397599f0;  alias, 1 drivers
L_0x73fc683b73c0 .functor BUFT 1, C4<00101>, C4<0>, C4<0>, C4<0>;
v0x5f943973fe60_0 .net/2u *"_ivl_0", 4 0, L_0x73fc683b73c0;  1 drivers
L_0x73fc683b7450 .functor BUFT 1, C4<00111>, C4<0>, C4<0>, C4<0>;
v0x5f943973ff40_0 .net/2u *"_ivl_10", 4 0, L_0x73fc683b7450;  1 drivers
v0x5f9439740020_0 .net *"_ivl_12", 0 0, L_0x5f9439759290;  1 drivers
v0x5f94397400e0_0 .net *"_ivl_15", 0 0, L_0x5f9439746a70;  1 drivers
L_0x73fc683b7498 .functor BUFT 1, C4<01000>, C4<0>, C4<0>, C4<0>;
v0x5f94397401a0_0 .net/2u *"_ivl_16", 4 0, L_0x73fc683b7498;  1 drivers
v0x5f9439740280_0 .net *"_ivl_18", 0 0, L_0x5f9439759420;  1 drivers
v0x5f9439740340_0 .net *"_ivl_2", 0 0, L_0x5f9439758fd0;  1 drivers
v0x5f9439740400_0 .net *"_ivl_21", 0 0, L_0x5f9439759510;  1 drivers
L_0x73fc683b74e0 .functor BUFT 1, C4<01001>, C4<0>, C4<0>, C4<0>;
v0x5f94397404c0_0 .net/2u *"_ivl_22", 4 0, L_0x73fc683b74e0;  1 drivers
v0x5f94397405a0_0 .net *"_ivl_24", 0 0, L_0x5f9439759620;  1 drivers
v0x5f9439740660_0 .net *"_ivl_27", 0 0, L_0x5f9439759710;  1 drivers
L_0x73fc683b7528 .functor BUFT 1, C4<00000000000000000000000000000000>, C4<0>, C4<0>, C4<0>;
v0x5f9439740720_0 .net/2u *"_ivl_28", 31 0, L_0x73fc683b7528;  1 drivers
v0x5f9439740800_0 .net *"_ivl_30", 0 0, L_0x5f9439759820;  1 drivers
L_0x73fc683b7570 .functor BUFT 1, C4<00000000000000000000000000000000>, C4<0>, C4<0>, C4<0>;
v0x5f94397408c0_0 .net/2u *"_ivl_32", 31 0, L_0x73fc683b7570;  1 drivers
v0x5f94397409a0_0 .net *"_ivl_34", 0 0, L_0x5f9439759950;  1 drivers
L_0x73fc683b7408 .functor BUFT 1, C4<00110>, C4<0>, C4<0>, C4<0>;
v0x5f9439740a60_0 .net/2u *"_ivl_4", 4 0, L_0x73fc683b7408;  1 drivers
v0x5f9439740b40_0 .net *"_ivl_6", 0 0, L_0x5f94397590c0;  1 drivers
v0x5f9439740c00_0 .net *"_ivl_9", 0 0, L_0x5f9439758b30;  1 drivers
E_0x5f943973f920 .event edge, v0x5f943973fad0_0, v0x5f943973fbb0_0, v0x5f943973ce30_0;
L_0x5f9439758fd0 .cmp/eq 5, v0x5f9439741090_0, L_0x73fc683b73c0;
L_0x5f94397590c0 .cmp/eq 5, v0x5f9439741090_0, L_0x73fc683b7408;
L_0x5f9439759290 .cmp/eq 5, v0x5f9439741090_0, L_0x73fc683b7450;
L_0x5f9439759420 .cmp/eq 5, v0x5f9439741090_0, L_0x73fc683b7498;
L_0x5f9439759620 .cmp/eq 5, v0x5f9439741090_0, L_0x73fc683b74e0;
L_0x5f9439759820 .cmp/ne 32, v0x5f943973fc70_0, L_0x73fc683b7528;
L_0x5f9439759950 .cmp/eq 32, v0x5f943973fc70_0, L_0x73fc683b7570;
L_0x5f94397599f0 .functor MUXZ 1, L_0x5f9439759950, L_0x5f9439759820, L_0x5f9439759710, C4<>;
S_0x5f9439740d60 .scope module, "U_ctrl" "ctrl" 5 70, 11 3 0, S_0x5f9439693ab0;
 .timescale -9 -9;
    .port_info 0 /INPUT 7 "Op";
    .port_info 1 /INPUT 7 "Funct7";
    .port_info 2 /INPUT 3 "Funct3";
    .port_info 3 /INPUT 1 "Zero";
    .port_info 4 /OUTPUT 1 "RegWrite";
    .port_info 5 /OUTPUT 1 "MemWrite";
    .port_info 6 /OUTPUT 6 "EXTOp";
    .port_info 7 /OUTPUT 5 "ALUOp";
    .port_info 8 /OUTPUT 3 "NPCOp";
    .port_info 9 /OUTPUT 1 "ALUSrc";
    .port_info 10 /OUTPUT 2 "WDSel";
v0x5f9439741090_0 .var "ALUOp", 4 0;
v0x5f9439741170_0 .var "ALUSrc", 0 0;
v0x5f9439741210_0 .var "EXTOp", 5 0;
v0x5f94397412e0_0 .net "Funct3", 2 0, L_0x5f9439747490;  alias, 1 drivers
v0x5f94397413a0_0 .net "Funct7", 6 0, L_0x5f94397470f0;  alias, 1 drivers
v0x5f94397414d0_0 .var "MemWrite", 0 0;
v0x5f9439741570_0 .var "NPCOp", 2 0;
v0x5f9439741640_0 .net "Op", 6 0, L_0x5f9439747000;  alias, 1 drivers
v0x5f9439741700_0 .var "RegWrite", 0 0;
v0x5f94397417d0_0 .var "WDSel", 1 0;
v0x5f9439741890_0 .net "Zero", 0 0, L_0x5f94397599f0;  alias, 1 drivers
E_0x5f9439741000 .event edge, v0x5f9439741640_0, v0x5f94397413a0_0, v0x5f94397412e0_0, v0x5f943973fd50_0;
S_0x5f94397443c0 .scope module, "U_imem" "im" 3 39, 12 2 0, S_0x5f9439716bb0;
 .timescale -9 -9;
    .port_info 0 /INPUT 30 "addr";
    .port_info 1 /OUTPUT 32 "dout";
L_0x5f9439759c70 .functor BUFZ 32, L_0x5f9439759bd0, C4<00000000000000000000000000000000>, C4<00000000000000000000000000000000>, C4<00000000000000000000000000000000>;
v0x5f9439744610 .array "RAM", 0 127, 31 0;
v0x5f94397446f0_0 .net *"_ivl_0", 31 0, L_0x5f9439759bd0;  1 drivers
v0x5f94397447d0_0 .net "addr", 31 2, L_0x5f9439759d30;  1 drivers
v0x5f94397448c0_0 .net "dout", 31 0, L_0x5f9439759c70;  alias, 1 drivers
L_0x5f9439759bd0 .array/port v0x5f9439744610, L_0x5f9439759d30;
    .scope S_0x5f9439740d60;
T_0 ;
    %wait E_0x5f9439741000;
    %pushi/vec4 0, 0, 1;
    %store/vec4 v0x5f9439741700_0, 0, 1;
    %pushi/vec4 0, 0, 1;
    %store/vec4 v0x5f94397414d0_0, 0, 1;
    %pushi/vec4 0, 0, 6;
    %store/vec4 v0x5f9439741210_0, 0, 6;
    %pushi/vec4 0, 0, 5;
    %store/vec4 v0x5f9439741090_0, 0, 5;
    %pushi/vec4 0, 0, 3;
    %store/vec4 v0x5f9439741570_0, 0, 3;
    %pushi/vec4 0, 0, 1;
    %store/vec4 v0x5f9439741170_0, 0, 1;
    %pushi/vec4 0, 0, 2;
    %store/vec4 v0x5f94397417d0_0, 0, 2;
    %load/vec4 v0x5f9439741640_0;
    %dup/vec4;
    %pushi/vec4 55, 0, 7;
    %cmp/u;
    %jmp/1 T_0.0, 6;
    %dup/vec4;
    %pushi/vec4 51, 0, 7;
    %cmp/u;
    %jmp/1 T_0.1, 6;
    %dup/vec4;
    %pushi/vec4 19, 0, 7;
    %cmp/u;
    %jmp/1 T_0.2, 6;
    %dup/vec4;
    %pushi/vec4 3, 0, 7;
    %cmp/u;
    %jmp/1 T_0.3, 6;
    %dup/vec4;
    %pushi/vec4 35, 0, 7;
    %cmp/u;
    %jmp/1 T_0.4, 6;
    %dup/vec4;
    %pushi/vec4 99, 0, 7;
    %cmp/u;
    %jmp/1 T_0.5, 6;
    %dup/vec4;
    %pushi/vec4 111, 0, 7;
    %cmp/u;
    %jmp/1 T_0.6, 6;
    %dup/vec4;
    %pushi/vec4 103, 0, 7;
    %cmp/u;
    %jmp/1 T_0.7, 6;
    %pushi/vec4 0, 0, 1;
    %store/vec4 v0x5f9439741700_0, 0, 1;
    %pushi/vec4 0, 0, 1;
    %store/vec4 v0x5f94397414d0_0, 0, 1;
    %jmp T_0.9;
T_0.0 ;
    %pushi/vec4 1, 0, 1;
    %store/vec4 v0x5f9439741700_0, 0, 1;
    %pushi/vec4 1, 0, 1;
    %store/vec4 v0x5f9439741170_0, 0, 1;
    %pushi/vec4 2, 0, 6;
    %store/vec4 v0x5f9439741210_0, 0, 6;
    %pushi/vec4 1, 0, 5;
    %store/vec4 v0x5f9439741090_0, 0, 5;
    %jmp T_0.9;
T_0.1 ;
    %pushi/vec4 1, 0, 1;
    %store/vec4 v0x5f9439741700_0, 0, 1;
    %load/vec4 v0x5f94397413a0_0;
    %load/vec4 v0x5f94397412e0_0;
    %concat/vec4; draw_concat_vec4
    %dup/vec4;
    %pushi/vec4 0, 0, 10;
    %cmp/u;
    %jmp/1 T_0.10, 6;
    %dup/vec4;
    %pushi/vec4 256, 0, 10;
    %cmp/u;
    %jmp/1 T_0.11, 6;
    %dup/vec4;
    %pushi/vec4 2, 0, 10;
    %cmp/u;
    %jmp/1 T_0.12, 6;
    %dup/vec4;
    %pushi/vec4 3, 0, 10;
    %cmp/u;
    %jmp/1 T_0.13, 6;
    %dup/vec4;
    %pushi/vec4 4, 0, 10;
    %cmp/u;
    %jmp/1 T_0.14, 6;
    %dup/vec4;
    %pushi/vec4 6, 0, 10;
    %cmp/u;
    %jmp/1 T_0.15, 6;
    %dup/vec4;
    %pushi/vec4 7, 0, 10;
    %cmp/u;
    %jmp/1 T_0.16, 6;
    %dup/vec4;
    %pushi/vec4 1, 0, 10;
    %cmp/u;
    %jmp/1 T_0.17, 6;
    %dup/vec4;
    %pushi/vec4 5, 0, 10;
    %cmp/u;
    %jmp/1 T_0.18, 6;
    %dup/vec4;
    %pushi/vec4 261, 0, 10;
    %cmp/u;
    %jmp/1 T_0.19, 6;
    %pushi/vec4 0, 0, 1;
    %store/vec4 v0x5f9439741700_0, 0, 1;
    %pushi/vec4 0, 0, 5;
    %store/vec4 v0x5f9439741090_0, 0, 5;
    %jmp T_0.21;
T_0.10 ;
    %pushi/vec4 3, 0, 5;
    %store/vec4 v0x5f9439741090_0, 0, 5;
    %jmp T_0.21;
T_0.11 ;
    %pushi/vec4 4, 0, 5;
    %store/vec4 v0x5f9439741090_0, 0, 5;
    %jmp T_0.21;
T_0.12 ;
    %pushi/vec4 10, 0, 5;
    %store/vec4 v0x5f9439741090_0, 0, 5;
    %jmp T_0.21;
T_0.13 ;
    %pushi/vec4 11, 0, 5;
    %store/vec4 v0x5f9439741090_0, 0, 5;
    %jmp T_0.21;
T_0.14 ;
    %pushi/vec4 12, 0, 5;
    %store/vec4 v0x5f9439741090_0, 0, 5;
    %jmp T_0.21;
T_0.15 ;
    %pushi/vec4 13, 0, 5;
    %store/vec4 v0x5f9439741090_0, 0, 5;
    %jmp T_0.21;
T_0.16 ;
    %pushi/vec4 14, 0, 5;
    %store/vec4 v0x5f9439741090_0, 0, 5;
    %jmp T_0.21;
T_0.17 ;
    %pushi/vec4 15, 0, 5;
    %store/vec4 v0x5f9439741090_0, 0, 5;
    %jmp T_0.21;
T_0.18 ;
    %pushi/vec4 16, 0, 5;
    %store/vec4 v0x5f9439741090_0, 0, 5;
    %jmp T_0.21;
T_0.19 ;
    %pushi/vec4 17, 0, 5;
    %store/vec4 v0x5f9439741090_0, 0, 5;
    %jmp T_0.21;
T_0.21 ;
    %pop/vec4 1;
    %jmp T_0.9;
T_0.2 ;
    %pushi/vec4 1, 0, 1;
    %store/vec4 v0x5f9439741700_0, 0, 1;
    %pushi/vec4 1, 0, 1;
    %store/vec4 v0x5f9439741170_0, 0, 1;
    %pushi/vec4 16, 0, 6;
    %store/vec4 v0x5f9439741210_0, 0, 6;
    %load/vec4 v0x5f94397412e0_0;
    %dup/vec4;
    %pushi/vec4 0, 0, 3;
    %cmp/u;
    %jmp/1 T_0.22, 6;
    %dup/vec4;
    %pushi/vec4 2, 0, 3;
    %cmp/u;
    %jmp/1 T_0.23, 6;
    %dup/vec4;
    %pushi/vec4 3, 0, 3;
    %cmp/u;
    %jmp/1 T_0.24, 6;
    %dup/vec4;
    %pushi/vec4 4, 0, 3;
    %cmp/u;
    %jmp/1 T_0.25, 6;
    %dup/vec4;
    %pushi/vec4 6, 0, 3;
    %cmp/u;
    %jmp/1 T_0.26, 6;
    %dup/vec4;
    %pushi/vec4 7, 0, 3;
    %cmp/u;
    %jmp/1 T_0.27, 6;
    %dup/vec4;
    %pushi/vec4 1, 0, 3;
    %cmp/u;
    %jmp/1 T_0.28, 6;
    %dup/vec4;
    %pushi/vec4 5, 0, 3;
    %cmp/u;
    %jmp/1 T_0.29, 6;
    %pushi/vec4 0, 0, 1;
    %store/vec4 v0x5f9439741700_0, 0, 1;
    %pushi/vec4 0, 0, 5;
    %store/vec4 v0x5f9439741090_0, 0, 5;
    %jmp T_0.31;
T_0.22 ;
    %pushi/vec4 3, 0, 5;
    %store/vec4 v0x5f9439741090_0, 0, 5;
    %jmp T_0.31;
T_0.23 ;
    %pushi/vec4 10, 0, 5;
    %store/vec4 v0x5f9439741090_0, 0, 5;
    %jmp T_0.31;
T_0.24 ;
    %pushi/vec4 11, 0, 5;
    %store/vec4 v0x5f9439741090_0, 0, 5;
    %jmp T_0.31;
T_0.25 ;
    %pushi/vec4 12, 0, 5;
    %store/vec4 v0x5f9439741090_0, 0, 5;
    %jmp T_0.31;
T_0.26 ;
    %pushi/vec4 13, 0, 5;
    %store/vec4 v0x5f9439741090_0, 0, 5;
    %jmp T_0.31;
T_0.27 ;
    %pushi/vec4 14, 0, 5;
    %store/vec4 v0x5f9439741090_0, 0, 5;
    %jmp T_0.31;
T_0.28 ;
    %load/vec4 v0x5f94397413a0_0;
    %cmpi/e 0, 0, 7;
    %flag_mov 8, 4;
    %jmp/0 T_0.32, 8;
    %pushi/vec4 15, 0, 5;
    %jmp/1 T_0.33, 8;
T_0.32 ; End of true expr.
    %pushi/vec4 0, 0, 5;
    %jmp/0 T_0.33, 8;
 ; End of false expr.
    %blend;
T_0.33;
    %store/vec4 v0x5f9439741090_0, 0, 5;
    %jmp T_0.31;
T_0.29 ;
    %load/vec4 v0x5f94397413a0_0;
    %cmpi/e 32, 0, 7;
    %flag_mov 8, 4;
    %jmp/0 T_0.34, 8;
    %pushi/vec4 17, 0, 5;
    %jmp/1 T_0.35, 8;
T_0.34 ; End of true expr.
    %pushi/vec4 16, 0, 5;
    %jmp/0 T_0.35, 8;
 ; End of false expr.
    %blend;
T_0.35;
    %store/vec4 v0x5f9439741090_0, 0, 5;
    %jmp T_0.31;
T_0.31 ;
    %pop/vec4 1;
    %jmp T_0.9;
T_0.3 ;
    %pushi/vec4 1, 0, 1;
    %store/vec4 v0x5f9439741700_0, 0, 1;
    %pushi/vec4 1, 0, 1;
    %store/vec4 v0x5f9439741170_0, 0, 1;
    %pushi/vec4 16, 0, 6;
    %store/vec4 v0x5f9439741210_0, 0, 6;
    %pushi/vec4 3, 0, 5;
    %store/vec4 v0x5f9439741090_0, 0, 5;
    %pushi/vec4 1, 0, 2;
    %store/vec4 v0x5f94397417d0_0, 0, 2;
    %jmp T_0.9;
T_0.4 ;
    %pushi/vec4 1, 0, 1;
    %store/vec4 v0x5f94397414d0_0, 0, 1;
    %pushi/vec4 1, 0, 1;
    %store/vec4 v0x5f9439741170_0, 0, 1;
    %pushi/vec4 8, 0, 6;
    %store/vec4 v0x5f9439741210_0, 0, 6;
    %pushi/vec4 3, 0, 5;
    %store/vec4 v0x5f9439741090_0, 0, 5;
    %jmp T_0.9;
T_0.5 ;
    %pushi/vec4 4, 0, 6;
    %store/vec4 v0x5f9439741210_0, 0, 6;
    %load/vec4 v0x5f94397412e0_0;
    %dup/vec4;
    %pushi/vec4 0, 0, 3;
    %cmp/u;
    %jmp/1 T_0.36, 6;
    %dup/vec4;
    %pushi/vec4 1, 0, 3;
    %cmp/u;
    %jmp/1 T_0.37, 6;
    %dup/vec4;
    %pushi/vec4 4, 0, 3;
    %cmp/u;
    %jmp/1 T_0.38, 6;
    %dup/vec4;
    %pushi/vec4 5, 0, 3;
    %cmp/u;
    %jmp/1 T_0.39, 6;
    %dup/vec4;
    %pushi/vec4 6, 0, 3;
    %cmp/u;
    %jmp/1 T_0.40, 6;
    %dup/vec4;
    %pushi/vec4 7, 0, 3;
    %cmp/u;
    %jmp/1 T_0.41, 6;
    %pushi/vec4 0, 0, 5;
    %store/vec4 v0x5f9439741090_0, 0, 5;
    %pushi/vec4 0, 0, 3;
    %store/vec4 v0x5f9439741570_0, 0, 3;
    %jmp T_0.43;
T_0.36 ;
    %pushi/vec4 4, 0, 5;
    %store/vec4 v0x5f9439741090_0, 0, 5;
    %load/vec4 v0x5f9439741890_0;
    %flag_set/vec4 8;
    %jmp/0 T_0.44, 8;
    %pushi/vec4 1, 0, 3;
    %jmp/1 T_0.45, 8;
T_0.44 ; End of true expr.
    %pushi/vec4 0, 0, 3;
    %jmp/0 T_0.45, 8;
 ; End of false expr.
    %blend;
T_0.45;
    %store/vec4 v0x5f9439741570_0, 0, 3;
    %jmp T_0.43;
T_0.37 ;
    %pushi/vec4 5, 0, 5;
    %store/vec4 v0x5f9439741090_0, 0, 5;
    %load/vec4 v0x5f9439741890_0;
    %flag_set/vec4 8;
    %jmp/0 T_0.46, 8;
    %pushi/vec4 1, 0, 3;
    %jmp/1 T_0.47, 8;
T_0.46 ; End of true expr.
    %pushi/vec4 0, 0, 3;
    %jmp/0 T_0.47, 8;
 ; End of false expr.
    %blend;
T_0.47;
    %store/vec4 v0x5f9439741570_0, 0, 3;
    %jmp T_0.43;
T_0.38 ;
    %pushi/vec4 6, 0, 5;
    %store/vec4 v0x5f9439741090_0, 0, 5;
    %load/vec4 v0x5f9439741890_0;
    %flag_set/vec4 8;
    %jmp/0 T_0.48, 8;
    %pushi/vec4 1, 0, 3;
    %jmp/1 T_0.49, 8;
T_0.48 ; End of true expr.
    %pushi/vec4 0, 0, 3;
    %jmp/0 T_0.49, 8;
 ; End of false expr.
    %blend;
T_0.49;
    %store/vec4 v0x5f9439741570_0, 0, 3;
    %jmp T_0.43;
T_0.39 ;
    %pushi/vec4 7, 0, 5;
    %store/vec4 v0x5f9439741090_0, 0, 5;
    %load/vec4 v0x5f9439741890_0;
    %flag_set/vec4 8;
    %jmp/0 T_0.50, 8;
    %pushi/vec4 1, 0, 3;
    %jmp/1 T_0.51, 8;
T_0.50 ; End of true expr.
    %pushi/vec4 0, 0, 3;
    %jmp/0 T_0.51, 8;
 ; End of false expr.
    %blend;
T_0.51;
    %store/vec4 v0x5f9439741570_0, 0, 3;
    %jmp T_0.43;
T_0.40 ;
    %pushi/vec4 8, 0, 5;
    %store/vec4 v0x5f9439741090_0, 0, 5;
    %load/vec4 v0x5f9439741890_0;
    %flag_set/vec4 8;
    %jmp/0 T_0.52, 8;
    %pushi/vec4 1, 0, 3;
    %jmp/1 T_0.53, 8;
T_0.52 ; End of true expr.
    %pushi/vec4 0, 0, 3;
    %jmp/0 T_0.53, 8;
 ; End of false expr.
    %blend;
T_0.53;
    %store/vec4 v0x5f9439741570_0, 0, 3;
    %jmp T_0.43;
T_0.41 ;
    %pushi/vec4 9, 0, 5;
    %store/vec4 v0x5f9439741090_0, 0, 5;
    %load/vec4 v0x5f9439741890_0;
    %flag_set/vec4 8;
    %jmp/0 T_0.54, 8;
    %pushi/vec4 1, 0, 3;
    %jmp/1 T_0.55, 8;
T_0.54 ; End of true expr.
    %pushi/vec4 0, 0, 3;
    %jmp/0 T_0.55, 8;
 ; End of false expr.
    %blend;
T_0.55;
    %store/vec4 v0x5f9439741570_0, 0, 3;
    %jmp T_0.43;
T_0.43 ;
    %pop/vec4 1;
    %jmp T_0.9;
T_0.6 ;
    %pushi/vec4 1, 0, 1;
    %store/vec4 v0x5f9439741700_0, 0, 1;
    %pushi/vec4 1, 0, 6;
    %store/vec4 v0x5f9439741210_0, 0, 6;
    %pushi/vec4 2, 0, 3;
    %store/vec4 v0x5f9439741570_0, 0, 3;
    %pushi/vec4 2, 0, 2;
    %store/vec4 v0x5f94397417d0_0, 0, 2;
    %jmp T_0.9;
T_0.7 ;
    %pushi/vec4 1, 0, 1;
    %store/vec4 v0x5f9439741700_0, 0, 1;
    %pushi/vec4 1, 0, 1;
    %store/vec4 v0x5f9439741170_0, 0, 1;
    %pushi/vec4 16, 0, 6;
    %store/vec4 v0x5f9439741210_0, 0, 6;
    %pushi/vec4 3, 0, 5;
    %store/vec4 v0x5f9439741090_0, 0, 5;
    %pushi/vec4 4, 0, 3;
    %store/vec4 v0x5f9439741570_0, 0, 3;
    %pushi/vec4 2, 0, 2;
    %store/vec4 v0x5f94397417d0_0, 0, 2;
    %jmp T_0.9;
T_0.9 ;
    %pop/vec4 1;
    %jmp T_0;
    .thread T_0, $push;
    .scope S_0x5f94396a0d20;
T_1 ;
    %wait E_0x5f943973d110;
    %load/vec4 v0x5f943973d450_0;
    %flag_set/vec4 8;
    %jmp/0xz  T_1.0, 8;
    %pushi/vec4 0, 0, 32;
    %assign/vec4 v0x5f943973d280_0, 0;
    %jmp T_1.1;
T_1.0 ;
    %load/vec4 v0x5f943973d170_0;
    %assign/vec4 v0x5f943973d280_0, 0;
T_1.1 ;
    %jmp T_1;
    .thread T_1;
    .scope S_0x5f94396a0450;
T_2 ;
    %wait E_0x5f9439723b90;
    %load/vec4 v0x5f943973cb60_0;
    %dup/vec4;
    %pushi/vec4 0, 0, 3;
    %cmp/u;
    %jmp/1 T_2.0, 6;
    %dup/vec4;
    %pushi/vec4 1, 0, 3;
    %cmp/u;
    %jmp/1 T_2.1, 6;
    %dup/vec4;
    %pushi/vec4 2, 0, 3;
    %cmp/u;
    %jmp/1 T_2.2, 6;
    %dup/vec4;
    %pushi/vec4 4, 0, 3;
    %cmp/u;
    %jmp/1 T_2.3, 6;
    %load/vec4 v0x5f943973cd00_0;
    %store/vec4 v0x5f943973caa0_0, 0, 32;
    %jmp T_2.5;
T_2.0 ;
    %load/vec4 v0x5f943973cd00_0;
    %store/vec4 v0x5f943973caa0_0, 0, 32;
    %jmp T_2.5;
T_2.1 ;
    %load/vec4 v0x5f943973cc20_0;
    %load/vec4 v0x5f943973c9c0_0;
    %add;
    %store/vec4 v0x5f943973caa0_0, 0, 32;
    %jmp T_2.5;
T_2.2 ;
    %load/vec4 v0x5f943973cc20_0;
    %load/vec4 v0x5f943973c9c0_0;
    %add;
    %store/vec4 v0x5f943973caa0_0, 0, 32;
    %jmp T_2.5;
T_2.3 ;
    %load/vec4 v0x5f943973ce30_0;
    %load/vec4 v0x5f943973c9c0_0;
    %add;
    %pushi/vec4 4294967294, 0, 32;
    %and;
    %store/vec4 v0x5f943973caa0_0, 0, 32;
    %jmp T_2.5;
T_2.5 ;
    %pop/vec4 1;
    %jmp T_2;
    .thread T_2, $push;
    .scope S_0x5f94396953f0;
T_3 ;
    %wait E_0x5f9439723150;
    %load/vec4 v0x5f943973c1d0_0;
    %dup/vec4;
    %pushi/vec4 16, 0, 6;
    %cmp/u;
    %jmp/1 T_3.0, 6;
    %dup/vec4;
    %pushi/vec4 8, 0, 6;
    %cmp/u;
    %jmp/1 T_3.1, 6;
    %dup/vec4;
    %pushi/vec4 4, 0, 6;
    %cmp/u;
    %jmp/1 T_3.2, 6;
    %dup/vec4;
    %pushi/vec4 2, 0, 6;
    %cmp/u;
    %jmp/1 T_3.3, 6;
    %dup/vec4;
    %pushi/vec4 1, 0, 6;
    %cmp/u;
    %jmp/1 T_3.4, 6;
    %pushi/vec4 0, 0, 32;
    %assign/vec4 v0x5f943973c470_0, 0;
    %jmp T_3.6;
T_3.0 ;
    %load/vec4 v0x5f943973c3b0_0;
    %parti/s 1, 11, 5;
    %replicate 20;
    %load/vec4 v0x5f943973c3b0_0;
    %concat/vec4; draw_concat_vec4
    %assign/vec4 v0x5f943973c470_0, 0;
    %jmp T_3.6;
T_3.1 ;
    %load/vec4 v0x5f943973c680_0;
    %parti/s 1, 11, 5;
    %replicate 20;
    %load/vec4 v0x5f943973c680_0;
    %concat/vec4; draw_concat_vec4
    %assign/vec4 v0x5f943973c470_0, 0;
    %jmp T_3.6;
T_3.2 ;
    %load/vec4 v0x5f943973c2d0_0;
    %parti/s 1, 11, 5;
    %replicate 19;
    %load/vec4 v0x5f943973c2d0_0;
    %concat/vec4; draw_concat_vec4
    %concati/vec4 0, 0, 1;
    %assign/vec4 v0x5f943973c470_0, 0;
    %jmp T_3.6;
T_3.3 ;
    %load/vec4 v0x5f943973c760_0;
    %concati/vec4 0, 0, 12;
    %assign/vec4 v0x5f943973c470_0, 0;
    %jmp T_3.6;
T_3.4 ;
    %load/vec4 v0x5f943973c550_0;
    %parti/s 1, 19, 6;
    %replicate 21;
    %load/vec4 v0x5f943973c550_0;
    %concat/vec4; draw_concat_vec4
    %concati/vec4 0, 0, 1;
    %pad/u 32;
    %assign/vec4 v0x5f943973c470_0, 0;
    %jmp T_3.6;
T_3.6 ;
    %pop/vec4 1;
    %jmp T_3;
    .thread T_3, $push;
    .scope S_0x5f94396972e0;
T_4 ;
    %wait E_0x5f943973d110;
    %load/vec4 v0x5f943973f490_0;
    %flag_set/vec4 8;
    %jmp/0xz  T_4.0, 8;
    %pushi/vec4 1, 0, 32;
    %store/vec4 v0x5f943973f130_0, 0, 32;
T_4.2 ;
    %load/vec4 v0x5f943973f130_0;
    %cmpi/s 32, 0, 32;
    %jmp/0xz T_4.3, 5;
    %pushi/vec4 0, 0, 32;
    %ix/getv/s 3, v0x5f943973f130_0;
    %ix/load 4, 0, 0; Constant delay
    %assign/vec4/a/d v0x5f943973f3d0, 0, 4;
    %load/vec4 v0x5f943973f130_0;
    %addi 1, 0, 32;
    %store/vec4 v0x5f943973f130_0, 0, 32;
    %jmp T_4.2;
T_4.3 ;
    %jmp T_4.1;
T_4.0 ;
    %load/vec4 v0x5f943973da50_0;
    %flag_set/vec4 8;
    %jmp/0xz  T_4.4, 8;
    %load/vec4 v0x5f943973d790_0;
    %cmpi/ne 0, 0, 5;
    %jmp/0xz  T_4.6, 4;
    %load/vec4 v0x5f943973db10_0;
    %load/vec4 v0x5f943973d790_0;
    %pad/u 7;
    %ix/vec4 3;
    %ix/load 4, 0, 0; Constant delay
    %assign/vec4/a/d v0x5f943973f3d0, 0, 4;
T_4.6 ;
T_4.4 ;
T_4.1 ;
    %jmp T_4;
    .thread T_4;
    .scope S_0x5f943973f670;
T_5 ;
    %wait E_0x5f943973f920;
    %load/vec4 v0x5f943973fad0_0;
    %dup/vec4;
    %pushi/vec4 1, 0, 5;
    %cmp/u;
    %jmp/1 T_5.0, 6;
    %dup/vec4;
    %pushi/vec4 3, 0, 5;
    %cmp/u;
    %jmp/1 T_5.1, 6;
    %dup/vec4;
    %pushi/vec4 4, 0, 5;
    %cmp/u;
    %jmp/1 T_5.2, 6;
    %dup/vec4;
    %pushi/vec4 5, 0, 5;
    %cmp/u;
    %jmp/1 T_5.3, 6;
    %dup/vec4;
    %pushi/vec4 6, 0, 5;
    %cmp/u;
    %jmp/1 T_5.4, 6;
    %dup/vec4;
    %pushi/vec4 7, 0, 5;
    %cmp/u;
    %jmp/1 T_5.5, 6;
    %dup/vec4;
    %pushi/vec4 8, 0, 5;
    %cmp/u;
    %jmp/1 T_5.6, 6;
    %dup/vec4;
    %pushi/vec4 9, 0, 5;
    %cmp/u;
    %jmp/1 T_5.7, 6;
    %dup/vec4;
    %pushi/vec4 10, 0, 5;
    %cmp/u;
    %jmp/1 T_5.8, 6;
    %dup/vec4;
    %pushi/vec4 11, 0, 5;
    %cmp/u;
    %jmp/1 T_5.9, 6;
    %dup/vec4;
    %pushi/vec4 12, 0, 5;
    %cmp/u;
    %jmp/1 T_5.10, 6;
    %dup/vec4;
    %pushi/vec4 13, 0, 5;
    %cmp/u;
    %jmp/1 T_5.11, 6;
    %dup/vec4;
    %pushi/vec4 14, 0, 5;
    %cmp/u;
    %jmp/1 T_5.12, 6;
    %dup/vec4;
    %pushi/vec4 15, 0, 5;
    %cmp/u;
    %jmp/1 T_5.13, 6;
    %dup/vec4;
    %pushi/vec4 16, 0, 5;
    %cmp/u;
    %jmp/1 T_5.14, 6;
    %dup/vec4;
    %pushi/vec4 17, 0, 5;
    %cmp/u;
    %jmp/1 T_5.15, 6;
    %load/vec4 v0x5f943973f9a0_0;
    %store/vec4 v0x5f943973fc70_0, 0, 32;
    %jmp T_5.17;
T_5.0 ;
    %load/vec4 v0x5f943973fbb0_0;
    %store/vec4 v0x5f943973fc70_0, 0, 32;
    %jmp T_5.17;
T_5.1 ;
    %load/vec4 v0x5f943973f9a0_0;
    %load/vec4 v0x5f943973fbb0_0;
    %add;
    %store/vec4 v0x5f943973fc70_0, 0, 32;
    %jmp T_5.17;
T_5.2 ;
    %load/vec4 v0x5f943973f9a0_0;
    %load/vec4 v0x5f943973fbb0_0;
    %sub;
    %store/vec4 v0x5f943973fc70_0, 0, 32;
    %jmp T_5.17;
T_5.3 ;
    %load/vec4 v0x5f943973f9a0_0;
    %load/vec4 v0x5f943973fbb0_0;
    %cmp/ne;
    %flag_get/vec4 4;
    %pad/u 32;
    %store/vec4 v0x5f943973fc70_0, 0, 32;
    %jmp T_5.17;
T_5.4 ;
    %load/vec4 v0x5f943973f9a0_0;
    %load/vec4 v0x5f943973fbb0_0;
    %cmp/s;
    %flag_get/vec4 5;
    %pad/u 32;
    %store/vec4 v0x5f943973fc70_0, 0, 32;
    %jmp T_5.17;
T_5.5 ;
    %load/vec4 v0x5f943973fbb0_0;
    %load/vec4 v0x5f943973f9a0_0;
    %cmp/s;
    %flag_get/vec4 4;
    %flag_get/vec4 5;
    %or;
    %pad/u 32;
    %store/vec4 v0x5f943973fc70_0, 0, 32;
    %jmp T_5.17;
T_5.6 ;
    %load/vec4 v0x5f943973f9a0_0;
    %load/vec4 v0x5f943973fbb0_0;
    %cmp/u;
    %flag_get/vec4 5;
    %pad/u 32;
    %store/vec4 v0x5f943973fc70_0, 0, 32;
    %jmp T_5.17;
T_5.7 ;
    %load/vec4 v0x5f943973fbb0_0;
    %load/vec4 v0x5f943973f9a0_0;
    %cmp/u;
    %flag_get/vec4 4;
    %flag_get/vec4 5;
    %or;
    %pad/u 32;
    %store/vec4 v0x5f943973fc70_0, 0, 32;
    %jmp T_5.17;
T_5.8 ;
    %load/vec4 v0x5f943973f9a0_0;
    %load/vec4 v0x5f943973fbb0_0;
    %cmp/s;
    %flag_mov 8, 5;
    %jmp/0 T_5.18, 8;
    %pushi/vec4 1, 0, 32;
    %jmp/1 T_5.19, 8;
T_5.18 ; End of true expr.
    %pushi/vec4 0, 0, 32;
    %jmp/0 T_5.19, 8;
 ; End of false expr.
    %blend;
T_5.19;
    %store/vec4 v0x5f943973fc70_0, 0, 32;
    %jmp T_5.17;
T_5.9 ;
    %load/vec4 v0x5f943973f9a0_0;
    %load/vec4 v0x5f943973fbb0_0;
    %cmp/u;
    %flag_mov 8, 5;
    %jmp/0 T_5.20, 8;
    %pushi/vec4 1, 0, 32;
    %jmp/1 T_5.21, 8;
T_5.20 ; End of true expr.
    %pushi/vec4 0, 0, 32;
    %jmp/0 T_5.21, 8;
 ; End of false expr.
    %blend;
T_5.21;
    %store/vec4 v0x5f943973fc70_0, 0, 32;
    %jmp T_5.17;
T_5.10 ;
    %load/vec4 v0x5f943973f9a0_0;
    %load/vec4 v0x5f943973fbb0_0;
    %xor;
    %store/vec4 v0x5f943973fc70_0, 0, 32;
    %jmp T_5.17;
T_5.11 ;
    %load/vec4 v0x5f943973f9a0_0;
    %load/vec4 v0x5f943973fbb0_0;
    %or;
    %store/vec4 v0x5f943973fc70_0, 0, 32;
    %jmp T_5.17;
T_5.12 ;
    %load/vec4 v0x5f943973f9a0_0;
    %load/vec4 v0x5f943973fbb0_0;
    %and;
    %store/vec4 v0x5f943973fc70_0, 0, 32;
    %jmp T_5.17;
T_5.13 ;
    %load/vec4 v0x5f943973f9a0_0;
    %load/vec4 v0x5f943973fbb0_0;
    %parti/s 5, 0, 2;
    %ix/vec4 4;
    %shiftl 4;
    %store/vec4 v0x5f943973fc70_0, 0, 32;
    %jmp T_5.17;
T_5.14 ;
    %load/vec4 v0x5f943973f9a0_0;
    %load/vec4 v0x5f943973fbb0_0;
    %parti/s 5, 0, 2;
    %ix/vec4 4;
    %shiftr 4;
    %store/vec4 v0x5f943973fc70_0, 0, 32;
    %jmp T_5.17;
T_5.15 ;
    %load/vec4 v0x5f943973f9a0_0;
    %load/vec4 v0x5f943973fbb0_0;
    %parti/s 5, 0, 2;
    %ix/vec4 4;
    %shiftr/s 4;
    %store/vec4 v0x5f943973fc70_0, 0, 32;
    %jmp T_5.17;
T_5.17 ;
    %pop/vec4 1;
    %jmp T_5;
    .thread T_5, $push;
    .scope S_0x5f9439693ab0;
T_6 ;
    %wait E_0x5f943968eb10;
    %load/vec4 v0x5f9439742bb0_0;
    %dup/vec4;
    %pushi/vec4 0, 0, 2;
    %cmp/u;
    %jmp/1 T_6.0, 6;
    %dup/vec4;
    %pushi/vec4 1, 0, 2;
    %cmp/u;
    %jmp/1 T_6.1, 6;
    %dup/vec4;
    %pushi/vec4 2, 0, 2;
    %cmp/u;
    %jmp/1 T_6.2, 6;
    %load/vec4 v0x5f94397435e0_0;
    %assign/vec4 v0x5f9439742b10_0, 0;
    %jmp T_6.4;
T_6.0 ;
    %load/vec4 v0x5f94397435e0_0;
    %assign/vec4 v0x5f9439742b10_0, 0;
    %jmp T_6.4;
T_6.1 ;
    %load/vec4 v0x5f9439741e70_0;
    %assign/vec4 v0x5f9439742b10_0, 0;
    %jmp T_6.4;
T_6.2 ;
    %load/vec4 v0x5f94397426a0_0;
    %addi 4, 0, 32;
    %assign/vec4 v0x5f9439742b10_0, 0;
    %jmp T_6.4;
T_6.4 ;
    %pop/vec4 1;
    %jmp T_6;
    .thread T_6, $push;
    .scope S_0x5f94396a0090;
T_7 ;
    %wait E_0x5f94396c14d0;
    %load/vec4 v0x5f94396c4510_0;
    %flag_set/vec4 8;
    %jmp/0xz  T_7.0, 8;
    %load/vec4 v0x5f9439703820_0;
    %load/vec4 v0x5f9439712a90_0;
    %parti/s 7, 2, 3;
    %pad/u 9;
    %ix/vec4 3;
    %ix/load 4, 0, 0; Constant delay
    %assign/vec4/a/d v0x5f9439712b30, 0, 4;
T_7.0 ;
    %jmp T_7;
    .thread T_7;
    .scope S_0x5f94396a0090;
T_8 ;
    %wait E_0x5f94396c07d0;
    %load/vec4 v0x5f9439712a90_0;
    %parti/s 7, 2, 3;
    %pad/u 9;
    %ix/vec4 4;
    %load/vec4a v0x5f9439712b30, 4;
    %assign/vec4 v0x5f943973bee0_0, 0;
    %jmp T_8;
    .thread T_8, $push;
    .scope S_0x5f9439716d40;
T_9 ;
    %vpi_func 2 17 "$value$plusargs" 32, "VCD=%s", v0x5f9439745a30_0 {0 0 0};
    %nor/r;
    %flag_set/vec4 8;
    %jmp/0xz  T_9.0, 8;
    %pushi/vec4 0, 0, 32; draw_string_vec4
    %pushi/vec4 0, 0, 32; draw_string_vec4
    %concat/vec4; draw_string_vec4
    %pushi/vec4 0, 0, 32; draw_string_vec4
    %concat/vec4; draw_string_vec4
    %pushi/vec4 0, 0, 32; draw_string_vec4
    %concat/vec4; draw_string_vec4
    %pushi/vec4 0, 0, 32; draw_string_vec4
    %concat/vec4; draw_string_vec4
    %pushi/vec4 0, 0, 32; draw_string_vec4
    %concat/vec4; draw_string_vec4
    %pushi/vec4 0, 0, 32; draw_string_vec4
    %concat/vec4; draw_string_vec4
    %pushi/vec4 0, 0, 32; draw_string_vec4
    %concat/vec4; draw_string_vec4
    %pushi/vec4 0, 0, 32; draw_string_vec4
    %concat/vec4; draw_string_vec4
    %pushi/vec4 0, 0, 32; draw_string_vec4
    %concat/vec4; draw_string_vec4
    %pushi/vec4 0, 0, 32; draw_string_vec4
    %concat/vec4; draw_string_vec4
    %pushi/vec4 0, 0, 32; draw_string_vec4
    %concat/vec4; draw_string_vec4
    %pushi/vec4 0, 0, 32; draw_string_vec4
    %concat/vec4; draw_string_vec4
    %pushi/vec4 0, 0, 32; draw_string_vec4
    %concat/vec4; draw_string_vec4
    %pushi/vec4 0, 0, 32; draw_string_vec4
    %concat/vec4; draw_string_vec4
    %pushi/vec4 0, 0, 32; draw_string_vec4
    %concat/vec4; draw_string_vec4
    %pushi/vec4 0, 0, 32; draw_string_vec4
    %concat/vec4; draw_string_vec4
    %pushi/vec4 0, 0, 32; draw_string_vec4
    %concat/vec4; draw_string_vec4
    %pushi/vec4 0, 0, 32; draw_string_vec4
    %concat/vec4; draw_string_vec4
    %pushi/vec4 0, 0, 32; draw_string_vec4
    %concat/vec4; draw_string_vec4
    %pushi/vec4 0, 0, 32; draw_string_vec4
    %concat/vec4; draw_string_vec4
    %pushi/vec4 0, 0, 32; draw_string_vec4
    %concat/vec4; draw_string_vec4
    %pushi/vec4 0, 0, 32; draw_string_vec4
    %concat/vec4; draw_string_vec4
    %pushi/vec4 0, 0, 32; draw_string_vec4
    %concat/vec4; draw_string_vec4
    %pushi/vec4 0, 0, 32; draw_string_vec4
    %concat/vec4; draw_string_vec4
    %pushi/vec4 0, 0, 32; draw_string_vec4
    %concat/vec4; draw_string_vec4
    %pushi/vec4 0, 0, 32; draw_string_vec4
    %concat/vec4; draw_string_vec4
    %pushi/vec4 115, 0, 32; draw_string_vec4
    %concat/vec4; draw_string_vec4
    %pushi/vec4 1667196521, 0, 32; draw_string_vec4
    %concat/vec4; draw_string_vec4
    %pushi/vec4 1851878495, 0, 32; draw_string_vec4
    %concat/vec4; draw_string_vec4
    %pushi/vec4 2002876005, 0, 32; draw_string_vec4
    %concat/vec4; draw_string_vec4
    %pushi/vec4 779510628, 0, 32; draw_string_vec4
    %concat/vec4; draw_string_vec4
    %store/vec4 v0x5f9439745a30_0, 0, 1024;
T_9.0 ;
    %vpi_call 2 20 "$dumpfile", v0x5f9439745a30_0 {0 0 0};
    %vpi_call 2 21 "$dumpvars", 32'sb00000000000000000000000000000000, S_0x5f9439716d40 {0 0 0};
    %vpi_func 2 23 "$value$plusargs" 32, "IMEM=%s", v0x5f94397456e0_0 {0 0 0};
    %nor/r;
    %flag_set/vec4 8;
    %jmp/0xz  T_9.2, 8;
    %vpi_call 2 24 "$display", "[ERROR] missing +IMEM=<path>" {0 0 0};
    %vpi_call 2 25 "$finish" {0 0 0};
T_9.2 ;
    %vpi_func 2 27 "$value$plusargs" 32, "CYCLES=%d", v0x5f9439745540_0 {0 0 0};
    %nor/r;
    %flag_set/vec4 8;
    %jmp/0xz  T_9.4, 8;
    %pushi/vec4 120, 0, 32;
    %store/vec4 v0x5f9439745540_0, 0, 32;
T_9.4 ;
    %vpi_call 2 31 "$readmemh", v0x5f94397456e0_0, v0x5f9439744610 {0 0 0};
    %pushi/vec4 0, 0, 32;
    %store/vec4 v0x5f9439745620_0, 0, 32;
T_9.6 ;
    %load/vec4 v0x5f9439745620_0;
    %cmpi/s 128, 0, 32;
    %jmp/0xz T_9.7, 5;
    %pushi/vec4 0, 0, 32;
    %ix/getv/s 4, v0x5f9439745620_0;
    %store/vec4a v0x5f9439712b30, 4, 0;
    %load/vec4 v0x5f9439745620_0;
    %addi 1, 0, 32;
    %store/vec4 v0x5f9439745620_0, 0, 32;
    %jmp T_9.6;
T_9.7 ;
    %pushi/vec4 1, 0, 1;
    %store/vec4 v0x5f9439745480_0, 0, 1;
    %pushi/vec4 1, 0, 1;
    %store/vec4 v0x5f9439745990_0, 0, 1;
    %pushi/vec4 0, 0, 5;
    %store/vec4 v0x5f94397458d0_0, 0, 5;
    %delay 10, 0;
    %pushi/vec4 0, 0, 1;
    %store/vec4 v0x5f9439745990_0, 0, 1;
    %load/vec4 v0x5f9439745540_0;
T_9.8 %dup/vec4;
    %pushi/vec4 0, 0, 32;
    %cmp/s;
    %jmp/1xz T_9.9, 5;
    %jmp/1 T_9.9, 4;
    %pushi/vec4 1, 0, 32;
    %sub;
    %wait E_0x5f94396c14d0;
    %jmp T_9.8;
T_9.9 ;
    %pop/vec4 1;
    %vpi_call 2 44 "$display", "[SNAPSHOT] registers" {0 0 0};
    %vpi_call 2 45 "$display", "[REG] x0=00000000" {0 0 0};
    %pushi/vec4 1, 0, 32;
    %store/vec4 v0x5f9439745620_0, 0, 32;
T_9.10 ;
    %load/vec4 v0x5f9439745620_0;
    %cmpi/s 32, 0, 32;
    %jmp/0xz T_9.11, 5;
    %vpi_call 2 47 "$display", "[REG] x%0d=%08x", v0x5f9439745620_0, &A<v0x5f943973f3d0, v0x5f9439745620_0 > {0 0 0};
    %load/vec4 v0x5f9439745620_0;
    %addi 1, 0, 32;
    %store/vec4 v0x5f9439745620_0, 0, 32;
    %jmp T_9.10;
T_9.11 ;
    %vpi_call 2 50 "$display", "[SNAPSHOT] memory" {0 0 0};
    %pushi/vec4 0, 0, 32;
    %store/vec4 v0x5f9439745620_0, 0, 32;
T_9.12 ;
    %load/vec4 v0x5f9439745620_0;
    %cmpi/s 64, 0, 32;
    %jmp/0xz T_9.13, 5;
    %vpi_call 2 52 "$display", "[MEM] m%0d=%08x", v0x5f9439745620_0, &A<v0x5f9439712b30, v0x5f9439745620_0 > {0 0 0};
    %load/vec4 v0x5f9439745620_0;
    %addi 1, 0, 32;
    %store/vec4 v0x5f9439745620_0, 0, 32;
    %jmp T_9.12;
T_9.13 ;
    %vpi_call 2 55 "$display", "[VCD] %0s", v0x5f9439745a30_0 {0 0 0};
    %vpi_call 2 56 "$finish" {0 0 0};
    %end;
    .thread T_9;
    .scope S_0x5f9439716d40;
T_10 ;
    %delay 5, 0;
    %load/vec4 v0x5f9439745480_0;
    %inv;
    %store/vec4 v0x5f9439745480_0, 0, 1;
    %jmp T_10;
    .thread T_10;
# The file index is used to find the file name in the following table.
:file_names 13;
    "N/A";
    "<interactive>";
    "sc_final_wave_tb.v";
    "sccomp.v";
    "dm.v";
    "SCCPU.v";
    "EXT.v";
    "NPC.v";
    "PC.v";
    "RF.v";
    "alu.v";
    "ctrl.v";
    "im.v";
