VCD info: dumpfile sc_final_test30.vcd opened for output.
WARNING: sc_final_wave_tb.v:31: $readmemh: Standard inconsistency, following 1364-2005.
WARNING: sc_final_wave_tb.v:31: $readmemh(../CODExp/testcode/task/Test_30_Instr.dat): Not enough words in the file for the requested range [0:127].
[SNAPSHOT] registers
[REG] x0=00000000
[REG] x1=000000cc
[REG] x2=00000000
[REG] x3=00000000
[REG] x4=00000001
[REG] x5=98763dcc
[REG] x6=98765000
[REG] x7=00001236
[REG] x8=98764c00
[REG] x9=0000000c
[REG] x10=00000772
[REG] x11=00000000
[REG] x12=00000000
[REG] x13=00000000
[REG] x14=00000000
[REG] x15=00000000
[REG] x16=00000000
[REG] x17=00000000
[REG] x18=00000500
[REG] x19=98763dcc
[REG] x20=00000001
[REG] x21=98765001
[REG] x22=98766236
[REG] x23=00001236
[REG] x24=00000000
[REG] x25=98767236
[REG] x26=00000236
[REG] x27=3dcc0000
[REG] x28=098763dc
[REG] x29=f98763dc
[REG] x30=00000000
[REG] x31=00000000
[SNAPSHOT] memory
[MEM] m0=0000000c
[MEM] m1=98765001
[MEM] m2=00001236
[MEM] m3=00000762
[MEM] m4=00000772
[MEM] m5=00000000
[MEM] m6=00000000
[MEM] m7=00000000
[MEM] m8=00000000
[MEM] m9=00000000
[MEM] m10=00000000
[MEM] m11=00000000
[MEM] m12=00000000
[MEM] m13=00000000
[MEM] m14=00000000
[MEM] m15=00000000
[MEM] m16=00000000
[MEM] m17=00000000
[MEM] m18=00000000
[MEM] m19=00000000
[MEM] m20=00000000
[MEM] m21=00000000
[MEM] m22=00000000
[MEM] m23=00000000
[MEM] m24=00000000
[MEM] m25=00000000
[MEM] m26=00000000
[MEM] m27=00000000
[MEM] m28=00000000
[MEM] m29=00000000
[MEM] m30=00000000
[MEM] m31=00000000
[MEM] m32=00000000
[MEM] m33=00000000
[MEM] m34=00000000
[MEM] m35=00000000
[MEM] m36=00000000
[MEM] m37=00000000
[MEM] m38=00000000
[MEM] m39=00000000
[MEM] m40=00000000
[MEM] m41=00000000
[MEM] m42=00000000
[MEM] m43=00000000
[MEM] m44=00000000
[MEM] m45=00000000
[MEM] m46=00000000
[MEM] m47=00000000
[MEM] m48=00000000
[MEM] m49=00000000
[MEM] m50=00000000
[MEM] m51=00000000
[MEM] m52=00000000
[MEM] m53=00000000
[MEM] m54=00000000
[MEM] m55=00000000
[MEM] m56=00000000
[MEM] m57=00000000
[MEM] m58=00000000
[MEM] m59=00000000
[MEM] m60=00000000
[MEM] m61=00000000
[MEM] m62=00000000
[MEM] m63=00000000
[VCD] sc_final_test30.vcd
