#! /usr/bin/vvp
:ivl_version "11.0 (stable)";
:ivl_delay_selection "TYPICAL";
:vpi_time_precision - 9;
:vpi_module "/usr/lib/x86_64-linux-gnu/ivl/system.vpi";
:vpi_module "/usr/lib/x86_64-linux-gnu/ivl/vhdl_sys.vpi";
:vpi_module "/usr/lib/x86_64-linux-gnu/ivl/vhdl_textio.vpi";
:vpi_module "/usr/lib/x86_64-linux-gnu/ivl/v2005_math.vpi";
:vpi_module "/usr/lib/x86_64-linux-gnu/ivl/va_math.vpi";
S_0x5b99ec909790 .scope module, "mccomp_tb" "mccomp_tb" 2 3;
 .timescale -9 -9;
v0x5b99ec92d750_0 .var "clk", 0 0;
v0x5b99ec92d810_0 .var/i "errors", 31 0;
v0x5b99ec92d8f0_0 .var/i "i", 31 0;
v0x5b99ec92d9b0_0 .net "reg_data", 31 0, L_0x5b99ec941f10;  1 drivers
v0x5b99ec92da70_0 .var "reg_sel", 4 0;
v0x5b99ec92db30_0 .var "rstn", 0 0;
S_0x5b99ec8ec8e0 .scope module, "dut" "mccomp" 2 12, 3 1 0, S_0x5b99ec909790;
 .timescale -9 -9;
    .port_info 0 /INPUT 1 "clk";
    .port_info 1 /INPUT 1 "rstn";
    .port_info 2 /INPUT 5 "reg_sel";
    .port_info 3 /OUTPUT 32 "reg_data";
v0x5b99ec92cd40_0 .net "MemWrite", 0 0, L_0x5b99ec940b90;  1 drivers
v0x5b99ec92ce30_0 .net "PC", 31 0, v0x5b99ec92bae0_0;  1 drivers
v0x5b99ec92cef0_0 .net "clk", 0 0, v0x5b99ec92d750_0;  1 drivers
v0x5b99ec92cfc0_0 .net "dm_addr", 31 0, L_0x5b99ec905730;  1 drivers
v0x5b99ec92d0b0_0 .net "dm_din", 31 0, L_0x5b99ec940b20;  1 drivers
v0x5b99ec92d1f0_0 .net "dm_dout", 31 0, v0x5b99ec925700_0;  1 drivers
v0x5b99ec92d300_0 .net "instr", 31 0, L_0x5b99ec941c40;  1 drivers
v0x5b99ec92d410_0 .net "reg_data", 31 0, L_0x5b99ec941f10;  alias, 1 drivers
v0x5b99ec92d520_0 .net "reg_sel", 4 0, v0x5b99ec92da70_0;  1 drivers
v0x5b99ec92d5e0_0 .net "rstn", 0 0, v0x5b99ec92db30_0;  1 drivers
L_0x5b99ec9421d0 .part v0x5b99ec92bae0_0, 2, 30;
S_0x5b99ec8eccc0 .scope module, "U_DM" "dm" 3 26, 4 3 0, S_0x5b99ec8ec8e0;
 .timescale -9 -9;
    .port_info 0 /INPUT 1 "clk";
    .port_info 1 /INPUT 1 "DMWr";
    .port_info 2 /INPUT 32 "addr";
    .port_info 3 /INPUT 32 "din";
    .port_info 4 /OUTPUT 32 "dout";
v0x5b99ec8fa840_0 .net "DMWr", 0 0, L_0x5b99ec940b90;  alias, 1 drivers
v0x5b99ec8fa8e0_0 .net "addr", 31 0, L_0x5b99ec905730;  alias, 1 drivers
v0x5b99ec909380_0 .net "clk", 0 0, v0x5b99ec92d750_0;  alias, 1 drivers
v0x5b99ec909420_0 .net "din", 31 0, L_0x5b99ec940b20;  alias, 1 drivers
v0x5b99ec9245f0 .array "dmem", 0 127, 31 0;
v0x5b99ec925700_0 .var "dout", 31 0;
v0x5b99ec9245f0_0 .array/port v0x5b99ec9245f0, 0;
v0x5b99ec9245f0_1 .array/port v0x5b99ec9245f0, 1;
v0x5b99ec9245f0_2 .array/port v0x5b99ec9245f0, 2;
E_0x5b99ec8bb340/0 .event edge, v0x5b99ec8fa8e0_0, v0x5b99ec9245f0_0, v0x5b99ec9245f0_1, v0x5b99ec9245f0_2;
v0x5b99ec9245f0_3 .array/port v0x5b99ec9245f0, 3;
v0x5b99ec9245f0_4 .array/port v0x5b99ec9245f0, 4;
v0x5b99ec9245f0_5 .array/port v0x5b99ec9245f0, 5;
v0x5b99ec9245f0_6 .array/port v0x5b99ec9245f0, 6;
E_0x5b99ec8bb340/1 .event edge, v0x5b99ec9245f0_3, v0x5b99ec9245f0_4, v0x5b99ec9245f0_5, v0x5b99ec9245f0_6;
v0x5b99ec9245f0_7 .array/port v0x5b99ec9245f0, 7;
v0x5b99ec9245f0_8 .array/port v0x5b99ec9245f0, 8;
v0x5b99ec9245f0_9 .array/port v0x5b99ec9245f0, 9;
v0x5b99ec9245f0_10 .array/port v0x5b99ec9245f0, 10;
E_0x5b99ec8bb340/2 .event edge, v0x5b99ec9245f0_7, v0x5b99ec9245f0_8, v0x5b99ec9245f0_9, v0x5b99ec9245f0_10;
v0x5b99ec9245f0_11 .array/port v0x5b99ec9245f0, 11;
v0x5b99ec9245f0_12 .array/port v0x5b99ec9245f0, 12;
v0x5b99ec9245f0_13 .array/port v0x5b99ec9245f0, 13;
v0x5b99ec9245f0_14 .array/port v0x5b99ec9245f0, 14;
E_0x5b99ec8bb340/3 .event edge, v0x5b99ec9245f0_11, v0x5b99ec9245f0_12, v0x5b99ec9245f0_13, v0x5b99ec9245f0_14;
v0x5b99ec9245f0_15 .array/port v0x5b99ec9245f0, 15;
v0x5b99ec9245f0_16 .array/port v0x5b99ec9245f0, 16;
v0x5b99ec9245f0_17 .array/port v0x5b99ec9245f0, 17;
v0x5b99ec9245f0_18 .array/port v0x5b99ec9245f0, 18;
E_0x5b99ec8bb340/4 .event edge, v0x5b99ec9245f0_15, v0x5b99ec9245f0_16, v0x5b99ec9245f0_17, v0x5b99ec9245f0_18;
v0x5b99ec9245f0_19 .array/port v0x5b99ec9245f0, 19;
v0x5b99ec9245f0_20 .array/port v0x5b99ec9245f0, 20;
v0x5b99ec9245f0_21 .array/port v0x5b99ec9245f0, 21;
v0x5b99ec9245f0_22 .array/port v0x5b99ec9245f0, 22;
E_0x5b99ec8bb340/5 .event edge, v0x5b99ec9245f0_19, v0x5b99ec9245f0_20, v0x5b99ec9245f0_21, v0x5b99ec9245f0_22;
v0x5b99ec9245f0_23 .array/port v0x5b99ec9245f0, 23;
v0x5b99ec9245f0_24 .array/port v0x5b99ec9245f0, 24;
v0x5b99ec9245f0_25 .array/port v0x5b99ec9245f0, 25;
v0x5b99ec9245f0_26 .array/port v0x5b99ec9245f0, 26;
E_0x5b99ec8bb340/6 .event edge, v0x5b99ec9245f0_23, v0x5b99ec9245f0_24, v0x5b99ec9245f0_25, v0x5b99ec9245f0_26;
v0x5b99ec9245f0_27 .array/port v0x5b99ec9245f0, 27;
v0x5b99ec9245f0_28 .array/port v0x5b99ec9245f0, 28;
v0x5b99ec9245f0_29 .array/port v0x5b99ec9245f0, 29;
v0x5b99ec9245f0_30 .array/port v0x5b99ec9245f0, 30;
E_0x5b99ec8bb340/7 .event edge, v0x5b99ec9245f0_27, v0x5b99ec9245f0_28, v0x5b99ec9245f0_29, v0x5b99ec9245f0_30;
v0x5b99ec9245f0_31 .array/port v0x5b99ec9245f0, 31;
v0x5b99ec9245f0_32 .array/port v0x5b99ec9245f0, 32;
v0x5b99ec9245f0_33 .array/port v0x5b99ec9245f0, 33;
v0x5b99ec9245f0_34 .array/port v0x5b99ec9245f0, 34;
E_0x5b99ec8bb340/8 .event edge, v0x5b99ec9245f0_31, v0x5b99ec9245f0_32, v0x5b99ec9245f0_33, v0x5b99ec9245f0_34;
v0x5b99ec9245f0_35 .array/port v0x5b99ec9245f0, 35;
v0x5b99ec9245f0_36 .array/port v0x5b99ec9245f0, 36;
v0x5b99ec9245f0_37 .array/port v0x5b99ec9245f0, 37;
v0x5b99ec9245f0_38 .array/port v0x5b99ec9245f0, 38;
E_0x5b99ec8bb340/9 .event edge, v0x5b99ec9245f0_35, v0x5b99ec9245f0_36, v0x5b99ec9245f0_37, v0x5b99ec9245f0_38;
v0x5b99ec9245f0_39 .array/port v0x5b99ec9245f0, 39;
v0x5b99ec9245f0_40 .array/port v0x5b99ec9245f0, 40;
v0x5b99ec9245f0_41 .array/port v0x5b99ec9245f0, 41;
v0x5b99ec9245f0_42 .array/port v0x5b99ec9245f0, 42;
E_0x5b99ec8bb340/10 .event edge, v0x5b99ec9245f0_39, v0x5b99ec9245f0_40, v0x5b99ec9245f0_41, v0x5b99ec9245f0_42;
v0x5b99ec9245f0_43 .array/port v0x5b99ec9245f0, 43;
v0x5b99ec9245f0_44 .array/port v0x5b99ec9245f0, 44;
v0x5b99ec9245f0_45 .array/port v0x5b99ec9245f0, 45;
v0x5b99ec9245f0_46 .array/port v0x5b99ec9245f0, 46;
E_0x5b99ec8bb340/11 .event edge, v0x5b99ec9245f0_43, v0x5b99ec9245f0_44, v0x5b99ec9245f0_45, v0x5b99ec9245f0_46;
v0x5b99ec9245f0_47 .array/port v0x5b99ec9245f0, 47;
v0x5b99ec9245f0_48 .array/port v0x5b99ec9245f0, 48;
v0x5b99ec9245f0_49 .array/port v0x5b99ec9245f0, 49;
v0x5b99ec9245f0_50 .array/port v0x5b99ec9245f0, 50;
E_0x5b99ec8bb340/12 .event edge, v0x5b99ec9245f0_47, v0x5b99ec9245f0_48, v0x5b99ec9245f0_49, v0x5b99ec9245f0_50;
v0x5b99ec9245f0_51 .array/port v0x5b99ec9245f0, 51;
v0x5b99ec9245f0_52 .array/port v0x5b99ec9245f0, 52;
v0x5b99ec9245f0_53 .array/port v0x5b99ec9245f0, 53;
v0x5b99ec9245f0_54 .array/port v0x5b99ec9245f0, 54;
E_0x5b99ec8bb340/13 .event edge, v0x5b99ec9245f0_51, v0x5b99ec9245f0_52, v0x5b99ec9245f0_53, v0x5b99ec9245f0_54;
v0x5b99ec9245f0_55 .array/port v0x5b99ec9245f0, 55;
v0x5b99ec9245f0_56 .array/port v0x5b99ec9245f0, 56;
v0x5b99ec9245f0_57 .array/port v0x5b99ec9245f0, 57;
v0x5b99ec9245f0_58 .array/port v0x5b99ec9245f0, 58;
E_0x5b99ec8bb340/14 .event edge, v0x5b99ec9245f0_55, v0x5b99ec9245f0_56, v0x5b99ec9245f0_57, v0x5b99ec9245f0_58;
v0x5b99ec9245f0_59 .array/port v0x5b99ec9245f0, 59;
v0x5b99ec9245f0_60 .array/port v0x5b99ec9245f0, 60;
v0x5b99ec9245f0_61 .array/port v0x5b99ec9245f0, 61;
v0x5b99ec9245f0_62 .array/port v0x5b99ec9245f0, 62;
E_0x5b99ec8bb340/15 .event edge, v0x5b99ec9245f0_59, v0x5b99ec9245f0_60, v0x5b99ec9245f0_61, v0x5b99ec9245f0_62;
v0x5b99ec9245f0_63 .array/port v0x5b99ec9245f0, 63;
v0x5b99ec9245f0_64 .array/port v0x5b99ec9245f0, 64;
v0x5b99ec9245f0_65 .array/port v0x5b99ec9245f0, 65;
v0x5b99ec9245f0_66 .array/port v0x5b99ec9245f0, 66;
E_0x5b99ec8bb340/16 .event edge, v0x5b99ec9245f0_63, v0x5b99ec9245f0_64, v0x5b99ec9245f0_65, v0x5b99ec9245f0_66;
v0x5b99ec9245f0_67 .array/port v0x5b99ec9245f0, 67;
v0x5b99ec9245f0_68 .array/port v0x5b99ec9245f0, 68;
v0x5b99ec9245f0_69 .array/port v0x5b99ec9245f0, 69;
v0x5b99ec9245f0_70 .array/port v0x5b99ec9245f0, 70;
E_0x5b99ec8bb340/17 .event edge, v0x5b99ec9245f0_67, v0x5b99ec9245f0_68, v0x5b99ec9245f0_69, v0x5b99ec9245f0_70;
v0x5b99ec9245f0_71 .array/port v0x5b99ec9245f0, 71;
v0x5b99ec9245f0_72 .array/port v0x5b99ec9245f0, 72;
v0x5b99ec9245f0_73 .array/port v0x5b99ec9245f0, 73;
v0x5b99ec9245f0_74 .array/port v0x5b99ec9245f0, 74;
E_0x5b99ec8bb340/18 .event edge, v0x5b99ec9245f0_71, v0x5b99ec9245f0_72, v0x5b99ec9245f0_73, v0x5b99ec9245f0_74;
v0x5b99ec9245f0_75 .array/port v0x5b99ec9245f0, 75;
v0x5b99ec9245f0_76 .array/port v0x5b99ec9245f0, 76;
v0x5b99ec9245f0_77 .array/port v0x5b99ec9245f0, 77;
v0x5b99ec9245f0_78 .array/port v0x5b99ec9245f0, 78;
E_0x5b99ec8bb340/19 .event edge, v0x5b99ec9245f0_75, v0x5b99ec9245f0_76, v0x5b99ec9245f0_77, v0x5b99ec9245f0_78;
v0x5b99ec9245f0_79 .array/port v0x5b99ec9245f0, 79;
v0x5b99ec9245f0_80 .array/port v0x5b99ec9245f0, 80;
v0x5b99ec9245f0_81 .array/port v0x5b99ec9245f0, 81;
v0x5b99ec9245f0_82 .array/port v0x5b99ec9245f0, 82;
E_0x5b99ec8bb340/20 .event edge, v0x5b99ec9245f0_79, v0x5b99ec9245f0_80, v0x5b99ec9245f0_81, v0x5b99ec9245f0_82;
v0x5b99ec9245f0_83 .array/port v0x5b99ec9245f0, 83;
v0x5b99ec9245f0_84 .array/port v0x5b99ec9245f0, 84;
v0x5b99ec9245f0_85 .array/port v0x5b99ec9245f0, 85;
v0x5b99ec9245f0_86 .array/port v0x5b99ec9245f0, 86;
E_0x5b99ec8bb340/21 .event edge, v0x5b99ec9245f0_83, v0x5b99ec9245f0_84, v0x5b99ec9245f0_85, v0x5b99ec9245f0_86;
v0x5b99ec9245f0_87 .array/port v0x5b99ec9245f0, 87;
v0x5b99ec9245f0_88 .array/port v0x5b99ec9245f0, 88;
v0x5b99ec9245f0_89 .array/port v0x5b99ec9245f0, 89;
v0x5b99ec9245f0_90 .array/port v0x5b99ec9245f0, 90;
E_0x5b99ec8bb340/22 .event edge, v0x5b99ec9245f0_87, v0x5b99ec9245f0_88, v0x5b99ec9245f0_89, v0x5b99ec9245f0_90;
v0x5b99ec9245f0_91 .array/port v0x5b99ec9245f0, 91;
v0x5b99ec9245f0_92 .array/port v0x5b99ec9245f0, 92;
v0x5b99ec9245f0_93 .array/port v0x5b99ec9245f0, 93;
v0x5b99ec9245f0_94 .array/port v0x5b99ec9245f0, 94;
E_0x5b99ec8bb340/23 .event edge, v0x5b99ec9245f0_91, v0x5b99ec9245f0_92, v0x5b99ec9245f0_93, v0x5b99ec9245f0_94;
v0x5b99ec9245f0_95 .array/port v0x5b99ec9245f0, 95;
v0x5b99ec9245f0_96 .array/port v0x5b99ec9245f0, 96;
v0x5b99ec9245f0_97 .array/port v0x5b99ec9245f0, 97;
v0x5b99ec9245f0_98 .array/port v0x5b99ec9245f0, 98;
E_0x5b99ec8bb340/24 .event edge, v0x5b99ec9245f0_95, v0x5b99ec9245f0_96, v0x5b99ec9245f0_97, v0x5b99ec9245f0_98;
v0x5b99ec9245f0_99 .array/port v0x5b99ec9245f0, 99;
v0x5b99ec9245f0_100 .array/port v0x5b99ec9245f0, 100;
v0x5b99ec9245f0_101 .array/port v0x5b99ec9245f0, 101;
v0x5b99ec9245f0_102 .array/port v0x5b99ec9245f0, 102;
E_0x5b99ec8bb340/25 .event edge, v0x5b99ec9245f0_99, v0x5b99ec9245f0_100, v0x5b99ec9245f0_101, v0x5b99ec9245f0_102;
v0x5b99ec9245f0_103 .array/port v0x5b99ec9245f0, 103;
v0x5b99ec9245f0_104 .array/port v0x5b99ec9245f0, 104;
v0x5b99ec9245f0_105 .array/port v0x5b99ec9245f0, 105;
v0x5b99ec9245f0_106 .array/port v0x5b99ec9245f0, 106;
E_0x5b99ec8bb340/26 .event edge, v0x5b99ec9245f0_103, v0x5b99ec9245f0_104, v0x5b99ec9245f0_105, v0x5b99ec9245f0_106;
v0x5b99ec9245f0_107 .array/port v0x5b99ec9245f0, 107;
v0x5b99ec9245f0_108 .array/port v0x5b99ec9245f0, 108;
v0x5b99ec9245f0_109 .array/port v0x5b99ec9245f0, 109;
v0x5b99ec9245f0_110 .array/port v0x5b99ec9245f0, 110;
E_0x5b99ec8bb340/27 .event edge, v0x5b99ec9245f0_107, v0x5b99ec9245f0_108, v0x5b99ec9245f0_109, v0x5b99ec9245f0_110;
v0x5b99ec9245f0_111 .array/port v0x5b99ec9245f0, 111;
v0x5b99ec9245f0_112 .array/port v0x5b99ec9245f0, 112;
v0x5b99ec9245f0_113 .array/port v0x5b99ec9245f0, 113;
v0x5b99ec9245f0_114 .array/port v0x5b99ec9245f0, 114;
E_0x5b99ec8bb340/28 .event edge, v0x5b99ec9245f0_111, v0x5b99ec9245f0_112, v0x5b99ec9245f0_113, v0x5b99ec9245f0_114;
v0x5b99ec9245f0_115 .array/port v0x5b99ec9245f0, 115;
v0x5b99ec9245f0_116 .array/port v0x5b99ec9245f0, 116;
v0x5b99ec9245f0_117 .array/port v0x5b99ec9245f0, 117;
v0x5b99ec9245f0_118 .array/port v0x5b99ec9245f0, 118;
E_0x5b99ec8bb340/29 .event edge, v0x5b99ec9245f0_115, v0x5b99ec9245f0_116, v0x5b99ec9245f0_117, v0x5b99ec9245f0_118;
v0x5b99ec9245f0_119 .array/port v0x5b99ec9245f0, 119;
v0x5b99ec9245f0_120 .array/port v0x5b99ec9245f0, 120;
v0x5b99ec9245f0_121 .array/port v0x5b99ec9245f0, 121;
v0x5b99ec9245f0_122 .array/port v0x5b99ec9245f0, 122;
E_0x5b99ec8bb340/30 .event edge, v0x5b99ec9245f0_119, v0x5b99ec9245f0_120, v0x5b99ec9245f0_121, v0x5b99ec9245f0_122;
v0x5b99ec9245f0_123 .array/port v0x5b99ec9245f0, 123;
v0x5b99ec9245f0_124 .array/port v0x5b99ec9245f0, 124;
v0x5b99ec9245f0_125 .array/port v0x5b99ec9245f0, 125;
v0x5b99ec9245f0_126 .array/port v0x5b99ec9245f0, 126;
E_0x5b99ec8bb340/31 .event edge, v0x5b99ec9245f0_123, v0x5b99ec9245f0_124, v0x5b99ec9245f0_125, v0x5b99ec9245f0_126;
v0x5b99ec9245f0_127 .array/port v0x5b99ec9245f0, 127;
E_0x5b99ec8bb340/32 .event edge, v0x5b99ec9245f0_127;
E_0x5b99ec8bb340 .event/or E_0x5b99ec8bb340/0, E_0x5b99ec8bb340/1, E_0x5b99ec8bb340/2, E_0x5b99ec8bb340/3, E_0x5b99ec8bb340/4, E_0x5b99ec8bb340/5, E_0x5b99ec8bb340/6, E_0x5b99ec8bb340/7, E_0x5b99ec8bb340/8, E_0x5b99ec8bb340/9, E_0x5b99ec8bb340/10, E_0x5b99ec8bb340/11, E_0x5b99ec8bb340/12, E_0x5b99ec8bb340/13, E_0x5b99ec8bb340/14, E_0x5b99ec8bb340/15, E_0x5b99ec8bb340/16, E_0x5b99ec8bb340/17, E_0x5b99ec8bb340/18, E_0x5b99ec8bb340/19, E_0x5b99ec8bb340/20, E_0x5b99ec8bb340/21, E_0x5b99ec8bb340/22, E_0x5b99ec8bb340/23, E_0x5b99ec8bb340/24, E_0x5b99ec8bb340/25, E_0x5b99ec8bb340/26, E_0x5b99ec8bb340/27, E_0x5b99ec8bb340/28, E_0x5b99ec8bb340/29, E_0x5b99ec8bb340/30, E_0x5b99ec8bb340/31, E_0x5b99ec8bb340/32;
E_0x5b99ec8b5ff0 .event posedge, v0x5b99ec909380_0;
S_0x5b99ec8ed0a0 .scope module, "U_MCCPU" "MCCPU" 3 12, 5 3 0, S_0x5b99ec8ec8e0;
 .timescale -9 -9;
    .port_info 0 /INPUT 1 "clk";
    .port_info 1 /INPUT 1 "reset";
    .port_info 2 /INPUT 32 "inst_in";
    .port_info 3 /INPUT 32 "Data_in";
    .port_info 4 /OUTPUT 1 "mem_w";
    .port_info 5 /OUTPUT 32 "PC_out";
    .port_info 6 /OUTPUT 32 "Addr_out";
    .port_info 7 /OUTPUT 32 "Data_out";
    .port_info 8 /INPUT 5 "reg_sel";
    .port_info 9 /OUTPUT 32 "reg_data";
P_0x5b99ec9258f0 .param/l "S_DECODE" 1 5 20, C4<001>;
P_0x5b99ec925930 .param/l "S_EXEC" 1 5 21, C4<010>;
P_0x5b99ec925970 .param/l "S_FETCH" 1 5 19, C4<000>;
P_0x5b99ec9259b0 .param/l "S_MEM_RD" 1 5 22, C4<011>;
P_0x5b99ec9259f0 .param/l "S_MEM_WR" 1 5 23, C4<100>;
P_0x5b99ec925a30 .param/l "S_WB" 1 5 24, C4<101>;
L_0x5b99ec905730 .functor BUFZ 32, v0x5b99ec92ac50_0, C4<00000000000000000000000000000000>, C4<00000000000000000000000000000000>, C4<00000000000000000000000000000000>;
L_0x5b99ec940b20 .functor BUFZ 32, v0x5b99ec92c550_0, C4<00000000000000000000000000000000>, C4<00000000000000000000000000000000>, C4<00000000000000000000000000000000>;
v0x5b99ec9293b0_0 .net "Addr_out", 31 0, L_0x5b99ec905730;  alias, 1 drivers
v0x5b99ec929490_0 .net "Data_in", 31 0, v0x5b99ec925700_0;  alias, 1 drivers
v0x5b99ec929560_0 .net "Data_out", 31 0, L_0x5b99ec940b20;  alias, 1 drivers
v0x5b99ec929660_0 .net "PC_out", 31 0, v0x5b99ec92bae0_0;  alias, 1 drivers
v0x5b99ec929700_0 .net *"_ivl_13", 0 0, L_0x5b99ec92e100;  1 drivers
v0x5b99ec929830_0 .net *"_ivl_14", 19 0, L_0x5b99ec92e1a0;  1 drivers
v0x5b99ec929910_0 .net *"_ivl_17", 11 0, L_0x5b99ec92e630;  1 drivers
v0x5b99ec9299f0_0 .net *"_ivl_21", 0 0, L_0x5b99ec92e820;  1 drivers
v0x5b99ec929ad0_0 .net *"_ivl_22", 19 0, L_0x5b99ec92e8c0;  1 drivers
v0x5b99ec929bb0_0 .net *"_ivl_25", 6 0, L_0x5b99ec92eda0;  1 drivers
v0x5b99ec929c90_0 .net *"_ivl_27", 4 0, L_0x5b99ec92ee40;  1 drivers
v0x5b99ec929d70_0 .net *"_ivl_31", 0 0, L_0x5b99ec92f0a0;  1 drivers
v0x5b99ec929e50_0 .net *"_ivl_32", 18 0, L_0x5b99ec92f1d0;  1 drivers
v0x5b99ec929f30_0 .net *"_ivl_35", 0 0, L_0x5b99ec92f580;  1 drivers
v0x5b99ec92a010_0 .net *"_ivl_37", 0 0, L_0x5b99ec92f6c0;  1 drivers
v0x5b99ec92a0f0_0 .net *"_ivl_39", 5 0, L_0x5b99ec92f760;  1 drivers
v0x5b99ec92a1d0_0 .net *"_ivl_41", 3 0, L_0x5b99ec92f620;  1 drivers
L_0x70ca2be6f018 .functor BUFT 1, C4<0>, C4<0>, C4<0>, C4<0>;
v0x5b99ec92a2b0_0 .net/2u *"_ivl_42", 0 0, L_0x70ca2be6f018;  1 drivers
v0x5b99ec92a390_0 .net *"_ivl_47", 19 0, L_0x5b99ec92fe70;  1 drivers
L_0x70ca2be6f060 .functor BUFT 1, C4<000000000000>, C4<0>, C4<0>, C4<0>;
v0x5b99ec92a470_0 .net/2u *"_ivl_48", 11 0, L_0x70ca2be6f060;  1 drivers
v0x5b99ec92a550_0 .net *"_ivl_53", 0 0, L_0x5b99ec940130;  1 drivers
v0x5b99ec92a630_0 .net *"_ivl_54", 10 0, L_0x5b99ec9401d0;  1 drivers
v0x5b99ec92a710_0 .net *"_ivl_57", 0 0, L_0x5b99ec9403a0;  1 drivers
v0x5b99ec92a7f0_0 .net *"_ivl_59", 7 0, L_0x5b99ec940440;  1 drivers
v0x5b99ec92a8d0_0 .net *"_ivl_61", 0 0, L_0x5b99ec9405d0;  1 drivers
v0x5b99ec92a9b0_0 .net *"_ivl_63", 9 0, L_0x5b99ec940670;  1 drivers
L_0x70ca2be6f0a8 .functor BUFT 1, C4<0>, C4<0>, C4<0>, C4<0>;
v0x5b99ec92aa90_0 .net/2u *"_ivl_64", 0 0, L_0x70ca2be6f0a8;  1 drivers
L_0x70ca2be6f0f0 .functor BUFT 1, C4<100>, C4<0>, C4<0>, C4<0>;
v0x5b99ec92ab70_0 .net/2u *"_ivl_74", 2 0, L_0x70ca2be6f0f0;  1 drivers
v0x5b99ec92ac50_0 .var "addr_reg", 31 0;
v0x5b99ec92ad30_0 .var "aluout_reg", 31 0;
v0x5b99ec92ae10_0 .net "clk", 0 0, v0x5b99ec92d750_0;  alias, 1 drivers
v0x5b99ec92aeb0_0 .net "funct3", 2 0, L_0x5b99ec92dd60;  1 drivers
v0x5b99ec92af90_0 .net "funct7", 6 0, L_0x5b99ec92dc70;  1 drivers
v0x5b99ec92b280_0 .net "imm_b", 31 0, L_0x5b99ec92fb50;  1 drivers
v0x5b99ec92b360_0 .net "imm_i", 31 0, L_0x5b99ec92e6d0;  1 drivers
v0x5b99ec92b440_0 .net "imm_j", 31 0, L_0x5b99ec940870;  1 drivers
v0x5b99ec92b520_0 .net "imm_s", 31 0, L_0x5b99ec92ef60;  1 drivers
v0x5b99ec92b600_0 .net "imm_u", 31 0, L_0x5b99ec93ff20;  1 drivers
v0x5b99ec92b6e0_0 .net "inst_in", 31 0, L_0x5b99ec941c40;  alias, 1 drivers
v0x5b99ec92b7c0_0 .var "ir", 31 0;
v0x5b99ec92b8a0_0 .var "mdr", 31 0;
v0x5b99ec92b980_0 .net "mem_w", 0 0, L_0x5b99ec940b90;  alias, 1 drivers
v0x5b99ec92ba20_0 .net "op", 6 0, L_0x5b99ec92dbd0;  1 drivers
v0x5b99ec92bae0_0 .var "pc", 31 0;
v0x5b99ec92bbc0_0 .net "rd", 4 0, L_0x5b99ec92e020;  1 drivers
v0x5b99ec92bca0_0 .net "rd1", 31 0, L_0x5b99ec941200;  1 drivers
v0x5b99ec92bd60_0 .net "rd2", 31 0, L_0x5b99ec9417e0;  1 drivers
v0x5b99ec92be30_0 .var "rd_reg", 4 0;
v0x5b99ec92bf00_0 .net "reg_data", 31 0, L_0x5b99ec941f10;  alias, 1 drivers
v0x5b99ec92bfd0_0 .net "reg_sel", 4 0, v0x5b99ec92da70_0;  alias, 1 drivers
v0x5b99ec92c0a0_0 .net "reset", 0 0, v0x5b99ec92db30_0;  alias, 1 drivers
v0x5b99ec92c170_0 .var "rf_we_reg", 0 0;
v0x5b99ec92c240_0 .net "rs1", 4 0, L_0x5b99ec92de00;  1 drivers
v0x5b99ec92c310_0 .net "rs2", 4 0, L_0x5b99ec92df80;  1 drivers
v0x5b99ec92c3e0_0 .var "state", 2 0;
v0x5b99ec92c480_0 .var "wd_reg", 31 0;
v0x5b99ec92c550_0 .var "wdata_reg", 31 0;
L_0x5b99ec92dbd0 .part v0x5b99ec92b7c0_0, 0, 7;
L_0x5b99ec92dc70 .part v0x5b99ec92b7c0_0, 25, 7;
L_0x5b99ec92dd60 .part v0x5b99ec92b7c0_0, 12, 3;
L_0x5b99ec92de00 .part v0x5b99ec92b7c0_0, 15, 5;
L_0x5b99ec92df80 .part v0x5b99ec92b7c0_0, 20, 5;
L_0x5b99ec92e020 .part v0x5b99ec92b7c0_0, 7, 5;
L_0x5b99ec92e100 .part v0x5b99ec92b7c0_0, 31, 1;
LS_0x5b99ec92e1a0_0_0 .concat [ 1 1 1 1], L_0x5b99ec92e100, L_0x5b99ec92e100, L_0x5b99ec92e100, L_0x5b99ec92e100;
LS_0x5b99ec92e1a0_0_4 .concat [ 1 1 1 1], L_0x5b99ec92e100, L_0x5b99ec92e100, L_0x5b99ec92e100, L_0x5b99ec92e100;
LS_0x5b99ec92e1a0_0_8 .concat [ 1 1 1 1], L_0x5b99ec92e100, L_0x5b99ec92e100, L_0x5b99ec92e100, L_0x5b99ec92e100;
LS_0x5b99ec92e1a0_0_12 .concat [ 1 1 1 1], L_0x5b99ec92e100, L_0x5b99ec92e100, L_0x5b99ec92e100, L_0x5b99ec92e100;
LS_0x5b99ec92e1a0_0_16 .concat [ 1 1 1 1], L_0x5b99ec92e100, L_0x5b99ec92e100, L_0x5b99ec92e100, L_0x5b99ec92e100;
LS_0x5b99ec92e1a0_1_0 .concat [ 4 4 4 4], LS_0x5b99ec92e1a0_0_0, LS_0x5b99ec92e1a0_0_4, LS_0x5b99ec92e1a0_0_8, LS_0x5b99ec92e1a0_0_12;
LS_0x5b99ec92e1a0_1_4 .concat [ 4 0 0 0], LS_0x5b99ec92e1a0_0_16;
L_0x5b99ec92e1a0 .concat [ 16 4 0 0], LS_0x5b99ec92e1a0_1_0, LS_0x5b99ec92e1a0_1_4;
L_0x5b99ec92e630 .part v0x5b99ec92b7c0_0, 20, 12;
L_0x5b99ec92e6d0 .concat [ 12 20 0 0], L_0x5b99ec92e630, L_0x5b99ec92e1a0;
L_0x5b99ec92e820 .part v0x5b99ec92b7c0_0, 31, 1;
LS_0x5b99ec92e8c0_0_0 .concat [ 1 1 1 1], L_0x5b99ec92e820, L_0x5b99ec92e820, L_0x5b99ec92e820, L_0x5b99ec92e820;
LS_0x5b99ec92e8c0_0_4 .concat [ 1 1 1 1], L_0x5b99ec92e820, L_0x5b99ec92e820, L_0x5b99ec92e820, L_0x5b99ec92e820;
LS_0x5b99ec92e8c0_0_8 .concat [ 1 1 1 1], L_0x5b99ec92e820, L_0x5b99ec92e820, L_0x5b99ec92e820, L_0x5b99ec92e820;
LS_0x5b99ec92e8c0_0_12 .concat [ 1 1 1 1], L_0x5b99ec92e820, L_0x5b99ec92e820, L_0x5b99ec92e820, L_0x5b99ec92e820;
LS_0x5b99ec92e8c0_0_16 .concat [ 1 1 1 1], L_0x5b99ec92e820, L_0x5b99ec92e820, L_0x5b99ec92e820, L_0x5b99ec92e820;
LS_0x5b99ec92e8c0_1_0 .concat [ 4 4 4 4], LS_0x5b99ec92e8c0_0_0, LS_0x5b99ec92e8c0_0_4, LS_0x5b99ec92e8c0_0_8, LS_0x5b99ec92e8c0_0_12;
LS_0x5b99ec92e8c0_1_4 .concat [ 4 0 0 0], LS_0x5b99ec92e8c0_0_16;
L_0x5b99ec92e8c0 .concat [ 16 4 0 0], LS_0x5b99ec92e8c0_1_0, LS_0x5b99ec92e8c0_1_4;
L_0x5b99ec92eda0 .part v0x5b99ec92b7c0_0, 25, 7;
L_0x5b99ec92ee40 .part v0x5b99ec92b7c0_0, 7, 5;
L_0x5b99ec92ef60 .concat [ 5 7 20 0], L_0x5b99ec92ee40, L_0x5b99ec92eda0, L_0x5b99ec92e8c0;
L_0x5b99ec92f0a0 .part v0x5b99ec92b7c0_0, 31, 1;
LS_0x5b99ec92f1d0_0_0 .concat [ 1 1 1 1], L_0x5b99ec92f0a0, L_0x5b99ec92f0a0, L_0x5b99ec92f0a0, L_0x5b99ec92f0a0;
LS_0x5b99ec92f1d0_0_4 .concat [ 1 1 1 1], L_0x5b99ec92f0a0, L_0x5b99ec92f0a0, L_0x5b99ec92f0a0, L_0x5b99ec92f0a0;
LS_0x5b99ec92f1d0_0_8 .concat [ 1 1 1 1], L_0x5b99ec92f0a0, L_0x5b99ec92f0a0, L_0x5b99ec92f0a0, L_0x5b99ec92f0a0;
LS_0x5b99ec92f1d0_0_12 .concat [ 1 1 1 1], L_0x5b99ec92f0a0, L_0x5b99ec92f0a0, L_0x5b99ec92f0a0, L_0x5b99ec92f0a0;
LS_0x5b99ec92f1d0_0_16 .concat [ 1 1 1 0], L_0x5b99ec92f0a0, L_0x5b99ec92f0a0, L_0x5b99ec92f0a0;
LS_0x5b99ec92f1d0_1_0 .concat [ 4 4 4 4], LS_0x5b99ec92f1d0_0_0, LS_0x5b99ec92f1d0_0_4, LS_0x5b99ec92f1d0_0_8, LS_0x5b99ec92f1d0_0_12;
LS_0x5b99ec92f1d0_1_4 .concat [ 3 0 0 0], LS_0x5b99ec92f1d0_0_16;
L_0x5b99ec92f1d0 .concat [ 16 3 0 0], LS_0x5b99ec92f1d0_1_0, LS_0x5b99ec92f1d0_1_4;
L_0x5b99ec92f580 .part v0x5b99ec92b7c0_0, 31, 1;
L_0x5b99ec92f6c0 .part v0x5b99ec92b7c0_0, 7, 1;
L_0x5b99ec92f760 .part v0x5b99ec92b7c0_0, 25, 6;
L_0x5b99ec92f620 .part v0x5b99ec92b7c0_0, 8, 4;
LS_0x5b99ec92fb50_0_0 .concat [ 1 4 6 1], L_0x70ca2be6f018, L_0x5b99ec92f620, L_0x5b99ec92f760, L_0x5b99ec92f6c0;
LS_0x5b99ec92fb50_0_4 .concat [ 1 19 0 0], L_0x5b99ec92f580, L_0x5b99ec92f1d0;
L_0x5b99ec92fb50 .concat [ 12 20 0 0], LS_0x5b99ec92fb50_0_0, LS_0x5b99ec92fb50_0_4;
L_0x5b99ec92fe70 .part v0x5b99ec92b7c0_0, 12, 20;
L_0x5b99ec93ff20 .concat [ 12 20 0 0], L_0x70ca2be6f060, L_0x5b99ec92fe70;
L_0x5b99ec940130 .part v0x5b99ec92b7c0_0, 31, 1;
LS_0x5b99ec9401d0_0_0 .concat [ 1 1 1 1], L_0x5b99ec940130, L_0x5b99ec940130, L_0x5b99ec940130, L_0x5b99ec940130;
LS_0x5b99ec9401d0_0_4 .concat [ 1 1 1 1], L_0x5b99ec940130, L_0x5b99ec940130, L_0x5b99ec940130, L_0x5b99ec940130;
LS_0x5b99ec9401d0_0_8 .concat [ 1 1 1 0], L_0x5b99ec940130, L_0x5b99ec940130, L_0x5b99ec940130;
L_0x5b99ec9401d0 .concat [ 4 4 3 0], LS_0x5b99ec9401d0_0_0, LS_0x5b99ec9401d0_0_4, LS_0x5b99ec9401d0_0_8;
L_0x5b99ec9403a0 .part v0x5b99ec92b7c0_0, 31, 1;
L_0x5b99ec940440 .part v0x5b99ec92b7c0_0, 12, 8;
L_0x5b99ec9405d0 .part v0x5b99ec92b7c0_0, 20, 1;
L_0x5b99ec940670 .part v0x5b99ec92b7c0_0, 21, 10;
LS_0x5b99ec940870_0_0 .concat [ 1 10 1 8], L_0x70ca2be6f0a8, L_0x5b99ec940670, L_0x5b99ec9405d0, L_0x5b99ec940440;
LS_0x5b99ec940870_0_4 .concat [ 1 11 0 0], L_0x5b99ec9403a0, L_0x5b99ec9401d0;
L_0x5b99ec940870 .concat [ 20 12 0 0], LS_0x5b99ec940870_0_0, LS_0x5b99ec940870_0_4;
L_0x5b99ec940b90 .cmp/eq 3, v0x5b99ec92c3e0_0, L_0x70ca2be6f0f0;
S_0x5b99ec925e20 .scope module, "U_RF" "RF" 5 62, 6 1 0, S_0x5b99ec8ed0a0;
 .timescale -9 -9;
    .port_info 0 /INPUT 1 "clk";
    .port_info 1 /INPUT 1 "rst";
    .port_info 2 /INPUT 1 "RFWr";
    .port_info 3 /INPUT 5 "A1";
    .port_info 4 /INPUT 5 "A2";
    .port_info 5 /INPUT 5 "A3";
    .port_info 6 /INPUT 32 "WD";
    .port_info 7 /OUTPUT 32 "RD1";
    .port_info 8 /OUTPUT 32 "RD2";
    .port_info 9 /INPUT 5 "reg_sel";
    .port_info 10 /OUTPUT 32 "reg_data";
v0x5b99ec926040_0 .net "A1", 4 0, L_0x5b99ec92de00;  alias, 1 drivers
v0x5b99ec926140_0 .net "A2", 4 0, L_0x5b99ec92df80;  alias, 1 drivers
v0x5b99ec926220_0 .net "A3", 4 0, v0x5b99ec92be30_0;  1 drivers
v0x5b99ec9262e0_0 .net "RD1", 31 0, L_0x5b99ec941200;  alias, 1 drivers
v0x5b99ec9263c0_0 .net "RD2", 31 0, L_0x5b99ec9417e0;  alias, 1 drivers
v0x5b99ec9264f0_0 .net "RFWr", 0 0, v0x5b99ec92c170_0;  1 drivers
v0x5b99ec9265b0_0 .net "WD", 31 0, v0x5b99ec92c480_0;  1 drivers
v0x5b99ec926690_0 .net *"_ivl_0", 31 0, L_0x5b99ec940d90;  1 drivers
v0x5b99ec926770_0 .net *"_ivl_10", 6 0, L_0x5b99ec9410e0;  1 drivers
L_0x70ca2be6f1c8 .functor BUFT 1, C4<00>, C4<0>, C4<0>, C4<0>;
v0x5b99ec926850_0 .net *"_ivl_13", 1 0, L_0x70ca2be6f1c8;  1 drivers
L_0x70ca2be6f210 .functor BUFT 1, C4<00000000000000000000000000000000>, C4<0>, C4<0>, C4<0>;
v0x5b99ec926930_0 .net/2u *"_ivl_14", 31 0, L_0x70ca2be6f210;  1 drivers
v0x5b99ec926a10_0 .net *"_ivl_18", 31 0, L_0x5b99ec9413e0;  1 drivers
L_0x70ca2be6f258 .functor BUFT 1, C4<000000000000000000000000000>, C4<0>, C4<0>, C4<0>;
v0x5b99ec926af0_0 .net *"_ivl_21", 26 0, L_0x70ca2be6f258;  1 drivers
L_0x70ca2be6f2a0 .functor BUFT 1, C4<00000000000000000000000000000000>, C4<0>, C4<0>, C4<0>;
v0x5b99ec926bd0_0 .net/2u *"_ivl_22", 31 0, L_0x70ca2be6f2a0;  1 drivers
v0x5b99ec926cb0_0 .net *"_ivl_24", 0 0, L_0x5b99ec941510;  1 drivers
v0x5b99ec926d70_0 .net *"_ivl_26", 31 0, L_0x5b99ec941600;  1 drivers
v0x5b99ec926e50_0 .net *"_ivl_28", 6 0, L_0x5b99ec9416f0;  1 drivers
L_0x70ca2be6f138 .functor BUFT 1, C4<000000000000000000000000000>, C4<0>, C4<0>, C4<0>;
v0x5b99ec926f30_0 .net *"_ivl_3", 26 0, L_0x70ca2be6f138;  1 drivers
L_0x70ca2be6f2e8 .functor BUFT 1, C4<00>, C4<0>, C4<0>, C4<0>;
v0x5b99ec927010_0 .net *"_ivl_31", 1 0, L_0x70ca2be6f2e8;  1 drivers
L_0x70ca2be6f330 .functor BUFT 1, C4<00000000000000000000000000000000>, C4<0>, C4<0>, C4<0>;
v0x5b99ec9270f0_0 .net/2u *"_ivl_32", 31 0, L_0x70ca2be6f330;  1 drivers
v0x5b99ec9271d0_0 .net *"_ivl_36", 31 0, L_0x5b99ec9419d0;  1 drivers
L_0x70ca2be6f378 .functor BUFT 1, C4<000000000000000000000000000>, C4<0>, C4<0>, C4<0>;
v0x5b99ec9272b0_0 .net *"_ivl_39", 26 0, L_0x70ca2be6f378;  1 drivers
L_0x70ca2be6f180 .functor BUFT 1, C4<00000000000000000000000000000000>, C4<0>, C4<0>, C4<0>;
v0x5b99ec927390_0 .net/2u *"_ivl_4", 31 0, L_0x70ca2be6f180;  1 drivers
L_0x70ca2be6f3c0 .functor BUFT 1, C4<00000000000000000000000000000000>, C4<0>, C4<0>, C4<0>;
v0x5b99ec927470_0 .net/2u *"_ivl_40", 31 0, L_0x70ca2be6f3c0;  1 drivers
v0x5b99ec927550_0 .net *"_ivl_42", 0 0, L_0x5b99ec941b00;  1 drivers
v0x5b99ec927610_0 .net *"_ivl_44", 31 0, L_0x5b99ec941cb0;  1 drivers
v0x5b99ec9276f0_0 .net *"_ivl_46", 6 0, L_0x5b99ec941d50;  1 drivers
L_0x70ca2be6f408 .functor BUFT 1, C4<00>, C4<0>, C4<0>, C4<0>;
v0x5b99ec9277d0_0 .net *"_ivl_49", 1 0, L_0x70ca2be6f408;  1 drivers
L_0x70ca2be6f450 .functor BUFT 1, C4<00000000000000000000000000000000>, C4<0>, C4<0>, C4<0>;
v0x5b99ec9278b0_0 .net/2u *"_ivl_50", 31 0, L_0x70ca2be6f450;  1 drivers
v0x5b99ec927990_0 .net *"_ivl_6", 0 0, L_0x5b99ec940f00;  1 drivers
v0x5b99ec927a50_0 .net *"_ivl_8", 31 0, L_0x5b99ec941040;  1 drivers
v0x5b99ec927b30_0 .net "clk", 0 0, v0x5b99ec92d750_0;  alias, 1 drivers
v0x5b99ec927bd0_0 .var/i "i", 31 0;
v0x5b99ec927c90_0 .net "reg_data", 31 0, L_0x5b99ec941f10;  alias, 1 drivers
v0x5b99ec927d70_0 .net "reg_sel", 4 0, v0x5b99ec92da70_0;  alias, 1 drivers
v0x5b99ec927e50 .array "rf", 0 31, 31 0;
v0x5b99ec927f10_0 .net "rst", 0 0, v0x5b99ec92db30_0;  alias, 1 drivers
E_0x5b99ec894b10 .event posedge, v0x5b99ec927f10_0, v0x5b99ec909380_0;
L_0x5b99ec940d90 .concat [ 5 27 0 0], L_0x5b99ec92de00, L_0x70ca2be6f138;
L_0x5b99ec940f00 .cmp/ne 32, L_0x5b99ec940d90, L_0x70ca2be6f180;
L_0x5b99ec941040 .array/port v0x5b99ec927e50, L_0x5b99ec9410e0;
L_0x5b99ec9410e0 .concat [ 5 2 0 0], L_0x5b99ec92de00, L_0x70ca2be6f1c8;
L_0x5b99ec941200 .functor MUXZ 32, L_0x70ca2be6f210, L_0x5b99ec941040, L_0x5b99ec940f00, C4<>;
L_0x5b99ec9413e0 .concat [ 5 27 0 0], L_0x5b99ec92df80, L_0x70ca2be6f258;
L_0x5b99ec941510 .cmp/ne 32, L_0x5b99ec9413e0, L_0x70ca2be6f2a0;
L_0x5b99ec941600 .array/port v0x5b99ec927e50, L_0x5b99ec9416f0;
L_0x5b99ec9416f0 .concat [ 5 2 0 0], L_0x5b99ec92df80, L_0x70ca2be6f2e8;
L_0x5b99ec9417e0 .functor MUXZ 32, L_0x70ca2be6f330, L_0x5b99ec941600, L_0x5b99ec941510, C4<>;
L_0x5b99ec9419d0 .concat [ 5 27 0 0], v0x5b99ec92da70_0, L_0x70ca2be6f378;
L_0x5b99ec941b00 .cmp/ne 32, L_0x5b99ec9419d0, L_0x70ca2be6f3c0;
L_0x5b99ec941cb0 .array/port v0x5b99ec927e50, L_0x5b99ec941d50;
L_0x5b99ec941d50 .concat [ 5 2 0 0], v0x5b99ec92da70_0, L_0x70ca2be6f408;
L_0x5b99ec941f10 .functor MUXZ 32, L_0x70ca2be6f450, L_0x5b99ec941cb0, L_0x5b99ec941b00, C4<>;
S_0x5b99ec928190 .scope function.vec4.s1, "branch_taken" "branch_taken" 5 123, 5 123 0, S_0x5b99ec8ed0a0;
 .timescale -9 -9;
v0x5b99ec928340_0 .var "a", 31 0;
v0x5b99ec928420_0 .var "b", 31 0;
; Variable branch_taken is vec4 return value of scope S_0x5b99ec928190
v0x5b99ec9285a0_0 .var "f3", 2 0;
TD_mccomp_tb.dut.U_MCCPU.branch_taken ;
    %load/vec4 v0x5b99ec9285a0_0;
    %dup/vec4;
    %pushi/vec4 0, 0, 3;
    %cmp/u;
    %jmp/1 T_0.0, 6;
    %dup/vec4;
    %pushi/vec4 1, 0, 3;
    %cmp/u;
    %jmp/1 T_0.1, 6;
    %dup/vec4;
    %pushi/vec4 4, 0, 3;
    %cmp/u;
    %jmp/1 T_0.2, 6;
    %dup/vec4;
    %pushi/vec4 5, 0, 3;
    %cmp/u;
    %jmp/1 T_0.3, 6;
    %dup/vec4;
    %pushi/vec4 6, 0, 3;
    %cmp/u;
    %jmp/1 T_0.4, 6;
    %dup/vec4;
    %pushi/vec4 7, 0, 3;
    %cmp/u;
    %jmp/1 T_0.5, 6;
    %pushi/vec4 0, 0, 1;
    %ret/vec4 0, 0, 1;  Assign to branch_taken (store_vec4_to_lval)
    %jmp T_0.7;
T_0.0 ;
    %load/vec4 v0x5b99ec928340_0;
    %load/vec4 v0x5b99ec928420_0;
    %cmp/e;
    %flag_get/vec4 4;
    %ret/vec4 0, 0, 1;  Assign to branch_taken (store_vec4_to_lval)
    %jmp T_0.7;
T_0.1 ;
    %load/vec4 v0x5b99ec928340_0;
    %load/vec4 v0x5b99ec928420_0;
    %cmp/ne;
    %flag_get/vec4 4;
    %ret/vec4 0, 0, 1;  Assign to branch_taken (store_vec4_to_lval)
    %jmp T_0.7;
T_0.2 ;
    %load/vec4 v0x5b99ec928340_0;
    %load/vec4 v0x5b99ec928420_0;
    %cmp/s;
    %flag_get/vec4 5;
    %ret/vec4 0, 0, 1;  Assign to branch_taken (store_vec4_to_lval)
    %jmp T_0.7;
T_0.3 ;
    %load/vec4 v0x5b99ec928420_0;
    %load/vec4 v0x5b99ec928340_0;
    %cmp/s;
    %flag_get/vec4 4;
    %flag_get/vec4 5;
    %or;
    %ret/vec4 0, 0, 1;  Assign to branch_taken (store_vec4_to_lval)
    %jmp T_0.7;
T_0.4 ;
    %load/vec4 v0x5b99ec928340_0;
    %load/vec4 v0x5b99ec928420_0;
    %cmp/u;
    %flag_get/vec4 5;
    %ret/vec4 0, 0, 1;  Assign to branch_taken (store_vec4_to_lval)
    %jmp T_0.7;
T_0.5 ;
    %load/vec4 v0x5b99ec928420_0;
    %load/vec4 v0x5b99ec928340_0;
    %cmp/u;
    %flag_get/vec4 4;
    %flag_get/vec4 5;
    %or;
    %ret/vec4 0, 0, 1;  Assign to branch_taken (store_vec4_to_lval)
    %jmp T_0.7;
T_0.7 ;
    %pop/vec4 1;
    %end;
S_0x5b99ec928680 .scope function.vec4.s32, "itype_result" "itype_result" 5 100, 5 100 0, S_0x5b99ec8ed0a0;
 .timescale -9 -9;
v0x5b99ec928860_0 .var "a", 31 0;
v0x5b99ec928940_0 .var "f3", 2 0;
v0x5b99ec928a20_0 .var "f7", 6 0;
v0x5b99ec928b10_0 .var "imm", 31 0;
; Variable itype_result is vec4 return value of scope S_0x5b99ec928680
TD_mccomp_tb.dut.U_MCCPU.itype_result ;
    %load/vec4 v0x5b99ec928940_0;
    %dup/vec4;
    %pushi/vec4 0, 0, 3;
    %cmp/u;
    %jmp/1 T_1.8, 6;
    %dup/vec4;
    %pushi/vec4 2, 0, 3;
    %cmp/u;
    %jmp/1 T_1.9, 6;
    %dup/vec4;
    %pushi/vec4 3, 0, 3;
    %cmp/u;
    %jmp/1 T_1.10, 6;
    %dup/vec4;
    %pushi/vec4 4, 0, 3;
    %cmp/u;
    %jmp/1 T_1.11, 6;
    %dup/vec4;
    %pushi/vec4 6, 0, 3;
    %cmp/u;
    %jmp/1 T_1.12, 6;
    %dup/vec4;
    %pushi/vec4 7, 0, 3;
    %cmp/u;
    %jmp/1 T_1.13, 6;
    %dup/vec4;
    %pushi/vec4 1, 0, 3;
    %cmp/u;
    %jmp/1 T_1.14, 6;
    %dup/vec4;
    %pushi/vec4 5, 0, 3;
    %cmp/u;
    %jmp/1 T_1.15, 6;
    %pushi/vec4 0, 0, 32;
    %ret/vec4 0, 0, 32;  Assign to itype_result (store_vec4_to_lval)
    %jmp T_1.17;
T_1.8 ;
    %load/vec4 v0x5b99ec928860_0;
    %load/vec4 v0x5b99ec928b10_0;
    %add;
    %ret/vec4 0, 0, 32;  Assign to itype_result (store_vec4_to_lval)
    %jmp T_1.17;
T_1.9 ;
    %load/vec4 v0x5b99ec928860_0;
    %load/vec4 v0x5b99ec928b10_0;
    %cmp/s;
    %flag_mov 8, 5;
    %jmp/0 T_1.18, 8;
    %pushi/vec4 1, 0, 32;
    %jmp/1 T_1.19, 8;
T_1.18 ; End of true expr.
    %pushi/vec4 0, 0, 32;
    %jmp/0 T_1.19, 8;
 ; End of false expr.
    %blend;
T_1.19;
    %ret/vec4 0, 0, 32;  Assign to itype_result (store_vec4_to_lval)
    %jmp T_1.17;
T_1.10 ;
    %load/vec4 v0x5b99ec928860_0;
    %load/vec4 v0x5b99ec928b10_0;
    %cmp/u;
    %flag_mov 8, 5;
    %jmp/0 T_1.20, 8;
    %pushi/vec4 1, 0, 32;
    %jmp/1 T_1.21, 8;
T_1.20 ; End of true expr.
    %pushi/vec4 0, 0, 32;
    %jmp/0 T_1.21, 8;
 ; End of false expr.
    %blend;
T_1.21;
    %ret/vec4 0, 0, 32;  Assign to itype_result (store_vec4_to_lval)
    %jmp T_1.17;
T_1.11 ;
    %load/vec4 v0x5b99ec928860_0;
    %load/vec4 v0x5b99ec928b10_0;
    %xor;
    %ret/vec4 0, 0, 32;  Assign to itype_result (store_vec4_to_lval)
    %jmp T_1.17;
T_1.12 ;
    %load/vec4 v0x5b99ec928860_0;
    %load/vec4 v0x5b99ec928b10_0;
    %or;
    %ret/vec4 0, 0, 32;  Assign to itype_result (store_vec4_to_lval)
    %jmp T_1.17;
T_1.13 ;
    %load/vec4 v0x5b99ec928860_0;
    %load/vec4 v0x5b99ec928b10_0;
    %and;
    %ret/vec4 0, 0, 32;  Assign to itype_result (store_vec4_to_lval)
    %jmp T_1.17;
T_1.14 ;
    %load/vec4 v0x5b99ec928a20_0;
    %cmpi/e 0, 0, 7;
    %flag_mov 8, 4;
    %jmp/0 T_1.22, 8;
    %load/vec4 v0x5b99ec928860_0;
    %load/vec4 v0x5b99ec928b10_0;
    %parti/s 5, 0, 2;
    %ix/vec4 4;
    %shiftl 4;
    %jmp/1 T_1.23, 8;
T_1.22 ; End of true expr.
    %pushi/vec4 0, 0, 32;
    %jmp/0 T_1.23, 8;
 ; End of false expr.
    %blend;
T_1.23;
    %ret/vec4 0, 0, 32;  Assign to itype_result (store_vec4_to_lval)
    %jmp T_1.17;
T_1.15 ;
    %load/vec4 v0x5b99ec928a20_0;
    %cmpi/e 32, 0, 7;
    %flag_mov 8, 4;
    %jmp/0 T_1.24, 8;
    %load/vec4 v0x5b99ec928860_0;
    %load/vec4 v0x5b99ec928b10_0;
    %parti/s 5, 0, 2;
    %ix/vec4 4;
    %shiftr 4;
    %jmp/1 T_1.25, 8;
T_1.24 ; End of true expr.
    %load/vec4 v0x5b99ec928860_0;
    %load/vec4 v0x5b99ec928b10_0;
    %parti/s 5, 0, 2;
    %ix/vec4 4;
    %shiftr 4;
    %jmp/0 T_1.25, 8;
 ; End of false expr.
    %blend;
T_1.25;
    %ret/vec4 0, 0, 32;  Assign to itype_result (store_vec4_to_lval)
    %jmp T_1.17;
T_1.17 ;
    %pop/vec4 1;
    %end;
S_0x5b99ec928d20 .scope function.vec4.s32, "rtype_result" "rtype_result" 5 76, 5 76 0, S_0x5b99ec8ed0a0;
 .timescale -9 -9;
v0x5b99ec928f00_0 .var "a", 31 0;
v0x5b99ec929000_0 .var "b", 31 0;
v0x5b99ec9290e0_0 .var "f3", 2 0;
v0x5b99ec9291a0_0 .var "f7", 6 0;
; Variable rtype_result is vec4 return value of scope S_0x5b99ec928d20
TD_mccomp_tb.dut.U_MCCPU.rtype_result ;
    %load/vec4 v0x5b99ec9291a0_0;
    %load/vec4 v0x5b99ec9290e0_0;
    %concat/vec4; draw_concat_vec4
    %dup/vec4;
    %pushi/vec4 0, 0, 10;
    %cmp/u;
    %jmp/1 T_2.26, 6;
    %dup/vec4;
    %pushi/vec4 256, 0, 10;
    %cmp/u;
    %jmp/1 T_2.27, 6;
    %dup/vec4;
    %pushi/vec4 2, 0, 10;
    %cmp/u;
    %jmp/1 T_2.28, 6;
    %dup/vec4;
    %pushi/vec4 3, 0, 10;
    %cmp/u;
    %jmp/1 T_2.29, 6;
    %dup/vec4;
    %pushi/vec4 4, 0, 10;
    %cmp/u;
    %jmp/1 T_2.30, 6;
    %dup/vec4;
    %pushi/vec4 6, 0, 10;
    %cmp/u;
    %jmp/1 T_2.31, 6;
    %dup/vec4;
    %pushi/vec4 7, 0, 10;
    %cmp/u;
    %jmp/1 T_2.32, 6;
    %dup/vec4;
    %pushi/vec4 1, 0, 10;
    %cmp/u;
    %jmp/1 T_2.33, 6;
    %dup/vec4;
    %pushi/vec4 5, 0, 10;
    %cmp/u;
    %jmp/1 T_2.34, 6;
    %dup/vec4;
    %pushi/vec4 261, 0, 10;
    %cmp/u;
    %jmp/1 T_2.35, 6;
    %pushi/vec4 0, 0, 32;
    %ret/vec4 0, 0, 32;  Assign to rtype_result (store_vec4_to_lval)
    %jmp T_2.37;
T_2.26 ;
    %load/vec4 v0x5b99ec928f00_0;
    %load/vec4 v0x5b99ec929000_0;
    %add;
    %ret/vec4 0, 0, 32;  Assign to rtype_result (store_vec4_to_lval)
    %jmp T_2.37;
T_2.27 ;
    %load/vec4 v0x5b99ec928f00_0;
    %load/vec4 v0x5b99ec929000_0;
    %sub;
    %ret/vec4 0, 0, 32;  Assign to rtype_result (store_vec4_to_lval)
    %jmp T_2.37;
T_2.28 ;
    %load/vec4 v0x5b99ec928f00_0;
    %load/vec4 v0x5b99ec929000_0;
    %cmp/s;
    %flag_mov 8, 5;
    %jmp/0 T_2.38, 8;
    %pushi/vec4 1, 0, 32;
    %jmp/1 T_2.39, 8;
T_2.38 ; End of true expr.
    %pushi/vec4 0, 0, 32;
    %jmp/0 T_2.39, 8;
 ; End of false expr.
    %blend;
T_2.39;
    %ret/vec4 0, 0, 32;  Assign to rtype_result (store_vec4_to_lval)
    %jmp T_2.37;
T_2.29 ;
    %load/vec4 v0x5b99ec928f00_0;
    %load/vec4 v0x5b99ec929000_0;
    %cmp/u;
    %flag_mov 8, 5;
    %jmp/0 T_2.40, 8;
    %pushi/vec4 1, 0, 32;
    %jmp/1 T_2.41, 8;
T_2.40 ; End of true expr.
    %pushi/vec4 0, 0, 32;
    %jmp/0 T_2.41, 8;
 ; End of false expr.
    %blend;
T_2.41;
    %ret/vec4 0, 0, 32;  Assign to rtype_result (store_vec4_to_lval)
    %jmp T_2.37;
T_2.30 ;
    %load/vec4 v0x5b99ec928f00_0;
    %load/vec4 v0x5b99ec929000_0;
    %xor;
    %ret/vec4 0, 0, 32;  Assign to rtype_result (store_vec4_to_lval)
    %jmp T_2.37;
T_2.31 ;
    %load/vec4 v0x5b99ec928f00_0;
    %load/vec4 v0x5b99ec929000_0;
    %or;
    %ret/vec4 0, 0, 32;  Assign to rtype_result (store_vec4_to_lval)
    %jmp T_2.37;
T_2.32 ;
    %load/vec4 v0x5b99ec928f00_0;
    %load/vec4 v0x5b99ec929000_0;
    %and;
    %ret/vec4 0, 0, 32;  Assign to rtype_result (store_vec4_to_lval)
    %jmp T_2.37;
T_2.33 ;
    %load/vec4 v0x5b99ec928f00_0;
    %load/vec4 v0x5b99ec929000_0;
    %parti/s 5, 0, 2;
    %ix/vec4 4;
    %shiftl 4;
    %ret/vec4 0, 0, 32;  Assign to rtype_result (store_vec4_to_lval)
    %jmp T_2.37;
T_2.34 ;
    %load/vec4 v0x5b99ec928f00_0;
    %load/vec4 v0x5b99ec929000_0;
    %parti/s 5, 0, 2;
    %ix/vec4 4;
    %shiftr 4;
    %ret/vec4 0, 0, 32;  Assign to rtype_result (store_vec4_to_lval)
    %jmp T_2.37;
T_2.35 ;
    %load/vec4 v0x5b99ec928f00_0;
    %load/vec4 v0x5b99ec929000_0;
    %parti/s 5, 0, 2;
    %ix/vec4 4;
    %shiftr/s 4;
    %ret/vec4 0, 0, 32;  Assign to rtype_result (store_vec4_to_lval)
    %jmp T_2.37;
T_2.37 ;
    %pop/vec4 1;
    %end;
S_0x5b99ec92c750 .scope module, "U_imem" "im" 3 35, 7 2 0, S_0x5b99ec8ec8e0;
 .timescale -9 -9;
    .port_info 0 /INPUT 30 "addr";
    .port_info 1 /OUTPUT 32 "dout";
L_0x5b99ec941c40 .functor BUFZ 32, L_0x5b99ec9420e0, C4<00000000000000000000000000000000>, C4<00000000000000000000000000000000>, C4<00000000000000000000000000000000>;
v0x5b99ec92c960 .array "RAM", 0 127, 31 0;
v0x5b99ec92ca40_0 .net *"_ivl_0", 31 0, L_0x5b99ec9420e0;  1 drivers
v0x5b99ec92cb20_0 .net "addr", 31 2, L_0x5b99ec9421d0;  1 drivers
v0x5b99ec92cc10_0 .net "dout", 31 0, L_0x5b99ec941c40;  alias, 1 drivers
L_0x5b99ec9420e0 .array/port v0x5b99ec92c960, L_0x5b99ec9421d0;
    .scope S_0x5b99ec925e20;
T_3 ;
    %wait E_0x5b99ec894b10;
    %load/vec4 v0x5b99ec927f10_0;
    %flag_set/vec4 8;
    %jmp/0xz  T_3.0, 8;
    %pushi/vec4 1, 0, 32;
    %store/vec4 v0x5b99ec927bd0_0, 0, 32;
T_3.2 ;
    %load/vec4 v0x5b99ec927bd0_0;
    %cmpi/s 32, 0, 32;
    %jmp/0xz T_3.3, 5;
    %pushi/vec4 0, 0, 32;
    %ix/getv/s 3, v0x5b99ec927bd0_0;
    %ix/load 4, 0, 0; Constant delay
    %assign/vec4/a/d v0x5b99ec927e50, 0, 4;
    %load/vec4 v0x5b99ec927bd0_0;
    %addi 1, 0, 32;
    %store/vec4 v0x5b99ec927bd0_0, 0, 32;
    %jmp T_3.2;
T_3.3 ;
    %jmp T_3.1;
T_3.0 ;
    %load/vec4 v0x5b99ec9264f0_0;
    %flag_set/vec4 8;
    %jmp/0xz  T_3.4, 8;
    %load/vec4 v0x5b99ec926220_0;
    %cmpi/ne 0, 0, 5;
    %jmp/0xz  T_3.6, 4;
    %load/vec4 v0x5b99ec9265b0_0;
    %load/vec4 v0x5b99ec926220_0;
    %pad/u 7;
    %ix/vec4 3;
    %ix/load 4, 0, 0; Constant delay
    %assign/vec4/a/d v0x5b99ec927e50, 0, 4;
T_3.6 ;
T_3.4 ;
T_3.1 ;
    %jmp T_3;
    .thread T_3;
    .scope S_0x5b99ec8ed0a0;
T_4 ;
    %wait E_0x5b99ec894b10;
    %load/vec4 v0x5b99ec92c0a0_0;
    %flag_set/vec4 8;
    %jmp/0xz  T_4.0, 8;
    %pushi/vec4 0, 0, 3;
    %assign/vec4 v0x5b99ec92c3e0_0, 0;
    %pushi/vec4 0, 0, 32;
    %assign/vec4 v0x5b99ec92bae0_0, 0;
    %pushi/vec4 0, 0, 32;
    %assign/vec4 v0x5b99ec92b7c0_0, 0;
    %pushi/vec4 0, 0, 32;
    %assign/vec4 v0x5b99ec92ad30_0, 0;
    %pushi/vec4 0, 0, 32;
    %assign/vec4 v0x5b99ec92ac50_0, 0;
    %pushi/vec4 0, 0, 32;
    %assign/vec4 v0x5b99ec92c550_0, 0;
    %pushi/vec4 0, 0, 32;
    %assign/vec4 v0x5b99ec92b8a0_0, 0;
    %pushi/vec4 0, 0, 32;
    %assign/vec4 v0x5b99ec92c480_0, 0;
    %pushi/vec4 0, 0, 5;
    %assign/vec4 v0x5b99ec92be30_0, 0;
    %pushi/vec4 0, 0, 1;
    %assign/vec4 v0x5b99ec92c170_0, 0;
    %jmp T_4.1;
T_4.0 ;
    %pushi/vec4 0, 0, 1;
    %assign/vec4 v0x5b99ec92c170_0, 0;
    %load/vec4 v0x5b99ec92c3e0_0;
    %dup/vec4;
    %pushi/vec4 0, 0, 3;
    %cmp/u;
    %jmp/1 T_4.2, 6;
    %dup/vec4;
    %pushi/vec4 1, 0, 3;
    %cmp/u;
    %jmp/1 T_4.3, 6;
    %dup/vec4;
    %pushi/vec4 2, 0, 3;
    %cmp/u;
    %jmp/1 T_4.4, 6;
    %dup/vec4;
    %pushi/vec4 3, 0, 3;
    %cmp/u;
    %jmp/1 T_4.5, 6;
    %dup/vec4;
    %pushi/vec4 4, 0, 3;
    %cmp/u;
    %jmp/1 T_4.6, 6;
    %dup/vec4;
    %pushi/vec4 5, 0, 3;
    %cmp/u;
    %jmp/1 T_4.7, 6;
    %pushi/vec4 0, 0, 3;
    %assign/vec4 v0x5b99ec92c3e0_0, 0;
    %jmp T_4.9;
T_4.2 ;
    %load/vec4 v0x5b99ec92b6e0_0;
    %assign/vec4 v0x5b99ec92b7c0_0, 0;
    %load/vec4 v0x5b99ec92bae0_0;
    %addi 4, 0, 32;
    %assign/vec4 v0x5b99ec92bae0_0, 0;
    %pushi/vec4 1, 0, 3;
    %assign/vec4 v0x5b99ec92c3e0_0, 0;
    %jmp T_4.9;
T_4.3 ;
    %pushi/vec4 2, 0, 3;
    %assign/vec4 v0x5b99ec92c3e0_0, 0;
    %jmp T_4.9;
T_4.4 ;
    %load/vec4 v0x5b99ec92bbc0_0;
    %assign/vec4 v0x5b99ec92be30_0, 0;
    %load/vec4 v0x5b99ec92ba20_0;
    %dup/vec4;
    %pushi/vec4 51, 0, 7;
    %cmp/u;
    %jmp/1 T_4.10, 6;
    %dup/vec4;
    %pushi/vec4 19, 0, 7;
    %cmp/u;
    %jmp/1 T_4.11, 6;
    %dup/vec4;
    %pushi/vec4 55, 0, 7;
    %cmp/u;
    %jmp/1 T_4.12, 6;
    %dup/vec4;
    %pushi/vec4 3, 0, 7;
    %cmp/u;
    %jmp/1 T_4.13, 6;
    %dup/vec4;
    %pushi/vec4 35, 0, 7;
    %cmp/u;
    %jmp/1 T_4.14, 6;
    %dup/vec4;
    %pushi/vec4 99, 0, 7;
    %cmp/u;
    %jmp/1 T_4.15, 6;
    %dup/vec4;
    %pushi/vec4 111, 0, 7;
    %cmp/u;
    %jmp/1 T_4.16, 6;
    %dup/vec4;
    %pushi/vec4 103, 0, 7;
    %cmp/u;
    %jmp/1 T_4.17, 6;
    %pushi/vec4 0, 0, 3;
    %assign/vec4 v0x5b99ec92c3e0_0, 0;
    %jmp T_4.19;
T_4.10 ;
    %load/vec4 v0x5b99ec92bca0_0;
    %load/vec4 v0x5b99ec92bd60_0;
    %load/vec4 v0x5b99ec92af90_0;
    %load/vec4 v0x5b99ec92aeb0_0;
    %store/vec4 v0x5b99ec9290e0_0, 0, 3;
    %store/vec4 v0x5b99ec9291a0_0, 0, 7;
    %store/vec4 v0x5b99ec929000_0, 0, 32;
    %store/vec4 v0x5b99ec928f00_0, 0, 32;
    %callf/vec4 TD_mccomp_tb.dut.U_MCCPU.rtype_result, S_0x5b99ec928d20;
    %assign/vec4 v0x5b99ec92ad30_0, 0;
    %pushi/vec4 5, 0, 3;
    %assign/vec4 v0x5b99ec92c3e0_0, 0;
    %jmp T_4.19;
T_4.11 ;
    %load/vec4 v0x5b99ec92bca0_0;
    %load/vec4 v0x5b99ec92b360_0;
    %load/vec4 v0x5b99ec92af90_0;
    %load/vec4 v0x5b99ec92aeb0_0;
    %store/vec4 v0x5b99ec928940_0, 0, 3;
    %store/vec4 v0x5b99ec928a20_0, 0, 7;
    %store/vec4 v0x5b99ec928b10_0, 0, 32;
    %store/vec4 v0x5b99ec928860_0, 0, 32;
    %callf/vec4 TD_mccomp_tb.dut.U_MCCPU.itype_result, S_0x5b99ec928680;
    %assign/vec4 v0x5b99ec92ad30_0, 0;
    %pushi/vec4 5, 0, 3;
    %assign/vec4 v0x5b99ec92c3e0_0, 0;
    %jmp T_4.19;
T_4.12 ;
    %load/vec4 v0x5b99ec92b600_0;
    %assign/vec4 v0x5b99ec92ad30_0, 0;
    %pushi/vec4 5, 0, 3;
    %assign/vec4 v0x5b99ec92c3e0_0, 0;
    %jmp T_4.19;
T_4.13 ;
    %load/vec4 v0x5b99ec92bca0_0;
    %load/vec4 v0x5b99ec92b360_0;
    %add;
    %assign/vec4 v0x5b99ec92ac50_0, 0;
    %pushi/vec4 3, 0, 3;
    %assign/vec4 v0x5b99ec92c3e0_0, 0;
    %jmp T_4.19;
T_4.14 ;
    %load/vec4 v0x5b99ec92bca0_0;
    %load/vec4 v0x5b99ec92b520_0;
    %add;
    %assign/vec4 v0x5b99ec92ac50_0, 0;
    %load/vec4 v0x5b99ec92bd60_0;
    %assign/vec4 v0x5b99ec92c550_0, 0;
    %pushi/vec4 4, 0, 3;
    %assign/vec4 v0x5b99ec92c3e0_0, 0;
    %jmp T_4.19;
T_4.15 ;
    %load/vec4 v0x5b99ec92bca0_0;
    %load/vec4 v0x5b99ec92bd60_0;
    %load/vec4 v0x5b99ec92aeb0_0;
    %store/vec4 v0x5b99ec9285a0_0, 0, 3;
    %store/vec4 v0x5b99ec928420_0, 0, 32;
    %store/vec4 v0x5b99ec928340_0, 0, 32;
    %callf/vec4 TD_mccomp_tb.dut.U_MCCPU.branch_taken, S_0x5b99ec928190;
    %flag_set/vec4 8;
    %jmp/0xz  T_4.20, 8;
    %load/vec4 v0x5b99ec92bae0_0;
    %subi 4, 0, 32;
    %load/vec4 v0x5b99ec92b280_0;
    %add;
    %assign/vec4 v0x5b99ec92bae0_0, 0;
T_4.20 ;
    %pushi/vec4 0, 0, 3;
    %assign/vec4 v0x5b99ec92c3e0_0, 0;
    %jmp T_4.19;
T_4.16 ;
    %load/vec4 v0x5b99ec92bae0_0;
    %assign/vec4 v0x5b99ec92ad30_0, 0;
    %load/vec4 v0x5b99ec92bae0_0;
    %subi 4, 0, 32;
    %load/vec4 v0x5b99ec92b440_0;
    %add;
    %assign/vec4 v0x5b99ec92bae0_0, 0;
    %pushi/vec4 5, 0, 3;
    %assign/vec4 v0x5b99ec92c3e0_0, 0;
    %jmp T_4.19;
T_4.17 ;
    %load/vec4 v0x5b99ec92bae0_0;
    %assign/vec4 v0x5b99ec92ad30_0, 0;
    %load/vec4 v0x5b99ec92bca0_0;
    %load/vec4 v0x5b99ec92b360_0;
    %add;
    %pushi/vec4 4294967294, 0, 32;
    %and;
    %assign/vec4 v0x5b99ec92bae0_0, 0;
    %pushi/vec4 5, 0, 3;
    %assign/vec4 v0x5b99ec92c3e0_0, 0;
    %jmp T_4.19;
T_4.19 ;
    %pop/vec4 1;
    %jmp T_4.9;
T_4.5 ;
    %load/vec4 v0x5b99ec929490_0;
    %assign/vec4 v0x5b99ec92b8a0_0, 0;
    %pushi/vec4 5, 0, 3;
    %assign/vec4 v0x5b99ec92c3e0_0, 0;
    %jmp T_4.9;
T_4.6 ;
    %pushi/vec4 0, 0, 3;
    %assign/vec4 v0x5b99ec92c3e0_0, 0;
    %jmp T_4.9;
T_4.7 ;
    %load/vec4 v0x5b99ec92ba20_0;
    %cmpi/e 3, 0, 7;
    %flag_mov 8, 4;
    %jmp/0 T_4.22, 8;
    %load/vec4 v0x5b99ec92b8a0_0;
    %jmp/1 T_4.23, 8;
T_4.22 ; End of true expr.
    %load/vec4 v0x5b99ec92ad30_0;
    %jmp/0 T_4.23, 8;
 ; End of false expr.
    %blend;
T_4.23;
    %assign/vec4 v0x5b99ec92c480_0, 0;
    %pushi/vec4 1, 0, 1;
    %assign/vec4 v0x5b99ec92c170_0, 0;
    %pushi/vec4 0, 0, 3;
    %assign/vec4 v0x5b99ec92c3e0_0, 0;
    %jmp T_4.9;
T_4.9 ;
    %pop/vec4 1;
T_4.1 ;
    %jmp T_4;
    .thread T_4;
    .scope S_0x5b99ec8eccc0;
T_5 ;
    %wait E_0x5b99ec8b5ff0;
    %load/vec4 v0x5b99ec8fa840_0;
    %flag_set/vec4 8;
    %jmp/0xz  T_5.0, 8;
    %load/vec4 v0x5b99ec909420_0;
    %load/vec4 v0x5b99ec8fa8e0_0;
    %parti/s 7, 2, 3;
    %pad/u 9;
    %ix/vec4 3;
    %ix/load 4, 0, 0; Constant delay
    %assign/vec4/a/d v0x5b99ec9245f0, 0, 4;
T_5.0 ;
    %jmp T_5;
    .thread T_5;
    .scope S_0x5b99ec8eccc0;
T_6 ;
    %wait E_0x5b99ec8bb340;
    %load/vec4 v0x5b99ec8fa8e0_0;
    %parti/s 7, 2, 3;
    %pad/u 9;
    %ix/vec4 4;
    %load/vec4a v0x5b99ec9245f0, 4;
    %assign/vec4 v0x5b99ec925700_0, 0;
    %jmp T_6;
    .thread T_6, $push;
    .scope S_0x5b99ec909790;
T_7 ;
    %vpi_call 2 15 "$readmemh", "rv32_sid_sort_sim.dat", v0x5b99ec92c960, 32'sb00000000000000000000000000000000, 32'sb00000000000000000000000000110110 {0 0 0};
    %pushi/vec4 0, 0, 32;
    %store/vec4 v0x5b99ec92d8f0_0, 0, 32;
T_7.0 ;
    %load/vec4 v0x5b99ec92d8f0_0;
    %cmpi/s 128, 0, 32;
    %jmp/0xz T_7.1, 5;
    %pushi/vec4 0, 0, 32;
    %ix/getv/s 4, v0x5b99ec92d8f0_0;
    %store/vec4a v0x5b99ec9245f0, 4, 0;
    %load/vec4 v0x5b99ec92d8f0_0;
    %addi 1, 0, 32;
    %store/vec4 v0x5b99ec92d8f0_0, 0, 32;
    %jmp T_7.0;
T_7.1 ;
    %pushi/vec4 1, 0, 1;
    %store/vec4 v0x5b99ec92d750_0, 0, 1;
    %pushi/vec4 1, 0, 1;
    %store/vec4 v0x5b99ec92db30_0, 0, 1;
    %pushi/vec4 0, 0, 5;
    %store/vec4 v0x5b99ec92da70_0, 0, 5;
    %pushi/vec4 0, 0, 32;
    %store/vec4 v0x5b99ec92d810_0, 0, 32;
    %delay 10, 0;
    %pushi/vec4 0, 0, 1;
    %store/vec4 v0x5b99ec92db30_0, 0, 1;
    %end;
    .thread T_7;
    .scope S_0x5b99ec909790;
T_8 ;
    %delay 5, 0;
    %load/vec4 v0x5b99ec92d750_0;
    %inv;
    %store/vec4 v0x5b99ec92d750_0, 0, 1;
    %jmp T_8;
    .thread T_8;
    .scope S_0x5b99ec909790;
T_9 ;
    %vpi_call 2 33 "$dumpfile", "mccpu_sid_sort.vcd" {0 0 0};
    %vpi_call 2 34 "$dumpvars", 32'sb00000000000000000000000000000000, S_0x5b99ec909790 {0 0 0};
    %delay 25000, 0;
    %ix/load 4, 96, 0;
    %flag_set/imm 4, 0;
    %load/vec4a v0x5b99ec9245f0, 4;
    %cmpi/ne 1418147120, 0, 32;
    %jmp/0xz  T_9.0, 6;
    %vpi_call 2 39 "$display", "[FAIL] mem[0x180] expected original sid 0x54873530, got %h", &A<v0x5b99ec9245f0, 96> {0 0 0};
    %load/vec4 v0x5b99ec92d810_0;
    %addi 1, 0, 32;
    %store/vec4 v0x5b99ec92d810_0, 0, 32;
T_9.0 ;
    %ix/load 4, 97, 0;
    %flag_set/imm 4, 0;
    %load/vec4a v0x5b99ec9245f0, 4;
    %cmpi/ne 53761400, 0, 32;
    %jmp/0xz  T_9.2, 6;
    %vpi_call 2 43 "$display", "[FAIL] mem[0x184] expected sorted sid 0x03345578, got %h", &A<v0x5b99ec9245f0, 97> {0 0 0};
    %load/vec4 v0x5b99ec92d810_0;
    %addi 1, 0, 32;
    %store/vec4 v0x5b99ec92d810_0, 0, 32;
T_9.2 ;
    %ix/load 4, 1, 0;
    %flag_set/imm 4, 0;
    %load/vec4a v0x5b99ec927e50, 4;
    %cmpi/ne 4294901764, 0, 32;
    %jmp/0xz  T_9.4, 6;
    %vpi_call 2 47 "$display", "[FAIL] x1 expected 0xffff0004, got %h", &A<v0x5b99ec927e50, 1> {0 0 0};
    %load/vec4 v0x5b99ec92d810_0;
    %addi 1, 0, 32;
    %store/vec4 v0x5b99ec92d810_0, 0, 32;
T_9.4 ;
    %ix/load 4, 2, 0;
    %flag_set/imm 4, 0;
    %load/vec4a v0x5b99ec927e50, 4;
    %cmpi/ne 4294901772, 0, 32;
    %jmp/0xz  T_9.6, 6;
    %vpi_call 2 51 "$display", "[FAIL] x2 expected 0xffff000c, got %h", &A<v0x5b99ec927e50, 2> {0 0 0};
    %load/vec4 v0x5b99ec92d810_0;
    %addi 1, 0, 32;
    %store/vec4 v0x5b99ec92d810_0, 0, 32;
T_9.6 ;
    %ix/load 4, 5, 0;
    %flag_set/imm 4, 0;
    %load/vec4a v0x5b99ec927e50, 4;
    %cmpi/ne 256, 0, 32;
    %jmp/0xz  T_9.8, 6;
    %vpi_call 2 55 "$display", "[FAIL] x5 expected 0x00000100, got %h", &A<v0x5b99ec927e50, 5> {0 0 0};
    %load/vec4 v0x5b99ec92d810_0;
    %addi 1, 0, 32;
    %store/vec4 v0x5b99ec92d810_0, 0, 32;
T_9.8 ;
    %vpi_call 2 59 "$display", "[RESULT] original_sid=%h", &A<v0x5b99ec9245f0, 96> {0 0 0};
    %vpi_call 2 60 "$display", "[RESULT] sorted_sid=%h", &A<v0x5b99ec9245f0, 97> {0 0 0};
    %load/vec4 v0x5b99ec92d810_0;
    %cmpi/e 0, 0, 32;
    %jmp/0xz  T_9.10, 4;
    %vpi_call 2 63 "$display", "[PASS] lab-6 multi-cycle sid sorting simulation passed." {0 0 0};
    %jmp T_9.11;
T_9.10 ;
    %vpi_call 2 65 "$display", "[FAIL] lab-6 multi-cycle sid sorting simulation failed with %0d error(s).", v0x5b99ec92d810_0 {0 0 0};
T_9.11 ;
    %delay 20, 0;
    %vpi_call 2 68 "$finish" {0 0 0};
    %end;
    .thread T_9;
# The file index is used to find the file name in the following table.
:file_names 8;
    "N/A";
    "<interactive>";
    "mccomp_tb.v";
    "mccomp.v";
    "dm.v";
    "MCCPU.v";
    "RF.v";
    "im.v";
